<!DOCTYPE html PUBLIC "-//W3C//DTD XHTML 1.1//EN" "https://www.w3.org/TR/xhtml11/DTD/xhtml11.dtd">
<html xmlns="https://www.w3.org/1999/xhtml">
<head>
<meta http-equiv="content-type" content="text/html; charset=UTF-8"/>
<title>TestNG Report</title>
<style type="text/css">table {margin-bottom:10px;border-collapse:collapse;empty-cells:show}th,td {border:1px solid #009;padding:.25em .5em}th {vertical-align:bottom}td {vertical-align:top}table a {font-weight:bold}.stripe td {background-color: #E6EBF9}.num {text-align:right}.passedodd td {background-color: #3F3}.passedeven td {background-color: #0A0}.skippedodd td {background-color: #DDD}.skippedeven td {background-color: #CCC}.failedodd td,.attn {background-color: #F33}.failedeven td,.stripe .attn {background-color: #D00}.stacktrace {white-space:pre;font-family:monospace}.totop {font-size:85%;text-align:center;border-bottom:2px solid #000}.invisible {display:none}</style>
</head>
<body>
<table>
<tr><th>Test</th><th># Passed</th><th># Skipped</th><th># Retried</th><th># Failed</th><th>Time (ms)</th><th>Included Groups</th><th>Excluded Groups</th></tr>
<tr><th colspan="8">Default suite</th></tr>
<tr><td><a href="#t0">Default test</a></td><td class="num">50</td><td class="num">0</td><td class="num">0</td><td class="num attn">18</td><td class="num">150,394</td><td></td><td></td></tr>
</table>
<table id='summary'><thead><tr><th>Class</th><th>Method</th><th>Start</th><th>Time (ms)</th></tr></thead><tbody><tr><th colspan="4">Default suite</th></tr></tbody><tbody id="t0"><tr><th colspan="4">Default test &#8212; failed</th></tr><tr class="failedeven"><td rowspan="18">tests.TestScripts</td><td><a href="#m0">alertConsultDoctor</a></td><td rowspan="1">1751289547123</td><td rowspan="1">11085</td></tr><tr class="failedeven"><td><a href="#m1">alertNotInRange</a></td><td rowspan="1">1751289558319</td><td rowspan="1">55287</td></tr><tr class="failedeven"><td><a href="#m2">scoreCard</a></td><td rowspan="1">1751289613744</td><td rowspan="1">29111</td></tr><tr class="failedeven"><td><a href="#m3">validateAge</a></td><td rowspan="2">1751289516494</td><td rowspan="2">567</td></tr><tr class="failedeven"><td><a href="#m4">validateAge</a></td></tr><tr class="failedeven"><td><a href="#m5">validateDiastolic</a></td><td rowspan="3">1751289535430</td><td rowspan="3">1055</td></tr><tr class="failedeven"><td><a href="#m6">validateDiastolic</a></td></tr><tr class="failedeven"><td><a href="#m7">validateDiastolic</a></td></tr><tr class="failedeven"><td><a href="#m8">validateName</a></td><td rowspan="1">1751289510950</td><td rowspan="1">287</td></tr><tr class="failedeven"><td><a href="#m9">validateResetButton</a></td><td rowspan="1">1751289651270</td><td rowspan="1">778</td></tr><tr class="failedeven"><td><a href="#m10">validateScoresGenerated</a></td><td rowspan="6">1751289541543</td><td rowspan="6">498</td></tr><tr class="failedeven"><td><a href="#m11">validateScoresGenerated</a></td></tr><tr class="failedeven"><td><a href="#m12">validateScoresGenerated</a></td></tr><tr class="failedeven"><td><a href="#m13">validateScoresGenerated</a></td></tr><tr class="failedeven"><td><a href="#m14">validateScoresGenerated</a></td></tr><tr class="failedeven"><td><a href="#m15">validateScoresGenerated</a></td></tr><tr class="failedeven"><td><a href="#m16">validateSystolic</a></td><td rowspan="2">1751289527994</td><td rowspan="2">473</td></tr><tr class="failedeven"><td><a href="#m17">validateSystolic</a></td></tr><tr><th colspan="4">Default test &#8212; passed</th></tr><tr class="passedeven"><td rowspan="50">tests.TestScripts</td><td><a href="#m18">validateAge</a></td><td rowspan="5">1751289515890</td><td rowspan="5">599</td></tr><tr class="passedeven"><td><a href="#m19">validateAge</a></td></tr><tr class="passedeven"><td><a href="#m20">validateAge</a></td></tr><tr class="passedeven"><td><a href="#m21">validateAge</a></td></tr><tr class="passedeven"><td><a href="#m22">validateAge</a></td></tr><tr class="passedeven"><td><a href="#m23">validateCalculate</a></td><td rowspan="1">1751289536671</td><td rowspan="1">408</td></tr><tr class="passedeven"><td><a href="#m24">validateDiastolic</a></td><td rowspan="4">1751289530937</td><td rowspan="4">1055</td></tr><tr class="passedeven"><td><a href="#m25">validateDiastolic</a></td></tr><tr class="passedeven"><td><a href="#m26">validateDiastolic</a></td></tr><tr class="passedeven"><td><a href="#m27">validateDiastolic</a></td></tr><tr class="passedeven"><td><a href="#m28">validateHealthRemark</a></td><td rowspan="14">1751289650064</td><td rowspan="14">569</td></tr><tr class="passedeven"><td><a href="#m29">validateHealthRemark</a></td></tr><tr class="passedeven"><td><a href="#m30">validateHealthRemark</a></td></tr><tr class="passedeven"><td><a href="#m31">validateHealthRemark</a></td></tr><tr class="passedeven"><td><a href="#m32">validateHealthRemark</a></td></tr><tr class="passedeven"><td><a href="#m33">validateHealthRemark</a></td></tr><tr class="passedeven"><td><a href="#m34">validateHealthRemark</a></td></tr><tr class="passedeven"><td><a href="#m35">validateHealthRemark</a></td></tr><tr class="passedeven"><td><a href="#m36">validateHealthRemark</a></td></tr><tr class="passedeven"><td><a href="#m37">validateHealthRemark</a></td></tr><tr class="passedeven"><td><a href="#m38">validateHealthRemark</a></td></tr><tr class="passedeven"><td><a href="#m39">validateHealthRemark</a></td></tr><tr class="passedeven"><td><a href="#m40">validateHealthRemark</a></td></tr><tr class="passedeven"><td><a href="#m41">validateHealthRemark</a></td></tr><tr class="passedeven"><td><a href="#m42">validateName</a></td><td rowspan="6">1751289512037</td><td rowspan="6">246</td></tr><tr class="passedeven"><td><a href="#m43">validateName</a></td></tr><tr class="passedeven"><td><a href="#m44">validateName</a></td></tr><tr class="passedeven"><td><a href="#m45">validateName</a></td></tr><tr class="passedeven"><td><a href="#m46">validateName</a></td></tr><tr class="passedeven"><td><a href="#m47">validateName</a></td></tr><tr class="passedeven"><td><a href="#m48">validatePulse</a></td><td rowspan="7">1751289522356</td><td rowspan="7">888</td></tr><tr class="passedeven"><td><a href="#m49">validatePulse</a></td></tr><tr class="passedeven"><td><a href="#m50">validatePulse</a></td></tr><tr class="passedeven"><td><a href="#m51">validatePulse</a></td></tr><tr class="passedeven"><td><a href="#m52">validatePulse</a></td></tr><tr class="passedeven"><td><a href="#m53">validatePulse</a></td></tr><tr class="passedeven"><td><a href="#m54">validatePulse</a></td></tr><tr class="passedeven"><td><a href="#m55">validateScoresGenerated</a></td><td rowspan="8">1751289544367</td><td rowspan="8">657</td></tr><tr class="passedeven"><td><a href="#m56">validateScoresGenerated</a></td></tr><tr class="passedeven"><td><a href="#m57">validateScoresGenerated</a></td></tr><tr class="passedeven"><td><a href="#m58">validateScoresGenerated</a></td></tr><tr class="passedeven"><td><a href="#m59">validateScoresGenerated</a></td></tr><tr class="passedeven"><td><a href="#m60">validateScoresGenerated</a></td></tr><tr class="passedeven"><td><a href="#m61">validateScoresGenerated</a></td></tr><tr class="passedeven"><td><a href="#m62">validateScoresGenerated</a></td></tr><tr class="passedeven"><td><a href="#m63">validateSystolic</a></td><td rowspan="5">1751289524222</td><td rowspan="5">868</td></tr><tr class="passedeven"><td><a href="#m64">validateSystolic</a></td></tr><tr class="passedeven"><td><a href="#m65">validateSystolic</a></td></tr><tr class="passedeven"><td><a href="#m66">validateSystolic</a></td></tr><tr class="passedeven"><td><a href="#m67">validateSystolic</a></td></tr></tbody>
</table>
<h2>Default test</h2><h3 id="m0">tests.TestScripts#alertConsultDoctor</h3><table class="result"><tr><th>Exception</th></tr><tr><td><div class="stacktrace">java.lang.AssertionError: Systolic BP : 130  Diastolic BP : 70  Pulse BP :Below 40Alert not generated to consult a doctor
	at org.testng.Assert.fail(Assert.java:111)
	at pages.HomePage.consultDoctor(HomePage.java:234)
	at tests.TestScripts.alertConsultDoctor(TestScripts.java:133)
	at java.base/jdk.internal.reflect.DirectMethodHandleAccessor.invoke(DirectMethodHandleAccessor.java:103)
	at java.base/java.lang.reflect.Method.invoke(Method.java:580)
	at org.testng.internal.invokers.MethodInvocationHelper.invokeMethod(MethodInvocationHelper.java:141)
	at org.testng.internal.invokers.TestInvoker.invokeMethod(TestInvoker.java:687)
	at org.testng.internal.invokers.TestInvoker.invokeTestMethod(TestInvoker.java:230)
	at org.testng.internal.invokers.MethodRunner.runInSequence(MethodRunner.java:63)
	at org.testng.internal.invokers.TestInvoker$MethodInvocationAgent.invoke(TestInvoker.java:995)
	at org.testng.internal.invokers.TestInvoker.invokeTestMethods(TestInvoker.java:203)
	at org.testng.internal.invokers.TestMethodWorker.invokeTestMethods(TestMethodWorker.java:154)
	at org.testng.internal.invokers.TestMethodWorker.run(TestMethodWorker.java:134)
	at java.base/java.util.ArrayList.forEach(ArrayList.java:1596)
	at org.testng.TestRunner.privateRun(TestRunner.java:741)
	at org.testng.TestRunner.run(TestRunner.java:616)
	at org.testng.SuiteRunner.runTest(SuiteRunner.java:421)
	at org.testng.SuiteRunner.runSequentially(SuiteRunner.java:413)
	at org.testng.SuiteRunner.privateRun(SuiteRunner.java:373)
	at org.testng.SuiteRunner.run(SuiteRunner.java:312)
	at org.testng.SuiteRunnerWorker.runSuite(SuiteRunnerWorker.java:52)
	at org.testng.SuiteRunnerWorker.run(SuiteRunnerWorker.java:95)
	at org.testng.TestNG.runSuitesSequentially(TestNG.java:1274)
	at org.testng.TestNG.runSuitesLocally(TestNG.java:1208)
	at org.testng.TestNG.runSuites(TestNG.java:1112)
	at org.testng.TestNG.run(TestNG.java:1079)
	at org.testng.remote.AbstractRemoteTestNG.run(AbstractRemoteTestNG.java:115)
	at org.testng.remote.RemoteTestNG.initAndRun(RemoteTestNG.java:293)
	at org.testng.remote.RemoteTestNG.main(RemoteTestNG.java:91)
</div></td></tr></table><p class="totop"><a href="#summary">back to summary</a></p>
<h3 id="m1">tests.TestScripts#alertNotInRange</h3><table class="result"><tr><th>Exception</th></tr><tr><td><div class="stacktrace">java.lang.AssertionError: Systolic BP : 130  Diastolic BP : 69  Pulse BP :Below 40 Alert not generated for BP values not in range
	at org.testng.Assert.fail(Assert.java:111)
	at pages.HomePage.notInRange(HomePage.java:250)
	at tests.TestScripts.alertNotInRange(TestScripts.java:139)
	at java.base/jdk.internal.reflect.DirectMethodHandleAccessor.invoke(DirectMethodHandleAccessor.java:103)
	at java.base/java.lang.reflect.Method.invoke(Method.java:580)
	at org.testng.internal.invokers.MethodInvocationHelper.invokeMethod(MethodInvocationHelper.java:141)
	at org.testng.internal.invokers.TestInvoker.invokeMethod(TestInvoker.java:687)
	at org.testng.internal.invokers.TestInvoker.invokeTestMethod(TestInvoker.java:230)
	at org.testng.internal.invokers.MethodRunner.runInSequence(MethodRunner.java:63)
	at org.testng.internal.invokers.TestInvoker$MethodInvocationAgent.invoke(TestInvoker.java:995)
	at org.testng.internal.invokers.TestInvoker.invokeTestMethods(TestInvoker.java:203)
	at org.testng.internal.invokers.TestMethodWorker.invokeTestMethods(TestMethodWorker.java:154)
	at org.testng.internal.invokers.TestMethodWorker.run(TestMethodWorker.java:134)
	at java.base/java.util.ArrayList.forEach(ArrayList.java:1596)
	at org.testng.TestRunner.privateRun(TestRunner.java:741)
	at org.testng.TestRunner.run(TestRunner.java:616)
	at org.testng.SuiteRunner.runTest(SuiteRunner.java:421)
	at org.testng.SuiteRunner.runSequentially(SuiteRunner.java:413)
	at org.testng.SuiteRunner.privateRun(SuiteRunner.java:373)
	at org.testng.SuiteRunner.run(SuiteRunner.java:312)
	at org.testng.SuiteRunnerWorker.runSuite(SuiteRunnerWorker.java:52)
	at org.testng.SuiteRunnerWorker.run(SuiteRunnerWorker.java:95)
	at org.testng.TestNG.runSuitesSequentially(TestNG.java:1274)
	at org.testng.TestNG.runSuitesLocally(TestNG.java:1208)
	at org.testng.TestNG.runSuites(TestNG.java:1112)
	at org.testng.TestNG.run(TestNG.java:1079)
	at org.testng.remote.AbstractRemoteTestNG.run(AbstractRemoteTestNG.java:115)
	at org.testng.remote.RemoteTestNG.initAndRun(RemoteTestNG.java:293)
	at org.testng.remote.RemoteTestNG.main(RemoteTestNG.java:91)
</div></td></tr></table><p class="totop"><a href="#summary">back to summary</a></p>
<h3 id="m2">tests.TestScripts#scoreCard</h3><table class="result"><tr><th>Exception</th></tr><tr><td><div class="stacktrace">java.lang.AssertionError: Systolic BP : 130  Diastolic BP : 70  Pulse BP :50-59 BPM result not generated alert interrupted
	at org.testng.Assert.fail(Assert.java:111)
	at pages.HomePage.success(HomePage.java:270)
	at tests.TestScripts.scoreCard(TestScripts.java:146)
	at java.base/jdk.internal.reflect.DirectMethodHandleAccessor.invoke(DirectMethodHandleAccessor.java:103)
	at java.base/java.lang.reflect.Method.invoke(Method.java:580)
	at org.testng.internal.invokers.MethodInvocationHelper.invokeMethod(MethodInvocationHelper.java:141)
	at org.testng.internal.invokers.TestInvoker.invokeMethod(TestInvoker.java:687)
	at org.testng.internal.invokers.TestInvoker.invokeTestMethod(TestInvoker.java:230)
	at org.testng.internal.invokers.MethodRunner.runInSequence(MethodRunner.java:63)
	at org.testng.internal.invokers.TestInvoker$MethodInvocationAgent.invoke(TestInvoker.java:995)
	at org.testng.internal.invokers.TestInvoker.invokeTestMethods(TestInvoker.java:203)
	at org.testng.internal.invokers.TestMethodWorker.invokeTestMethods(TestMethodWorker.java:154)
	at org.testng.internal.invokers.TestMethodWorker.run(TestMethodWorker.java:134)
	at java.base/java.util.ArrayList.forEach(ArrayList.java:1596)
	at org.testng.TestRunner.privateRun(TestRunner.java:741)
	at org.testng.TestRunner.run(TestRunner.java:616)
	at org.testng.SuiteRunner.runTest(SuiteRunner.java:421)
	at org.testng.SuiteRunner.runSequentially(SuiteRunner.java:413)
	at org.testng.SuiteRunner.privateRun(SuiteRunner.java:373)
	at org.testng.SuiteRunner.run(SuiteRunner.java:312)
	at org.testng.SuiteRunnerWorker.runSuite(SuiteRunnerWorker.java:52)
	at org.testng.SuiteRunnerWorker.run(SuiteRunnerWorker.java:95)
	at org.testng.TestNG.runSuitesSequentially(TestNG.java:1274)
	at org.testng.TestNG.runSuitesLocally(TestNG.java:1208)
	at org.testng.TestNG.runSuites(TestNG.java:1112)
	at org.testng.TestNG.run(TestNG.java:1079)
	at org.testng.remote.AbstractRemoteTestNG.run(AbstractRemoteTestNG.java:115)
	at org.testng.remote.RemoteTestNG.initAndRun(RemoteTestNG.java:293)
	at org.testng.remote.RemoteTestNG.main(RemoteTestNG.java:91)
</div></td></tr></table><p class="totop"><a href="#summary">back to summary</a></p>
<h3 id="m3">tests.TestScripts#validateAge</h3><table class="result"><tr class="param"><th>Parameter #1</th></tr><tr class="param stripe"><td>[Thaniga, 9090, 75, 18.0, Above 100, 60-80 BPM, 131, 78, 86, 150, 5, 10, 7, 3, 73]</td></tr><tr><th>Exception</th></tr><tr><td><div class="stacktrace">java.lang.AssertionError: 18.0 Age needs to fails but pass. expected [false] but found [true]
	at org.testng.Assert.fail(Assert.java:111)
	at org.testng.Assert.failNotEquals(Assert.java:1590)
	at org.testng.Assert.assertFalse(Assert.java:79)
	at tests.TestScripts.validateAge(TestScripts.java:57)
	at java.base/jdk.internal.reflect.DirectMethodHandleAccessor.invoke(DirectMethodHandleAccessor.java:103)
	at java.base/java.lang.reflect.Method.invoke(Method.java:580)
	at org.testng.internal.invokers.MethodInvocationHelper.invokeMethod(MethodInvocationHelper.java:141)
	at org.testng.internal.invokers.TestInvoker.invokeMethod(TestInvoker.java:687)
	at org.testng.internal.invokers.TestInvoker.invokeTestMethod(TestInvoker.java:230)
	at org.testng.internal.invokers.MethodRunner.runInSequence(MethodRunner.java:63)
	at org.testng.internal.invokers.TestInvoker$MethodInvocationAgent.invoke(TestInvoker.java:995)
	at org.testng.internal.invokers.TestInvoker.invokeTestMethods(TestInvoker.java:203)
	at org.testng.internal.invokers.TestMethodWorker.invokeTestMethods(TestMethodWorker.java:154)
	at org.testng.internal.invokers.TestMethodWorker.run(TestMethodWorker.java:134)
	at java.base/java.util.ArrayList.forEach(ArrayList.java:1596)
	at org.testng.TestRunner.privateRun(TestRunner.java:741)
	at org.testng.TestRunner.run(TestRunner.java:616)
	at org.testng.SuiteRunner.runTest(SuiteRunner.java:421)
	at org.testng.SuiteRunner.runSequentially(SuiteRunner.java:413)
	at org.testng.SuiteRunner.privateRun(SuiteRunner.java:373)
	at org.testng.SuiteRunner.run(SuiteRunner.java:312)
	at org.testng.SuiteRunnerWorker.runSuite(SuiteRunnerWorker.java:52)
	at org.testng.SuiteRunnerWorker.run(SuiteRunnerWorker.java:95)
	at org.testng.TestNG.runSuitesSequentially(TestNG.java:1274)
	at org.testng.TestNG.runSuitesLocally(TestNG.java:1208)
	at org.testng.TestNG.runSuites(TestNG.java:1112)
	at org.testng.TestNG.run(TestNG.java:1079)
	at org.testng.remote.AbstractRemoteTestNG.run(AbstractRemoteTestNG.java:115)
	at org.testng.remote.RemoteTestNG.initAndRun(RemoteTestNG.java:293)
	at org.testng.remote.RemoteTestNG.main(RemoteTestNG.java:91)
</div></td></tr></table><p class="totop"><a href="#summary">back to summary</a></p>
<h3 id="m4">tests.TestScripts#validateAge</h3><table class="result"><tr class="param"><th>Parameter #1</th></tr><tr class="param stripe"><td>[bilal, *(@dha, 35, 1000, 50-59 BPM, 40-49 BPM, 90, 20, 60, 40, 10, 4, 7, 3, 70]</td></tr><tr><th>Exception</th></tr><tr><td><div class="stacktrace">java.lang.AssertionError: 1000 Age needs to fails but pass. expected [false] but found [true]
	at org.testng.Assert.fail(Assert.java:111)
	at org.testng.Assert.failNotEquals(Assert.java:1590)
	at org.testng.Assert.assertFalse(Assert.java:79)
	at tests.TestScripts.validateAge(TestScripts.java:57)
	at java.base/jdk.internal.reflect.DirectMethodHandleAccessor.invoke(DirectMethodHandleAccessor.java:103)
	at java.base/java.lang.reflect.Method.invoke(Method.java:580)
	at org.testng.internal.invokers.MethodInvocationHelper.invokeMethod(MethodInvocationHelper.java:141)
	at org.testng.internal.invokers.TestInvoker.invokeMethod(TestInvoker.java:687)
	at org.testng.internal.invokers.TestInvoker.invokeTestMethod(TestInvoker.java:230)
	at org.testng.internal.invokers.MethodRunner.runInSequence(MethodRunner.java:63)
	at org.testng.internal.invokers.TestInvoker$MethodInvocationAgent.invoke(TestInvoker.java:995)
	at org.testng.internal.invokers.TestInvoker.invokeTestMethods(TestInvoker.java:203)
	at org.testng.internal.invokers.TestMethodWorker.invokeTestMethods(TestMethodWorker.java:154)
	at org.testng.internal.invokers.TestMethodWorker.run(TestMethodWorker.java:134)
	at java.base/java.util.ArrayList.forEach(ArrayList.java:1596)
	at org.testng.TestRunner.privateRun(TestRunner.java:741)
	at org.testng.TestRunner.run(TestRunner.java:616)
	at org.testng.SuiteRunner.runTest(SuiteRunner.java:421)
	at org.testng.SuiteRunner.runSequentially(SuiteRunner.java:413)
	at org.testng.SuiteRunner.privateRun(SuiteRunner.java:373)
	at org.testng.SuiteRunner.run(SuiteRunner.java:312)
	at org.testng.SuiteRunnerWorker.runSuite(SuiteRunnerWorker.java:52)
	at org.testng.SuiteRunnerWorker.run(SuiteRunnerWorker.java:95)
	at org.testng.TestNG.runSuitesSequentially(TestNG.java:1274)
	at org.testng.TestNG.runSuitesLocally(TestNG.java:1208)
	at org.testng.TestNG.runSuites(TestNG.java:1112)
	at org.testng.TestNG.run(TestNG.java:1079)
	at org.testng.remote.AbstractRemoteTestNG.run(AbstractRemoteTestNG.java:115)
	at org.testng.remote.RemoteTestNG.initAndRun(RemoteTestNG.java:293)
	at org.testng.remote.RemoteTestNG.main(RemoteTestNG.java:91)
</div></td></tr></table><p class="totop"><a href="#summary">back to summary</a></p>
<h3 id="m5">tests.TestScripts#validateDiastolic</h3><table class="result"><tr class="param"><th>Parameter #1</th></tr><tr class="param stripe"><td>[Thaniga, 9090, 75, 18.0, Above 100, 60-80 BPM, 131, 78, 86, 150, 5, 10, 7, 3, 73]</td></tr><tr><th>Exception</th></tr><tr><td><div class="stacktrace">java.lang.AssertionError: 150 DiastolicBP needs to fails but pass. expected [false] but found [true]
	at org.testng.Assert.fail(Assert.java:111)
	at org.testng.Assert.failNotEquals(Assert.java:1590)
	at org.testng.Assert.assertFalse(Assert.java:79)
	at tests.TestScripts.validateDiastolic(TestScripts.java:77)
	at java.base/jdk.internal.reflect.DirectMethodHandleAccessor.invoke(DirectMethodHandleAccessor.java:103)
	at java.base/java.lang.reflect.Method.invoke(Method.java:580)
	at org.testng.internal.invokers.MethodInvocationHelper.invokeMethod(MethodInvocationHelper.java:141)
	at org.testng.internal.invokers.TestInvoker.invokeMethod(TestInvoker.java:687)
	at org.testng.internal.invokers.TestInvoker.invokeTestMethod(TestInvoker.java:230)
	at org.testng.internal.invokers.MethodRunner.runInSequence(MethodRunner.java:63)
	at org.testng.internal.invokers.TestInvoker$MethodInvocationAgent.invoke(TestInvoker.java:995)
	at org.testng.internal.invokers.TestInvoker.invokeTestMethods(TestInvoker.java:203)
	at org.testng.internal.invokers.TestMethodWorker.invokeTestMethods(TestMethodWorker.java:154)
	at org.testng.internal.invokers.TestMethodWorker.run(TestMethodWorker.java:134)
	at java.base/java.util.ArrayList.forEach(ArrayList.java:1596)
	at org.testng.TestRunner.privateRun(TestRunner.java:741)
	at org.testng.TestRunner.run(TestRunner.java:616)
	at org.testng.SuiteRunner.runTest(SuiteRunner.java:421)
	at org.testng.SuiteRunner.runSequentially(SuiteRunner.java:413)
	at org.testng.SuiteRunner.privateRun(SuiteRunner.java:373)
	at org.testng.SuiteRunner.run(SuiteRunner.java:312)
	at org.testng.SuiteRunnerWorker.runSuite(SuiteRunnerWorker.java:52)
	at org.testng.SuiteRunnerWorker.run(SuiteRunnerWorker.java:95)
	at org.testng.TestNG.runSuitesSequentially(TestNG.java:1274)
	at org.testng.TestNG.runSuitesLocally(TestNG.java:1208)
	at org.testng.TestNG.runSuites(TestNG.java:1112)
	at org.testng.TestNG.run(TestNG.java:1079)
	at org.testng.remote.AbstractRemoteTestNG.run(AbstractRemoteTestNG.java:115)
	at org.testng.remote.RemoteTestNG.initAndRun(RemoteTestNG.java:293)
	at org.testng.remote.RemoteTestNG.main(RemoteTestNG.java:91)
</div></td></tr></table><p class="totop"><a href="#summary">back to summary</a></p>
<h3 id="m6">tests.TestScripts#validateDiastolic</h3><table class="result"><tr class="param"><th>Parameter #1</th></tr><tr class="param stripe"><td>[akash, ra#3, 55, -10, 81-90 BPM, 50-59 BPM, 110, 40, 70, 100, 7, 7, 10, 3, 80]</td></tr><tr><th>Exception</th></tr><tr><td><div class="stacktrace">org.openqa.selenium.UnhandledAlertException: unexpected alert open: {Alert text : Provided BP values are not valid. Please Check Once Again}
  (Session info: chrome=137.0.7151.69): Provided BP values are not valid. Please Check Once Again
Build info: version: &apos;4.32.0&apos;, revision: &apos;d17c8aa950&apos;
System info: os.name: &apos;Windows 11&apos;, os.arch: &apos;amd64&apos;, os.version: &apos;10.0&apos;, java.version: &apos;21.0.5&apos;
Driver info: org.openqa.selenium.chrome.ChromeDriver
Command: [6f5f3faa68fd7114bd4503687d0865be, findElement {using=id, value=bp-diastolic}]
Capabilities {acceptInsecureCerts: false, browserName: chrome, browserVersion: 137.0.7151.69, chrome: {chromedriverVersion: 137.0.7151.119 (e0ac9d12dff..., userDataDir: C:\Users\2401014\AppData\Lo...}, fedcm:accounts: true, goog:chromeOptions: {debuggerAddress: localhost:59151}, networkConnectionEnabled: false, pageLoadStrategy: normal, platformName: windows, proxy: Proxy(), se:cdp: ws://localhost:59151/devtoo..., se:cdpVersion: 137.0.7151.69, setWindowRect: true, strictFileInteractability: false, timeouts: {implicit: 0, pageLoad: 300000, script: 30000}, unhandledPromptBehavior: dismiss and notify, webauthn:extension:credBlob: true, webauthn:extension:largeBlob: true, webauthn:extension:minPinLength: true, webauthn:extension:prf: true, webauthn:virtualAuthenticators: true}
Session ID: 6f5f3faa68fd7114bd4503687d0865be
	at org.openqa.selenium.remote.codec.w3c.W3CHttpResponseCodec.decode(W3CHttpResponseCodec.java:136)
	at org.openqa.selenium.remote.codec.w3c.W3CHttpResponseCodec.decode(W3CHttpResponseCodec.java:50)
	at org.openqa.selenium.remote.HttpCommandExecutor.execute(HttpCommandExecutor.java:215)
	at org.openqa.selenium.remote.service.DriverCommandExecutor.invokeExecute(DriverCommandExecutor.java:216)
	at org.openqa.selenium.remote.service.DriverCommandExecutor.execute(DriverCommandExecutor.java:174)
	at org.openqa.selenium.remote.RemoteWebDriver.execute(RemoteWebDriver.java:545)
	at org.openqa.selenium.remote.ElementLocation$ElementFinder$2.findElement(ElementLocation.java:165)
	at org.openqa.selenium.remote.ElementLocation.findElement(ElementLocation.java:59)
	at org.openqa.selenium.remote.RemoteWebDriver.findElement(RemoteWebDriver.java:368)
	at org.openqa.selenium.remote.RemoteWebDriver.findElement(RemoteWebDriver.java:362)
	at org.openqa.selenium.support.pagefactory.DefaultElementLocator.findElement(DefaultElementLocator.java:68)
	at org.openqa.selenium.support.pagefactory.internal.LocatingElementHandler.invoke(LocatingElementHandler.java:38)
	at jdk.proxy2/jdk.proxy2.$Proxy20.getWrappedElement(Unknown Source)
	at org.openqa.selenium.remote.WebElementToJsonConverter.apply(WebElementToJsonConverter.java:48)
	at java.base/java.util.stream.ReferencePipeline$3$1.accept(ReferencePipeline.java:197)
	at java.base/java.util.Spliterators$ArraySpliterator.forEachRemaining(Spliterators.java:1024)
	at java.base/java.util.stream.AbstractPipeline.copyInto(AbstractPipeline.java:509)
	at java.base/java.util.stream.AbstractPipeline.wrapAndCopyInto(AbstractPipeline.java:499)
	at java.base/java.util.stream.ReduceOps$ReduceOp.evaluateSequential(ReduceOps.java:921)
	at java.base/java.util.stream.AbstractPipeline.evaluate(AbstractPipeline.java:234)
	at java.base/java.util.stream.ReferencePipeline.collect(ReferencePipeline.java:682)
	at org.openqa.selenium.remote.RemoteWebDriver.executeScript(RemoteWebDriver.java:474)
	at pages.HomePage.verify(HomePage.java:73)
	at pages.HomePage.diastolicBP(HomePage.java:144)
	at tests.TestScripts.validateDiastolic(TestScripts.java:77)
	at java.base/jdk.internal.reflect.DirectMethodHandleAccessor.invoke(DirectMethodHandleAccessor.java:103)
	at java.base/java.lang.reflect.Method.invoke(Method.java:580)
	at org.testng.internal.invokers.MethodInvocationHelper.invokeMethod(MethodInvocationHelper.java:141)
	at org.testng.internal.invokers.TestInvoker.invokeMethod(TestInvoker.java:687)
	at org.testng.internal.invokers.TestInvoker.invokeTestMethod(TestInvoker.java:230)
	at org.testng.internal.invokers.MethodRunner.runInSequence(MethodRunner.java:63)
	at org.testng.internal.invokers.TestInvoker$MethodInvocationAgent.invoke(TestInvoker.java:995)
	at org.testng.internal.invokers.TestInvoker.invokeTestMethods(TestInvoker.java:203)
	at org.testng.internal.invokers.TestMethodWorker.invokeTestMethods(TestMethodWorker.java:154)
	at org.testng.internal.invokers.TestMethodWorker.run(TestMethodWorker.java:134)
	at java.base/java.util.ArrayList.forEach(ArrayList.java:1596)
	at org.testng.TestRunner.privateRun(TestRunner.java:741)
	at org.testng.TestRunner.run(TestRunner.java:616)
	at org.testng.SuiteRunner.runTest(SuiteRunner.java:421)
	at org.testng.SuiteRunner.runSequentially(SuiteRunner.java:413)
	at org.testng.SuiteRunner.privateRun(SuiteRunner.java:373)
	at org.testng.SuiteRunner.run(SuiteRunner.java:312)
	at org.testng.SuiteRunnerWorker.runSuite(SuiteRunnerWorker.java:52)
	at org.testng.SuiteRunnerWorker.run(SuiteRunnerWorker.java:95)
	at org.testng.TestNG.runSuitesSequentially(TestNG.java:1274)
	at org.testng.TestNG.runSuitesLocally(TestNG.java:1208)
	at org.testng.TestNG.runSuites(TestNG.java:1112)
	at org.testng.TestNG.run(TestNG.java:1079)
	at org.testng.remote.AbstractRemoteTestNG.run(AbstractRemoteTestNG.java:115)
	at org.testng.remote.RemoteTestNG.initAndRun(RemoteTestNG.java:293)
	at org.testng.remote.RemoteTestNG.main(RemoteTestNG.java:91)
</div></td></tr></table><p class="totop"><a href="#summary">back to summary</a></p>
<h3 id="m7">tests.TestScripts#validateDiastolic</h3><table class="result"><tr class="param"><th>Parameter #1</th></tr><tr class="param stripe"><td>[vetri, bib456, 56, 18.1, 91-100 BPM, 60-80 BPM, 130, 45, 85, 101, 5, 10, 10, 0, 83]</td></tr><tr><th>Exception</th></tr><tr><td><div class="stacktrace">java.lang.AssertionError: 101 DiastolicBP needs to fails but pass. expected [false] but found [true]
	at org.testng.Assert.fail(Assert.java:111)
	at org.testng.Assert.failNotEquals(Assert.java:1590)
	at org.testng.Assert.assertFalse(Assert.java:79)
	at tests.TestScripts.validateDiastolic(TestScripts.java:77)
	at java.base/jdk.internal.reflect.DirectMethodHandleAccessor.invoke(DirectMethodHandleAccessor.java:103)
	at java.base/java.lang.reflect.Method.invoke(Method.java:580)
	at org.testng.internal.invokers.MethodInvocationHelper.invokeMethod(MethodInvocationHelper.java:141)
	at org.testng.internal.invokers.TestInvoker.invokeMethod(TestInvoker.java:687)
	at org.testng.internal.invokers.TestInvoker.invokeTestMethod(TestInvoker.java:230)
	at org.testng.internal.invokers.MethodRunner.runInSequence(MethodRunner.java:63)
	at org.testng.internal.invokers.TestInvoker$MethodInvocationAgent.invoke(TestInvoker.java:995)
	at org.testng.internal.invokers.TestInvoker.invokeTestMethods(TestInvoker.java:203)
	at org.testng.internal.invokers.TestMethodWorker.invokeTestMethods(TestMethodWorker.java:154)
	at org.testng.internal.invokers.TestMethodWorker.run(TestMethodWorker.java:134)
	at java.base/java.util.ArrayList.forEach(ArrayList.java:1596)
	at org.testng.TestRunner.privateRun(TestRunner.java:741)
	at org.testng.TestRunner.run(TestRunner.java:616)
	at org.testng.SuiteRunner.runTest(SuiteRunner.java:421)
	at org.testng.SuiteRunner.runSequentially(SuiteRunner.java:413)
	at org.testng.SuiteRunner.privateRun(SuiteRunner.java:373)
	at org.testng.SuiteRunner.run(SuiteRunner.java:312)
	at org.testng.SuiteRunnerWorker.runSuite(SuiteRunnerWorker.java:52)
	at org.testng.SuiteRunnerWorker.run(SuiteRunnerWorker.java:95)
	at org.testng.TestNG.runSuitesSequentially(TestNG.java:1274)
	at org.testng.TestNG.runSuitesLocally(TestNG.java:1208)
	at org.testng.TestNG.runSuites(TestNG.java:1112)
	at org.testng.TestNG.run(TestNG.java:1079)
	at org.testng.remote.AbstractRemoteTestNG.run(AbstractRemoteTestNG.java:115)
	at org.testng.remote.RemoteTestNG.initAndRun(RemoteTestNG.java:293)
	at org.testng.remote.RemoteTestNG.main(RemoteTestNG.java:91)
</div></td></tr></table><p class="totop"><a href="#summary">back to summary</a></p>
<h3 id="m8">tests.TestScripts#validateName</h3><table class="result"><tr class="param"><th>Parameter #1</th></tr><tr class="param stripe"><td>[Dhanush,  , 21, 17, Below 40, Below 40, 80, 79, 50, 30, 10, 2, 4, 2, 53]</td></tr><tr><th>Exception</th></tr><tr><td><div class="stacktrace">java.lang.AssertionError:   Name needs to fails but pass. expected [false] but found [true]
	at org.testng.Assert.fail(Assert.java:111)
	at org.testng.Assert.failNotEquals(Assert.java:1590)
	at org.testng.Assert.assertFalse(Assert.java:79)
	at tests.TestScripts.validateName(TestScripts.java:51)
	at java.base/jdk.internal.reflect.DirectMethodHandleAccessor.invoke(DirectMethodHandleAccessor.java:103)
	at java.base/java.lang.reflect.Method.invoke(Method.java:580)
	at org.testng.internal.invokers.MethodInvocationHelper.invokeMethod(MethodInvocationHelper.java:141)
	at org.testng.internal.invokers.TestInvoker.invokeMethod(TestInvoker.java:687)
	at org.testng.internal.invokers.TestInvoker.invokeTestMethod(TestInvoker.java:230)
	at org.testng.internal.invokers.MethodRunner.runInSequence(MethodRunner.java:63)
	at org.testng.internal.invokers.TestInvoker$MethodInvocationAgent.invoke(TestInvoker.java:995)
	at org.testng.internal.invokers.TestInvoker.invokeTestMethods(TestInvoker.java:203)
	at org.testng.internal.invokers.TestMethodWorker.invokeTestMethods(TestMethodWorker.java:154)
	at org.testng.internal.invokers.TestMethodWorker.run(TestMethodWorker.java:134)
	at java.base/java.util.ArrayList.forEach(ArrayList.java:1596)
	at org.testng.TestRunner.privateRun(TestRunner.java:741)
	at org.testng.TestRunner.run(TestRunner.java:616)
	at org.testng.SuiteRunner.runTest(SuiteRunner.java:421)
	at org.testng.SuiteRunner.runSequentially(SuiteRunner.java:413)
	at org.testng.SuiteRunner.privateRun(SuiteRunner.java:373)
	at org.testng.SuiteRunner.run(SuiteRunner.java:312)
	at org.testng.SuiteRunnerWorker.runSuite(SuiteRunnerWorker.java:52)
	at org.testng.SuiteRunnerWorker.run(SuiteRunnerWorker.java:95)
	at org.testng.TestNG.runSuitesSequentially(TestNG.java:1274)
	at org.testng.TestNG.runSuitesLocally(TestNG.java:1208)
	at org.testng.TestNG.runSuites(TestNG.java:1112)
	at org.testng.TestNG.run(TestNG.java:1079)
	at org.testng.remote.AbstractRemoteTestNG.run(AbstractRemoteTestNG.java:115)
	at org.testng.remote.RemoteTestNG.initAndRun(RemoteTestNG.java:293)
	at org.testng.remote.RemoteTestNG.main(RemoteTestNG.java:91)
</div></td></tr></table><p class="totop"><a href="#summary">back to summary</a></p>
<h3 id="m9">tests.TestScripts#validateResetButton</h3><table class="result"><tr><th>Exception</th></tr><tr><td><div class="stacktrace">java.lang.AssertionError: Result card should be hidden after reset. expected [false] but found [true]
	at org.testng.Assert.fail(Assert.java:111)
	at org.testng.Assert.failNotEquals(Assert.java:1590)
	at org.testng.Assert.assertFalse(Assert.java:79)
	at tests.TestScripts.validateResetButton(TestScripts.java:173)
	at java.base/jdk.internal.reflect.DirectMethodHandleAccessor.invoke(DirectMethodHandleAccessor.java:103)
	at java.base/java.lang.reflect.Method.invoke(Method.java:580)
	at org.testng.internal.invokers.MethodInvocationHelper.invokeMethod(MethodInvocationHelper.java:141)
	at org.testng.internal.invokers.TestInvoker.invokeMethod(TestInvoker.java:687)
	at org.testng.internal.invokers.TestInvoker.invokeTestMethod(TestInvoker.java:230)
	at org.testng.internal.invokers.MethodRunner.runInSequence(MethodRunner.java:63)
	at org.testng.internal.invokers.TestInvoker$MethodInvocationAgent.invoke(TestInvoker.java:995)
	at org.testng.internal.invokers.TestInvoker.invokeTestMethods(TestInvoker.java:203)
	at org.testng.internal.invokers.TestMethodWorker.invokeTestMethods(TestMethodWorker.java:154)
	at org.testng.internal.invokers.TestMethodWorker.run(TestMethodWorker.java:134)
	at java.base/java.util.ArrayList.forEach(ArrayList.java:1596)
	at org.testng.TestRunner.privateRun(TestRunner.java:741)
	at org.testng.TestRunner.run(TestRunner.java:616)
	at org.testng.SuiteRunner.runTest(SuiteRunner.java:421)
	at org.testng.SuiteRunner.runSequentially(SuiteRunner.java:413)
	at org.testng.SuiteRunner.privateRun(SuiteRunner.java:373)
	at org.testng.SuiteRunner.run(SuiteRunner.java:312)
	at org.testng.SuiteRunnerWorker.runSuite(SuiteRunnerWorker.java:52)
	at org.testng.SuiteRunnerWorker.run(SuiteRunnerWorker.java:95)
	at org.testng.TestNG.runSuitesSequentially(TestNG.java:1274)
	at org.testng.TestNG.runSuitesLocally(TestNG.java:1208)
	at org.testng.TestNG.runSuites(TestNG.java:1112)
	at org.testng.TestNG.run(TestNG.java:1079)
	at org.testng.remote.AbstractRemoteTestNG.run(AbstractRemoteTestNG.java:115)
	at org.testng.remote.RemoteTestNG.initAndRun(RemoteTestNG.java:293)
	at org.testng.remote.RemoteTestNG.main(RemoteTestNG.java:91)
</div></td></tr></table><p class="totop"><a href="#summary">back to summary</a></p>
<h3 id="m10">tests.TestScripts#validateScoresGenerated</h3><table class="result"><tr class="param"><th>Parameter #1</th></tr><tr class="param stripe"><td>[Thaniga, 9090, 75, 18.0, Above 100, 60-80 BPM, 131, 78, 86, 150, 5, 10, 7, 3, 73]</td></tr><tr><th>Exception</th></tr><tr><td><div class="stacktrace">java.lang.AssertionError: Failing to provide score for inputs :75,60-80 BPM,131,86
	at org.testng.Assert.fail(Assert.java:111)
	at tests.TestScripts.validateScoresGenerated(TestScripts.java:125)
	at java.base/jdk.internal.reflect.DirectMethodHandleAccessor.invoke(DirectMethodHandleAccessor.java:103)
	at java.base/java.lang.reflect.Method.invoke(Method.java:580)
	at org.testng.internal.invokers.MethodInvocationHelper.invokeMethod(MethodInvocationHelper.java:141)
	at org.testng.internal.invokers.TestInvoker.invokeMethod(TestInvoker.java:687)
	at org.testng.internal.invokers.TestInvoker.invokeTestMethod(TestInvoker.java:230)
	at org.testng.internal.invokers.MethodRunner.runInSequence(MethodRunner.java:63)
	at org.testng.internal.invokers.TestInvoker$MethodInvocationAgent.invoke(TestInvoker.java:995)
	at org.testng.internal.invokers.TestInvoker.invokeTestMethods(TestInvoker.java:203)
	at org.testng.internal.invokers.TestMethodWorker.invokeTestMethods(TestMethodWorker.java:154)
	at org.testng.internal.invokers.TestMethodWorker.run(TestMethodWorker.java:134)
	at java.base/java.util.ArrayList.forEach(ArrayList.java:1596)
	at org.testng.TestRunner.privateRun(TestRunner.java:741)
	at org.testng.TestRunner.run(TestRunner.java:616)
	at org.testng.SuiteRunner.runTest(SuiteRunner.java:421)
	at org.testng.SuiteRunner.runSequentially(SuiteRunner.java:413)
	at org.testng.SuiteRunner.privateRun(SuiteRunner.java:373)
	at org.testng.SuiteRunner.run(SuiteRunner.java:312)
	at org.testng.SuiteRunnerWorker.runSuite(SuiteRunnerWorker.java:52)
	at org.testng.SuiteRunnerWorker.run(SuiteRunnerWorker.java:95)
	at org.testng.TestNG.runSuitesSequentially(TestNG.java:1274)
	at org.testng.TestNG.runSuitesLocally(TestNG.java:1208)
	at org.testng.TestNG.runSuites(TestNG.java:1112)
	at org.testng.TestNG.run(TestNG.java:1079)
	at org.testng.remote.AbstractRemoteTestNG.run(AbstractRemoteTestNG.java:115)
	at org.testng.remote.RemoteTestNG.initAndRun(RemoteTestNG.java:293)
	at org.testng.remote.RemoteTestNG.main(RemoteTestNG.java:91)
</div></td></tr></table><p class="totop"><a href="#summary">back to summary</a></p>
<h3 id="m11">tests.TestScripts#validateScoresGenerated</h3><table class="result"><tr class="param"><th>Parameter #1</th></tr><tr class="param stripe"><td>[dummy, , 1000, , , 81-90 BPM, 140, , 90, , 3, 7, 4, 3, 47]</td></tr><tr><th>Exception</th></tr><tr><td><div class="stacktrace">java.lang.AssertionError: Failing to provide score for inputs :1000,81-90 BPM,140,90
	at org.testng.Assert.fail(Assert.java:111)
	at tests.TestScripts.validateScoresGenerated(TestScripts.java:125)
	at java.base/jdk.internal.reflect.DirectMethodHandleAccessor.invoke(DirectMethodHandleAccessor.java:103)
	at java.base/java.lang.reflect.Method.invoke(Method.java:580)
	at org.testng.internal.invokers.MethodInvocationHelper.invokeMethod(MethodInvocationHelper.java:141)
	at org.testng.internal.invokers.TestInvoker.invokeMethod(TestInvoker.java:687)
	at org.testng.internal.invokers.TestInvoker.invokeTestMethod(TestInvoker.java:230)
	at org.testng.internal.invokers.MethodRunner.runInSequence(MethodRunner.java:63)
	at org.testng.internal.invokers.TestInvoker$MethodInvocationAgent.invoke(TestInvoker.java:995)
	at org.testng.internal.invokers.TestInvoker.invokeTestMethods(TestInvoker.java:203)
	at org.testng.internal.invokers.TestMethodWorker.invokeTestMethods(TestMethodWorker.java:154)
	at org.testng.internal.invokers.TestMethodWorker.run(TestMethodWorker.java:134)
	at java.base/java.util.ArrayList.forEach(ArrayList.java:1596)
	at org.testng.TestRunner.privateRun(TestRunner.java:741)
	at org.testng.TestRunner.run(TestRunner.java:616)
	at org.testng.SuiteRunner.runTest(SuiteRunner.java:421)
	at org.testng.SuiteRunner.runSequentially(SuiteRunner.java:413)
	at org.testng.SuiteRunner.privateRun(SuiteRunner.java:373)
	at org.testng.SuiteRunner.run(SuiteRunner.java:312)
	at org.testng.SuiteRunnerWorker.runSuite(SuiteRunnerWorker.java:52)
	at org.testng.SuiteRunnerWorker.run(SuiteRunnerWorker.java:95)
	at org.testng.TestNG.runSuitesSequentially(TestNG.java:1274)
	at org.testng.TestNG.runSuitesLocally(TestNG.java:1208)
	at org.testng.TestNG.runSuites(TestNG.java:1112)
	at org.testng.TestNG.run(TestNG.java:1079)
	at org.testng.remote.AbstractRemoteTestNG.run(AbstractRemoteTestNG.java:115)
	at org.testng.remote.RemoteTestNG.initAndRun(RemoteTestNG.java:293)
	at org.testng.remote.RemoteTestNG.main(RemoteTestNG.java:91)
</div></td></tr></table><p class="totop"><a href="#summary">back to summary</a></p>
<h3 id="m12">tests.TestScripts#validateScoresGenerated</h3><table class="result"><tr class="param"><th>Parameter #1</th></tr><tr class="param stripe"><td>[dummy, , 45, , , 91-100 BPM, 149, , 99, , 7, 4, 4, 0, 50]</td></tr><tr><th>Exception</th></tr><tr><td><div class="stacktrace">java.lang.AssertionError: Failing to provide score for inputs :45,91-100 BPM,149,99
	at org.testng.Assert.fail(Assert.java:111)
	at tests.TestScripts.validateScoresGenerated(TestScripts.java:125)
	at java.base/jdk.internal.reflect.DirectMethodHandleAccessor.invoke(DirectMethodHandleAccessor.java:103)
	at java.base/java.lang.reflect.Method.invoke(Method.java:580)
	at org.testng.internal.invokers.MethodInvocationHelper.invokeMethod(MethodInvocationHelper.java:141)
	at org.testng.internal.invokers.TestInvoker.invokeMethod(TestInvoker.java:687)
	at org.testng.internal.invokers.TestInvoker.invokeTestMethod(TestInvoker.java:230)
	at org.testng.internal.invokers.MethodRunner.runInSequence(MethodRunner.java:63)
	at org.testng.internal.invokers.TestInvoker$MethodInvocationAgent.invoke(TestInvoker.java:995)
	at org.testng.internal.invokers.TestInvoker.invokeTestMethods(TestInvoker.java:203)
	at org.testng.internal.invokers.TestMethodWorker.invokeTestMethods(TestMethodWorker.java:154)
	at org.testng.internal.invokers.TestMethodWorker.run(TestMethodWorker.java:134)
	at java.base/java.util.ArrayList.forEach(ArrayList.java:1596)
	at org.testng.TestRunner.privateRun(TestRunner.java:741)
	at org.testng.TestRunner.run(TestRunner.java:616)
	at org.testng.SuiteRunner.runTest(SuiteRunner.java:421)
	at org.testng.SuiteRunner.runSequentially(SuiteRunner.java:413)
	at org.testng.SuiteRunner.privateRun(SuiteRunner.java:373)
	at org.testng.SuiteRunner.run(SuiteRunner.java:312)
	at org.testng.SuiteRunnerWorker.runSuite(SuiteRunnerWorker.java:52)
	at org.testng.SuiteRunnerWorker.run(SuiteRunnerWorker.java:95)
	at org.testng.TestNG.runSuitesSequentially(TestNG.java:1274)
	at org.testng.TestNG.runSuitesLocally(TestNG.java:1208)
	at org.testng.TestNG.runSuites(TestNG.java:1112)
	at org.testng.TestNG.run(TestNG.java:1079)
	at org.testng.remote.AbstractRemoteTestNG.run(AbstractRemoteTestNG.java:115)
	at org.testng.remote.RemoteTestNG.initAndRun(RemoteTestNG.java:293)
	at org.testng.remote.RemoteTestNG.main(RemoteTestNG.java:91)
</div></td></tr></table><p class="totop"><a href="#summary">back to summary</a></p>
<h3 id="m13">tests.TestScripts#validateScoresGenerated</h3><table class="result"><tr class="param"><th>Parameter #1</th></tr><tr class="param stripe"><td>[vetri, bib456, 56, 18.1, 91-100 BPM, 60-80 BPM, 130, 45, 85, 101, 5, 10, 10, 0, 83]</td></tr><tr><th>Exception</th></tr><tr><td><div class="stacktrace">java.lang.AssertionError: Failing to provide score for inputs :56,60-80 BPM,130,85
	at org.testng.Assert.fail(Assert.java:111)
	at tests.TestScripts.validateScoresGenerated(TestScripts.java:125)
	at java.base/jdk.internal.reflect.DirectMethodHandleAccessor.invoke(DirectMethodHandleAccessor.java:103)
	at java.base/java.lang.reflect.Method.invoke(Method.java:580)
	at org.testng.internal.invokers.MethodInvocationHelper.invokeMethod(MethodInvocationHelper.java:141)
	at org.testng.internal.invokers.TestInvoker.invokeMethod(TestInvoker.java:687)
	at org.testng.internal.invokers.TestInvoker.invokeTestMethod(TestInvoker.java:230)
	at org.testng.internal.invokers.MethodRunner.runInSequence(MethodRunner.java:63)
	at org.testng.internal.invokers.TestInvoker$MethodInvocationAgent.invoke(TestInvoker.java:995)
	at org.testng.internal.invokers.TestInvoker.invokeTestMethods(TestInvoker.java:203)
	at org.testng.internal.invokers.TestMethodWorker.invokeTestMethods(TestMethodWorker.java:154)
	at org.testng.internal.invokers.TestMethodWorker.run(TestMethodWorker.java:134)
	at java.base/java.util.ArrayList.forEach(ArrayList.java:1596)
	at org.testng.TestRunner.privateRun(TestRunner.java:741)
	at org.testng.TestRunner.run(TestRunner.java:616)
	at org.testng.SuiteRunner.runTest(SuiteRunner.java:421)
	at org.testng.SuiteRunner.runSequentially(SuiteRunner.java:413)
	at org.testng.SuiteRunner.privateRun(SuiteRunner.java:373)
	at org.testng.SuiteRunner.run(SuiteRunner.java:312)
	at org.testng.SuiteRunnerWorker.runSuite(SuiteRunnerWorker.java:52)
	at org.testng.SuiteRunnerWorker.run(SuiteRunnerWorker.java:95)
	at org.testng.TestNG.runSuitesSequentially(TestNG.java:1274)
	at org.testng.TestNG.runSuitesLocally(TestNG.java:1208)
	at org.testng.TestNG.runSuites(TestNG.java:1112)
	at org.testng.TestNG.run(TestNG.java:1079)
	at org.testng.remote.AbstractRemoteTestNG.run(AbstractRemoteTestNG.java:115)
	at org.testng.remote.RemoteTestNG.initAndRun(RemoteTestNG.java:293)
	at org.testng.remote.RemoteTestNG.main(RemoteTestNG.java:91)
</div></td></tr></table><p class="totop"><a href="#summary">back to summary</a></p>
<h3 id="m14">tests.TestScripts#validateScoresGenerated</h3><table class="result"><tr class="param"><th>Parameter #1</th></tr><tr class="param stripe"><td>[dummy, , 25, , , 60-80 BPM, 125, , 80, , 10, 10, 10, 0, 100]</td></tr><tr><th>Exception</th></tr><tr><td><div class="stacktrace">java.lang.AssertionError: Failing to provide score for inputs :25,60-80 BPM,125,80
	at org.testng.Assert.fail(Assert.java:111)
	at tests.TestScripts.validateScoresGenerated(TestScripts.java:125)
	at java.base/jdk.internal.reflect.DirectMethodHandleAccessor.invoke(DirectMethodHandleAccessor.java:103)
	at java.base/java.lang.reflect.Method.invoke(Method.java:580)
	at org.testng.internal.invokers.MethodInvocationHelper.invokeMethod(MethodInvocationHelper.java:141)
	at org.testng.internal.invokers.TestInvoker.invokeMethod(TestInvoker.java:687)
	at org.testng.internal.invokers.TestInvoker.invokeTestMethod(TestInvoker.java:230)
	at org.testng.internal.invokers.MethodRunner.runInSequence(MethodRunner.java:63)
	at org.testng.internal.invokers.TestInvoker$MethodInvocationAgent.invoke(TestInvoker.java:995)
	at org.testng.internal.invokers.TestInvoker.invokeTestMethods(TestInvoker.java:203)
	at org.testng.internal.invokers.TestMethodWorker.invokeTestMethods(TestMethodWorker.java:154)
	at org.testng.internal.invokers.TestMethodWorker.run(TestMethodWorker.java:134)
	at java.base/java.util.ArrayList.forEach(ArrayList.java:1596)
	at org.testng.TestRunner.privateRun(TestRunner.java:741)
	at org.testng.TestRunner.run(TestRunner.java:616)
	at org.testng.SuiteRunner.runTest(SuiteRunner.java:421)
	at org.testng.SuiteRunner.runSequentially(SuiteRunner.java:413)
	at org.testng.SuiteRunner.privateRun(SuiteRunner.java:373)
	at org.testng.SuiteRunner.run(SuiteRunner.java:312)
	at org.testng.SuiteRunnerWorker.runSuite(SuiteRunnerWorker.java:52)
	at org.testng.SuiteRunnerWorker.run(SuiteRunnerWorker.java:95)
	at org.testng.TestNG.runSuitesSequentially(TestNG.java:1274)
	at org.testng.TestNG.runSuitesLocally(TestNG.java:1208)
	at org.testng.TestNG.runSuites(TestNG.java:1112)
	at org.testng.TestNG.run(TestNG.java:1079)
	at org.testng.remote.AbstractRemoteTestNG.run(AbstractRemoteTestNG.java:115)
	at org.testng.remote.RemoteTestNG.initAndRun(RemoteTestNG.java:293)
	at org.testng.remote.RemoteTestNG.main(RemoteTestNG.java:91)
</div></td></tr></table><p class="totop"><a href="#summary">back to summary</a></p>
<h3 id="m15">tests.TestScripts#validateScoresGenerated</h3><table class="result"><tr class="param"><th>Parameter #1</th></tr><tr class="param stripe"><td>[dummy, , 76, , , 81-90 BPM, 139, , 89, , 3, 7, 7, 0, 57]</td></tr><tr><th>Exception</th></tr><tr><td><div class="stacktrace">java.lang.AssertionError: Failing to provide score for inputs :76,81-90 BPM,139,89
	at org.testng.Assert.fail(Assert.java:111)
	at tests.TestScripts.validateScoresGenerated(TestScripts.java:125)
	at java.base/jdk.internal.reflect.DirectMethodHandleAccessor.invoke(DirectMethodHandleAccessor.java:103)
	at java.base/java.lang.reflect.Method.invoke(Method.java:580)
	at org.testng.internal.invokers.MethodInvocationHelper.invokeMethod(MethodInvocationHelper.java:141)
	at org.testng.internal.invokers.TestInvoker.invokeMethod(TestInvoker.java:687)
	at org.testng.internal.invokers.TestInvoker.invokeTestMethod(TestInvoker.java:230)
	at org.testng.internal.invokers.MethodRunner.runInSequence(MethodRunner.java:63)
	at org.testng.internal.invokers.TestInvoker$MethodInvocationAgent.invoke(TestInvoker.java:995)
	at org.testng.internal.invokers.TestInvoker.invokeTestMethods(TestInvoker.java:203)
	at org.testng.internal.invokers.TestMethodWorker.invokeTestMethods(TestMethodWorker.java:154)
	at org.testng.internal.invokers.TestMethodWorker.run(TestMethodWorker.java:134)
	at java.base/java.util.ArrayList.forEach(ArrayList.java:1596)
	at org.testng.TestRunner.privateRun(TestRunner.java:741)
	at org.testng.TestRunner.run(TestRunner.java:616)
	at org.testng.SuiteRunner.runTest(SuiteRunner.java:421)
	at org.testng.SuiteRunner.runSequentially(SuiteRunner.java:413)
	at org.testng.SuiteRunner.privateRun(SuiteRunner.java:373)
	at org.testng.SuiteRunner.run(SuiteRunner.java:312)
	at org.testng.SuiteRunnerWorker.runSuite(SuiteRunnerWorker.java:52)
	at org.testng.SuiteRunnerWorker.run(SuiteRunnerWorker.java:95)
	at org.testng.TestNG.runSuitesSequentially(TestNG.java:1274)
	at org.testng.TestNG.runSuitesLocally(TestNG.java:1208)
	at org.testng.TestNG.runSuites(TestNG.java:1112)
	at org.testng.TestNG.run(TestNG.java:1079)
	at org.testng.remote.AbstractRemoteTestNG.run(AbstractRemoteTestNG.java:115)
	at org.testng.remote.RemoteTestNG.initAndRun(RemoteTestNG.java:293)
	at org.testng.remote.RemoteTestNG.main(RemoteTestNG.java:91)
</div></td></tr></table><p class="totop"><a href="#summary">back to summary</a></p>
<h3 id="m16">tests.TestScripts#validateSystolic</h3><table class="result"><tr class="param"><th>Parameter #1</th></tr><tr class="param stripe"><td>[Thaniga, 9090, 75, 18.0, Above 100, 60-80 BPM, 131, 78, 86, 150, 5, 10, 7, 3, 73]</td></tr><tr><th>Exception</th></tr><tr><td><div class="stacktrace">java.lang.AssertionError: 131 SystolicBP needs to pass but fails. expected [true] but found [false]
	at org.testng.Assert.fail(Assert.java:111)
	at org.testng.Assert.failNotEquals(Assert.java:1590)
	at org.testng.Assert.assertTrue(Assert.java:57)
	at tests.TestScripts.validateSystolic(TestScripts.java:69)
	at java.base/jdk.internal.reflect.DirectMethodHandleAccessor.invoke(DirectMethodHandleAccessor.java:103)
	at java.base/java.lang.reflect.Method.invoke(Method.java:580)
	at org.testng.internal.invokers.MethodInvocationHelper.invokeMethod(MethodInvocationHelper.java:141)
	at org.testng.internal.invokers.TestInvoker.invokeMethod(TestInvoker.java:687)
	at org.testng.internal.invokers.TestInvoker.invokeTestMethod(TestInvoker.java:230)
	at org.testng.internal.invokers.MethodRunner.runInSequence(MethodRunner.java:63)
	at org.testng.internal.invokers.TestInvoker$MethodInvocationAgent.invoke(TestInvoker.java:995)
	at org.testng.internal.invokers.TestInvoker.invokeTestMethods(TestInvoker.java:203)
	at org.testng.internal.invokers.TestMethodWorker.invokeTestMethods(TestMethodWorker.java:154)
	at org.testng.internal.invokers.TestMethodWorker.run(TestMethodWorker.java:134)
	at java.base/java.util.ArrayList.forEach(ArrayList.java:1596)
	at org.testng.TestRunner.privateRun(TestRunner.java:741)
	at org.testng.TestRunner.run(TestRunner.java:616)
	at org.testng.SuiteRunner.runTest(SuiteRunner.java:421)
	at org.testng.SuiteRunner.runSequentially(SuiteRunner.java:413)
	at org.testng.SuiteRunner.privateRun(SuiteRunner.java:373)
	at org.testng.SuiteRunner.run(SuiteRunner.java:312)
	at org.testng.SuiteRunnerWorker.runSuite(SuiteRunnerWorker.java:52)
	at org.testng.SuiteRunnerWorker.run(SuiteRunnerWorker.java:95)
	at org.testng.TestNG.runSuitesSequentially(TestNG.java:1274)
	at org.testng.TestNG.runSuitesLocally(TestNG.java:1208)
	at org.testng.TestNG.runSuites(TestNG.java:1112)
	at org.testng.TestNG.run(TestNG.java:1079)
	at org.testng.remote.AbstractRemoteTestNG.run(AbstractRemoteTestNG.java:115)
	at org.testng.remote.RemoteTestNG.initAndRun(RemoteTestNG.java:293)
	at org.testng.remote.RemoteTestNG.main(RemoteTestNG.java:91)
</div></td></tr></table><p class="totop"><a href="#summary">back to summary</a></p>
<h3 id="m17">tests.TestScripts#validateSystolic</h3><table class="result"><tr class="param"><th>Parameter #1</th></tr><tr class="param stripe"><td>[vetri, bib456, 56, 18.1, 91-100 BPM, 60-80 BPM, 130, 45, 85, 101, 5, 10, 10, 0, 83]</td></tr><tr><th>Exception</th></tr><tr><td><div class="stacktrace">java.lang.AssertionError: 130 SystolicBP needs to pass but fails. expected [true] but found [false]
	at org.testng.Assert.fail(Assert.java:111)
	at org.testng.Assert.failNotEquals(Assert.java:1590)
	at org.testng.Assert.assertTrue(Assert.java:57)
	at tests.TestScripts.validateSystolic(TestScripts.java:69)
	at java.base/jdk.internal.reflect.DirectMethodHandleAccessor.invoke(DirectMethodHandleAccessor.java:103)
	at java.base/java.lang.reflect.Method.invoke(Method.java:580)
	at org.testng.internal.invokers.MethodInvocationHelper.invokeMethod(MethodInvocationHelper.java:141)
	at org.testng.internal.invokers.TestInvoker.invokeMethod(TestInvoker.java:687)
	at org.testng.internal.invokers.TestInvoker.invokeTestMethod(TestInvoker.java:230)
	at org.testng.internal.invokers.MethodRunner.runInSequence(MethodRunner.java:63)
	at org.testng.internal.invokers.TestInvoker$MethodInvocationAgent.invoke(TestInvoker.java:995)
	at org.testng.internal.invokers.TestInvoker.invokeTestMethods(TestInvoker.java:203)
	at org.testng.internal.invokers.TestMethodWorker.invokeTestMethods(TestMethodWorker.java:154)
	at org.testng.internal.invokers.TestMethodWorker.run(TestMethodWorker.java:134)
	at java.base/java.util.ArrayList.forEach(ArrayList.java:1596)
	at org.testng.TestRunner.privateRun(TestRunner.java:741)
	at org.testng.TestRunner.run(TestRunner.java:616)
	at org.testng.SuiteRunner.runTest(SuiteRunner.java:421)
	at org.testng.SuiteRunner.runSequentially(SuiteRunner.java:413)
	at org.testng.SuiteRunner.privateRun(SuiteRunner.java:373)
	at org.testng.SuiteRunner.run(SuiteRunner.java:312)
	at org.testng.SuiteRunnerWorker.runSuite(SuiteRunnerWorker.java:52)
	at org.testng.SuiteRunnerWorker.run(SuiteRunnerWorker.java:95)
	at org.testng.TestNG.runSuitesSequentially(TestNG.java:1274)
	at org.testng.TestNG.runSuitesLocally(TestNG.java:1208)
	at org.testng.TestNG.runSuites(TestNG.java:1112)
	at org.testng.TestNG.run(TestNG.java:1079)
	at org.testng.remote.AbstractRemoteTestNG.run(AbstractRemoteTestNG.java:115)
	at org.testng.remote.RemoteTestNG.initAndRun(RemoteTestNG.java:293)
	at org.testng.remote.RemoteTestNG.main(RemoteTestNG.java:91)
</div></td></tr></table><p class="totop"><a href="#summary">back to summary</a></p>
<h3 id="m18">tests.TestScripts#validateAge</h3><table class="result"><tr class="param"><th>Parameter #1</th></tr><tr class="param stripe"><td>[vetri, bib456, 56, 18.1, 91-100 BPM, 60-80 BPM, 130, 45, 85, 101, 5, 10, 10, 0, 83]</td></tr></table><p class="totop"><a href="#summary">back to summary</a></p>
<h3 id="m19">tests.TestScripts#validateAge</h3><table class="result"><tr class="param"><th>Parameter #1</th></tr><tr class="param stripe"><td>[Prakash, Dha123, 18, 16, 40-49 BPM, 40-49 BPM, 89, 151, 59, 29, 10, 4, 4, 0, 60]</td></tr></table><p class="totop"><a href="#summary">back to summary</a></p>
<h3 id="m20">tests.TestScripts#validateAge</h3><table class="result"><tr class="param"><th>Parameter #1</th></tr><tr class="param stripe"><td>[deva, 45678, 36, 0, 60-80 BPM, 50-59 BPM, 109, 30, 69, 49, 7, 7, 7, 0, 70]</td></tr></table><p class="totop"><a href="#summary">back to summary</a></p>
<h3 id="m21">tests.TestScripts#validateAge</h3><table class="result"><tr class="param"><th>Parameter #1</th></tr><tr class="param stripe"><td>[Dhanush,  , 21, 17, Below 40, Below 40, 80, 79, 50, 30, 10, 2, 4, 2, 53]</td></tr></table><p class="totop"><a href="#summary">back to summary</a></p>
<h3 id="m22">tests.TestScripts#validateAge</h3><table class="result"><tr class="param"><th>Parameter #1</th></tr><tr class="param stripe"><td>[akash, ra#3, 55, -10, 81-90 BPM, 50-59 BPM, 110, 40, 70, 100, 7, 7, 10, 3, 80]</td></tr></table><p class="totop"><a href="#summary">back to summary</a></p>
<h3 id="m23">tests.TestScripts#validateCalculate</h3><table class="result"><tr><th class="invisible"/></tr></table><p class="totop"><a href="#summary">back to summary</a></p>
<h3 id="m24">tests.TestScripts#validateDiastolic</h3><table class="result"><tr class="param"><th>Parameter #1</th></tr><tr class="param stripe"><td>[bilal, *(@dha, 35, 1000, 50-59 BPM, 40-49 BPM, 90, 20, 60, 40, 10, 4, 7, 3, 70]</td></tr></table><p class="totop"><a href="#summary">back to summary</a></p>
<h3 id="m25">tests.TestScripts#validateDiastolic</h3><table class="result"><tr class="param"><th>Parameter #1</th></tr><tr class="param stripe"><td>[Dhanush,  , 21, 17, Below 40, Below 40, 80, 79, 50, 30, 10, 2, 4, 2, 53]</td></tr></table><p class="totop"><a href="#summary">back to summary</a></p>
<h3 id="m26">tests.TestScripts#validateDiastolic</h3><table class="result"><tr class="param"><th>Parameter #1</th></tr><tr class="param stripe"><td>[Prakash, Dha123, 18, 16, 40-49 BPM, 40-49 BPM, 89, 151, 59, 29, 10, 4, 4, 0, 60]</td></tr></table><p class="totop"><a href="#summary">back to summary</a></p>
<h3 id="m27">tests.TestScripts#validateDiastolic</h3><table class="result"><tr class="param"><th>Parameter #1</th></tr><tr class="param stripe"><td>[deva, 45678, 36, 0, 60-80 BPM, 50-59 BPM, 109, 30, 69, 49, 7, 7, 7, 0, 70]</td></tr></table><p class="totop"><a href="#summary">back to summary</a></p>
<h3 id="m28">tests.TestScripts#validateHealthRemark</h3><table class="result"><tr class="param"><th>Parameter #1</th></tr><tr class="param stripe"><td>[dummy, 25, 60-80 BPM, 114, 84, EXCELLENT]</td></tr></table><p class="totop"><a href="#summary">back to summary</a></p>
<h3 id="m29">tests.TestScripts#validateHealthRemark</h3><table class="result"><tr class="param"><th>Parameter #1</th></tr><tr class="param stripe"><td>[dummy, 45, 91-100 BPM, 90, 60, AVERAGE]</td></tr></table><p class="totop"><a href="#summary">back to summary</a></p>
<h3 id="m30">tests.TestScripts#validateHealthRemark</h3><table class="result"><tr class="param"><th>Parameter #1</th></tr><tr class="param stripe"><td>[dummy, 76, 81-90 BPM, 95, 65, AVERAGE]</td></tr></table><p class="totop"><a href="#summary">back to summary</a></p>
<h3 id="m31">tests.TestScripts#validateHealthRemark</h3><table class="result"><tr class="param"><th>Parameter #1</th></tr><tr class="param stripe"><td>[dummy, 36, 50-59 BPM, 109, 69, AVERAGE]</td></tr></table><p class="totop"><a href="#summary">back to summary</a></p>
<h3 id="m32">tests.TestScripts#validateHealthRemark</h3><table class="result"><tr class="param"><th>Parameter #1</th></tr><tr class="param stripe"><td>[dummy, 55, 50-59 BPM, 110, 70, GOOD]</td></tr></table><p class="totop"><a href="#summary">back to summary</a></p>
<h3 id="m33">tests.TestScripts#validateHealthRemark</h3><table class="result"><tr class="param"><th>Parameter #1</th></tr><tr class="param stripe"><td>[dummy, 75, 60-80 BPM, 111, 80, GOOD]</td></tr></table><p class="totop"><a href="#summary">back to summary</a></p>
<h3 id="m34">tests.TestScripts#validateHealthRemark</h3><table class="result"><tr class="param"><th>Parameter #1</th></tr><tr class="param stripe"><td>[dummy, 35, 40-49 BPM, 90, 60, AVERAGE]</td></tr></table><p class="totop"><a href="#summary">back to summary</a></p>
<h3 id="m35">tests.TestScripts#validateHealthRemark</h3><table class="result"><tr class="param"><th>Parameter #1</th></tr><tr class="param stripe"><td>[dummy, 21, Below 40, 80, 50, AVERAGE]</td></tr></table><p class="totop"><a href="#summary">back to summary</a></p>
<h3 id="m36">tests.TestScripts#validateHealthRemark</h3><table class="result"><tr class="param"><th>Parameter #1</th></tr><tr class="param stripe"><td>[dummy, 90, 91-100 BPM, 98, 65, POOR]</td></tr></table><p class="totop"><a href="#summary">back to summary</a></p>
<h3 id="m37">tests.TestScripts#validateHealthRemark</h3><table class="result"><tr class="param"><th>Parameter #1</th></tr><tr class="param stripe"><td>[dummy, 18, 40-49 BPM, 89, 59, AVERAGE]</td></tr></table><p class="totop"><a href="#summary">back to summary</a></p>
<h3 id="m38">tests.TestScripts#validateHealthRemark</h3><table class="result"><tr class="param"><th>Parameter #1</th></tr><tr class="param stripe"><td>[dummy, 1000, 81-90 BPM, 88, 58, POOR]</td></tr></table><p class="totop"><a href="#summary">back to summary</a></p>
<h3 id="m39">tests.TestScripts#validateHealthRemark</h3><table class="result"><tr class="param"><th>Parameter #1</th></tr><tr class="param stripe"><td>[dummy, 78, Above 100, 87, 51, POOR]</td></tr></table><p class="totop"><a href="#summary">back to summary</a></p>
<h3 id="m40">tests.TestScripts#validateHealthRemark</h3><table class="result"><tr class="param"><th>Parameter #1</th></tr><tr class="param stripe"><td>[dummy, 56, 60-80 BPM, 120, 85, GOOD]</td></tr></table><p class="totop"><a href="#summary">back to summary</a></p>
<h3 id="m41">tests.TestScripts#validateHealthRemark</h3><table class="result"><tr class="param"><th>Parameter #1</th></tr><tr class="param stripe"><td>[dummy, 30, 60-80 BPM, 92, 62, EXCELLENT]</td></tr></table><p class="totop"><a href="#summary">back to summary</a></p>
<h3 id="m42">tests.TestScripts#validateName</h3><table class="result"><tr class="param"><th>Parameter #1</th></tr><tr class="param stripe"><td>[akash, ra#3, 55, -10, 81-90 BPM, 50-59 BPM, 110, 40, 70, 100, 7, 7, 10, 3, 80]</td></tr></table><p class="totop"><a href="#summary">back to summary</a></p>
<h3 id="m43">tests.TestScripts#validateName</h3><table class="result"><tr class="param"><th>Parameter #1</th></tr><tr class="param stripe"><td>[deva, 45678, 36, 0, 60-80 BPM, 50-59 BPM, 109, 30, 69, 49, 7, 7, 7, 0, 70]</td></tr></table><p class="totop"><a href="#summary">back to summary</a></p>
<h3 id="m44">tests.TestScripts#validateName</h3><table class="result"><tr class="param"><th>Parameter #1</th></tr><tr class="param stripe"><td>[Prakash, Dha123, 18, 16, 40-49 BPM, 40-49 BPM, 89, 151, 59, 29, 10, 4, 4, 0, 60]</td></tr></table><p class="totop"><a href="#summary">back to summary</a></p>
<h3 id="m45">tests.TestScripts#validateName</h3><table class="result"><tr class="param"><th>Parameter #1</th></tr><tr class="param stripe"><td>[vetri, bib456, 56, 18.1, 91-100 BPM, 60-80 BPM, 130, 45, 85, 101, 5, 10, 10, 0, 83]</td></tr></table><p class="totop"><a href="#summary">back to summary</a></p>
<h3 id="m46">tests.TestScripts#validateName</h3><table class="result"><tr class="param"><th>Parameter #1</th></tr><tr class="param stripe"><td>[bilal, *(@dha, 35, 1000, 50-59 BPM, 40-49 BPM, 90, 20, 60, 40, 10, 4, 7, 3, 70]</td></tr></table><p class="totop"><a href="#summary">back to summary</a></p>
<h3 id="m47">tests.TestScripts#validateName</h3><table class="result"><tr class="param"><th>Parameter #1</th></tr><tr class="param stripe"><td>[Thaniga, 9090, 75, 18.0, Above 100, 60-80 BPM, 131, 78, 86, 150, 5, 10, 7, 3, 73]</td></tr></table><p class="totop"><a href="#summary">back to summary</a></p>
<h3 id="m48">tests.TestScripts#validatePulse</h3><table class="result"><tr class="param"><th>Parameter #1</th></tr><tr class="param stripe"><td>[Thaniga, 9090, 75, 18.0, Above 100, 60-80 BPM, 131, 78, 86, 150, 5, 10, 7, 3, 73]</td></tr></table><p class="totop"><a href="#summary">back to summary</a></p>
<h3 id="m49">tests.TestScripts#validatePulse</h3><table class="result"><tr class="param"><th>Parameter #1</th></tr><tr class="param stripe"><td>[akash, ra#3, 55, -10, 81-90 BPM, 50-59 BPM, 110, 40, 70, 100, 7, 7, 10, 3, 80]</td></tr></table><p class="totop"><a href="#summary">back to summary</a></p>
<h3 id="m50">tests.TestScripts#validatePulse</h3><table class="result"><tr class="param"><th>Parameter #1</th></tr><tr class="param stripe"><td>[Dhanush,  , 21, 17, Below 40, Below 40, 80, 79, 50, 30, 10, 2, 4, 2, 53]</td></tr></table><p class="totop"><a href="#summary">back to summary</a></p>
<h3 id="m51">tests.TestScripts#validatePulse</h3><table class="result"><tr class="param"><th>Parameter #1</th></tr><tr class="param stripe"><td>[deva, 45678, 36, 0, 60-80 BPM, 50-59 BPM, 109, 30, 69, 49, 7, 7, 7, 0, 70]</td></tr></table><p class="totop"><a href="#summary">back to summary</a></p>
<h3 id="m52">tests.TestScripts#validatePulse</h3><table class="result"><tr class="param"><th>Parameter #1</th></tr><tr class="param stripe"><td>[bilal, *(@dha, 35, 1000, 50-59 BPM, 40-49 BPM, 90, 20, 60, 40, 10, 4, 7, 3, 70]</td></tr></table><p class="totop"><a href="#summary">back to summary</a></p>
<h3 id="m53">tests.TestScripts#validatePulse</h3><table class="result"><tr class="param"><th>Parameter #1</th></tr><tr class="param stripe"><td>[Prakash, Dha123, 18, 16, 40-49 BPM, 40-49 BPM, 89, 151, 59, 29, 10, 4, 4, 0, 60]</td></tr></table><p class="totop"><a href="#summary">back to summary</a></p>
<h3 id="m54">tests.TestScripts#validatePulse</h3><table class="result"><tr class="param"><th>Parameter #1</th></tr><tr class="param stripe"><td>[vetri, bib456, 56, 18.1, 91-100 BPM, 60-80 BPM, 130, 45, 85, 101, 5, 10, 10, 0, 83]</td></tr></table><p class="totop"><a href="#summary">back to summary</a></p>
<h3 id="m55">tests.TestScripts#validateScoresGenerated</h3><table class="result"><tr class="param"><th>Parameter #1</th></tr><tr class="param stripe"><td>[dummy, , 90, , , 91-100 BPM, 85, , 55, , 3, 4, 4, 0, 37]</td></tr></table><p class="totop"><a href="#summary">back to summary</a></p>
<h3 id="m56">tests.TestScripts#validateScoresGenerated</h3><table class="result"><tr class="param"><th>Parameter #1</th></tr><tr class="param stripe"><td>[deva, 45678, 36, 0, 60-80 BPM, 50-59 BPM, 109, 30, 69, 49, 7, 7, 7, 0, 70]</td></tr></table><p class="totop"><a href="#summary">back to summary</a></p>
<h3 id="m57">tests.TestScripts#validateScoresGenerated</h3><table class="result"><tr class="param"><th>Parameter #1</th></tr><tr class="param stripe"><td>[bilal, *(@dha, 35, 1000, 50-59 BPM, 40-49 BPM, 90, 20, 60, 40, 10, 4, 7, 3, 70]</td></tr></table><p class="totop"><a href="#summary">back to summary</a></p>
<h3 id="m58">tests.TestScripts#validateScoresGenerated</h3><table class="result"><tr class="param"><th>Parameter #1</th></tr><tr class="param stripe"><td>[akash, ra#3, 55, -10, 81-90 BPM, 50-59 BPM, 110, 40, 70, 100, 7, 7, 10, 3, 80]</td></tr></table><p class="totop"><a href="#summary">back to summary</a></p>
<h3 id="m59">tests.TestScripts#validateScoresGenerated</h3><table class="result"><tr class="param"><th>Parameter #1</th></tr><tr class="param stripe"><td>[dummy, , 78, , , Above 100, 87, , 51, , 3, 2, 4, 2, 30]</td></tr></table><p class="totop"><a href="#summary">back to summary</a></p>
<h3 id="m60">tests.TestScripts#validateScoresGenerated</h3><table class="result"><tr class="param"><th>Parameter #1</th></tr><tr class="param stripe"><td>[dummy, , 30, , , 60-80 BPM, 108, , 65, , 10, 10, 7, 3, 90]</td></tr></table><p class="totop"><a href="#summary">back to summary</a></p>
<h3 id="m61">tests.TestScripts#validateScoresGenerated</h3><table class="result"><tr class="param"><th>Parameter #1</th></tr><tr class="param stripe"><td>[Prakash, Dha123, 18, 16, 40-49 BPM, 40-49 BPM, 89, 151, 59, 29, 10, 4, 4, 0, 60]</td></tr></table><p class="totop"><a href="#summary">back to summary</a></p>
<h3 id="m62">tests.TestScripts#validateScoresGenerated</h3><table class="result"><tr class="param"><th>Parameter #1</th></tr><tr class="param stripe"><td>[Dhanush,  , 21, 17, Below 40, Below 40, 80, 79, 50, 30, 10, 2, 4, 2, 53]</td></tr></table><p class="totop"><a href="#summary">back to summary</a></p>
<h3 id="m63">tests.TestScripts#validateSystolic</h3><table class="result"><tr class="param"><th>Parameter #1</th></tr><tr class="param stripe"><td>[Prakash, Dha123, 18, 16, 40-49 BPM, 40-49 BPM, 89, 151, 59, 29, 10, 4, 4, 0, 60]</td></tr></table><p class="totop"><a href="#summary">back to summary</a></p>
<h3 id="m64">tests.TestScripts#validateSystolic</h3><table class="result"><tr class="param"><th>Parameter #1</th></tr><tr class="param stripe"><td>[deva, 45678, 36, 0, 60-80 BPM, 50-59 BPM, 109, 30, 69, 49, 7, 7, 7, 0, 70]</td></tr></table><p class="totop"><a href="#summary">back to summary</a></p>
<h3 id="m65">tests.TestScripts#validateSystolic</h3><table class="result"><tr class="param"><th>Parameter #1</th></tr><tr class="param stripe"><td>[akash, ra#3, 55, -10, 81-90 BPM, 50-59 BPM, 110, 40, 70, 100, 7, 7, 10, 3, 80]</td></tr></table><p class="totop"><a href="#summary">back to summary</a></p>
<h3 id="m66">tests.TestScripts#validateSystolic</h3><table class="result"><tr class="param"><th>Parameter #1</th></tr><tr class="param stripe"><td>[Dhanush,  , 21, 17, Below 40, Below 40, 80, 79, 50, 30, 10, 2, 4, 2, 53]</td></tr></table><p class="totop"><a href="#summary">back to summary</a></p>
<h3 id="m67">tests.TestScripts#validateSystolic</h3><table class="result"><tr class="param"><th>Parameter #1</th></tr><tr class="param stripe"><td>[bilal, *(@dha, 35, 1000, 50-59 BPM, 40-49 BPM, 90, 20, 60, 40, 10, 4, 7, 3, 70]</td></tr></table><p class="totop"><a href="#summary">back to summary</a></p>
</body>
</html>
