<!DOCTYPE html>

<html>
  <head>
  <meta charset='utf-8'>
  <title>TestNG reports</title>

    <link type="text/css" href="testng-reports1.css" rel="stylesheet" id="ultra" />
    <link type="text/css" href="testng-reports.css" rel="stylesheet" id="retro" disabled="false"/>
    <script type="text/javascript" src="jquery-3.6.0.min.js"></script>
    <script type="text/javascript" src="testng-reports.js"></script>
    <script type="text/javascript" src="https://www.google.com/jsapi"></script>
    <script type='text/javascript'>
      google.load('visualization', '1', {packages:['table']});
      google.setOnLoadCallback(drawTable);
      var suiteTableInitFunctions = new Array();
      var suiteTableData = new Array();
    </script>
    <!--
      <script type="text/javascript" src="jquery-ui/js/jquery-ui-1.8.16.custom.min.js"></script>
     -->
  </head>

  <body>    <div class="top-banner-root">
      <span class="top-banner-title-font">Test results</span>
      <button id="button" class="button">Switch Retro Theme</button> <!-- button -->
      <br/>
      <span class="top-banner-font-1">1 suite</span>
    </div> <!-- top-banner-root -->
    <div class="navigator-root">
      <div class="navigator-suite-header">
        <span>All suites</span>
        <a href="#" title="Collapse/expand all the suites" class="collapse-all-link">
          <img src="collapseall.gif" class="collapse-all-icon">
          </img> <!-- collapse-all-icon -->
        </a> <!-- collapse-all-link -->
      </div> <!-- navigator-suite-header -->
      <div class="suite">
        <div class="rounded-window">
          <div class="suite-header light-rounded-window-top">
            <a href="#" panel-name="suite-Default_suite" class="navigator-link">
              <span class="suite-name border-passed">Default suite</span>
            </a> <!-- navigator-link -->
          </div> <!-- suite-header light-rounded-window-top -->
          <div class="navigator-suite-content">
            <div class="suite-section-title">
              <span>Info</span>
            </div> <!-- suite-section-title -->
            <div class="suite-section-content">
              <ul>
                <li>
                  <a href="#" panel-name="test-xml-Default_suite" class="navigator-link ">
<<<<<<< HEAD
<<<<<<< HEAD
                    <span>C:\Users\2401217\AppData\Local\Temp\testng-eclipse-652969610\testng-customsuite.xml</span>
=======
<<<<<<< HEAD
                    <span>C:\Users\2401014\AppData\Local\Temp\testng-eclipse--1384541187\testng-customsuite.xml</span>
=======
                    <span>C:\Users\2401015\AppData\Local\Temp\testng-eclipse--1461319112\testng-customsuite.xml</span>
>>>>>>> branch 'main' of https://github.com/Gnanaprakash-S/NoSuchTeam.git
>>>>>>> branch 'main' of https://github.com/Gnanaprakash-S/NoSuchTeam.git
=======
                    <span>C:\Users\2401015\AppData\Local\Temp\testng-eclipse--386927878\testng-customsuite.xml</span>
>>>>>>> branch 'main' of https://github.com/Gnanaprakash-S/NoSuchTeam.git
                  </a> <!-- navigator-link  -->
                </li>
                <li>
                  <a href="#" panel-name="testlist-Default_suite" class="navigator-link ">
                    <span class="test-stats">1 test</span>
                  </a> <!-- navigator-link  -->
                </li>
                <li>
                  <a href="#" panel-name="group-Default_suite" class="navigator-link ">
                    <span>0 groups</span>
                  </a> <!-- navigator-link  -->
                </li>
                <li>
                  <a href="#" panel-name="times-Default_suite" class="navigator-link ">
                    <span>Times</span>
                  </a> <!-- navigator-link  -->
                </li>
                <li>
                  <a href="#" panel-name="reporter-Default_suite" class="navigator-link ">
                    <span>Reporter output</span>
                  </a> <!-- navigator-link  -->
                </li>
                <li>
                  <a href="#" panel-name="ignored-methods-Default_suite" class="navigator-link ">
                    <span>Ignored methods</span>
                  </a> <!-- navigator-link  -->
                </li>
                <li>
                  <a href="#" panel-name="chronological-Default_suite" class="navigator-link ">
                    <span>Chronological view</span>
                  </a> <!-- navigator-link  -->
                </li>
              </ul>
            </div> <!-- suite-section-content -->
            <div class="result-section">
              <div class="suite-section-title">
                <span>Results</span>
              </div> <!-- suite-section-title -->
              <div class="suite-section-content">
                <ul>
                  <li>
<<<<<<< HEAD
<<<<<<< HEAD
                    <span class="method-stats">3 methods, 3 failed,   </span>
=======
                    <span class="method-stats">7 methods, 3 failed,   4 passed</span>
                  </li>
                  <li>
                    <span class="method-list-title failed">Failed methods</span>
                    <span class="show-or-hide-methods failed">
                      <a href="#" panel-name="suite-Default_suite" class="hide-methods failed suite-Default_suite"> (hide)</a> <!-- hide-methods failed suite-Default_suite -->
                      <a href="#" panel-name="suite-Default_suite" class="show-methods failed suite-Default_suite"> (show)</a> <!-- show-methods failed suite-Default_suite -->
                    </span>
                    <div class="method-list-content failed suite-Default_suite">
                      <span>
                        <img src="failed.png" width="3%"/>
<<<<<<< HEAD
                        <a href="#" panel-name="suite-Default_suite" title="tests.TestScripts" class="method navigator-link" hash-for-method="validateDiastolic([vetri, bib456, 56, 5, 91-100 BPM, 60-80 BPM, 130, 45, 85, 101, 5, 10, 10, 0, 83])">validateDiastolic([vetri, bib456, 56, 5, 91-100 BPM, 60-80 BPM, 130, 45, 85, 101, 5, 10, 10, 0, 83])</a> <!-- method navigator-link -->
                      </span>
                      <br/>
                      <span>
                        <img src="failed.png" width="3%"/>
                        <a href="#" panel-name="suite-Default_suite" title="tests.TestScripts" class="method navigator-link" hash-for-method="validateDiastolic([akash, ra, 55, 10, 81-90 BPM, 50-59 BPM, 110, 40, 70, 100, 7, 7, 10, 3, 80])">validateDiastolic([akash, ra, 55, 10, 81-90 BPM, 50-59 BPM, 110, 40, 70, 100, 7, 7, 10, 3, 80])</a> <!-- method navigator-link -->
                      </span>
                      <br/>
                      <span>
                        <img src="failed.png" width="3%"/>
                        <a href="#" panel-name="suite-Default_suite" title="tests.TestScripts" class="method navigator-link" hash-for-method="validateDiastolic([Thaniga, 9090, 75, 8, Above 100, 60-80 BPM, 131, 78, 86, 150, 5, 10, 7, 3, 73])">validateDiastolic([Thaniga, 9090, 75, 8, Above 100, 60-80 BPM, 131, 78, 86, 150, 5, 10, 7, 3, 73])</a> <!-- method navigator-link -->
=======
                        <a href="#" panel-name="suite-Default_suite" title="tests.TestScripts" class="method navigator-link" hash-for-method="validateDiastolic([akash, ra#2, 55, 10, 81-90 BPM, 50-59 BPM, 110, 40, 70, 100, 7, 7, 10, 3, 80])">validateDiastolic([akash, ra#2, 55, 10, 81-90 BPM, 50-59 BPM, 110, 40, 70, 100, 7, 7, 10, 3, 80])</a> <!-- method navigator-link -->
                      </span>
                      <br/>
                      <span>
                        <img src="failed.png" width="3%"/>
                        <a href="#" panel-name="suite-Default_suite" title="tests.TestScripts" class="method navigator-link" hash-for-method="validateDiastolic([Thaniga, 9090, 75, 8, Above 100, 60-80 BPM, 131, 78, 86, 150, 5, 10, 7, 3, 73])">validateDiastolic([Thaniga, 9090, 75, 8, Above 100, 60-80 BPM, 131, 78, 86, 150, 5, 10, 7, 3, 73])</a> <!-- method navigator-link -->
                      </span>
                      <br/>
                      <span>
                        <img src="failed.png" width="3%"/>
                        <a href="#" panel-name="suite-Default_suite" title="tests.TestScripts" class="method navigator-link" hash-for-method="validateDiastolic([vetri, bib456, 56, 5, 91-100 BPM, 60-80 BPM, 130, 45, 85, 101, 5, 10, 10, 0, 83])">validateDiastolic([vetri, bib456, 56, 5, 91-100 BPM, 60-80 BPM, 130, 45, 85, 101, 5, 10, 10, 0, 83])</a> <!-- method navigator-link -->
>>>>>>> branch 'main' of https://github.com/Gnanaprakash-S/NoSuchTeam.git
                      </span>
                      <br/>
                    </div> <!-- method-list-content failed suite-Default_suite -->
>>>>>>> branch 'main' of https://github.com/Gnanaprakash-S/NoSuchTeam.git
=======
                    <span class="method-stats">1 method,   1 passed</span>
>>>>>>> branch 'main' of https://github.com/Gnanaprakash-S/NoSuchTeam.git
                  </li>
                  <li>
                    <span class="method-list-title failed">Failed methods</span>
                    <span class="show-or-hide-methods failed">
                      <a href="#" panel-name="suite-Default_suite" class="hide-methods failed suite-Default_suite"> (hide)</a> <!-- hide-methods failed suite-Default_suite -->
                      <a href="#" panel-name="suite-Default_suite" class="show-methods failed suite-Default_suite"> (show)</a> <!-- show-methods failed suite-Default_suite -->
                    </span>
                    <div class="method-list-content failed suite-Default_suite">
                      <span>
<<<<<<< HEAD
                        <img src="failed.png" width="3%"/>
                        <a href="#" panel-name="suite-Default_suite" title="tests.TestScripts" class="method navigator-link" hash-for-method="Doctor">Doctor</a> <!-- method navigator-link -->
=======
                        <img src="passed.png" width="3%"/>
<<<<<<< HEAD
                        <a href="#" panel-name="suite-Default_suite" title="tests.TestScripts" class="method navigator-link" hash-for-method="validateDiastolic([Dhanush,  , 21, 17, Below 40, Below 40, 80, 79, 50, 30, 10, 2, 4, 2, 53])">validateDiastolic([Dhanush,  , 21, 17, Below 40, Below 40, 80, 79, 50, 30, 10, 2, 4, 2, 53])</a> <!-- method navigator-link -->
                      </span>
                      <br/>
                      <span>
                        <img src="passed.png" width="3%"/>
                        <a href="#" panel-name="suite-Default_suite" title="tests.TestScripts" class="method navigator-link" hash-for-method="validateDiastolic([Prakash, Dha123, 18, 16, 40-49 BPM, 40-49 BPM, 89, 151, 59, 29, 10, 4, 4, 0, 60])">validateDiastolic([Prakash, Dha123, 18, 16, 40-49 BPM, 40-49 BPM, 89, 151, 59, 29, 10, 4, 4, 0, 60])</a> <!-- method navigator-link -->
                      </span>
                      <br/>
                      <span>
                        <img src="passed.png" width="3%"/>
                        <a href="#" panel-name="suite-Default_suite" title="tests.TestScripts" class="method navigator-link" hash-for-method="validateDiastolic([bilal, *(@dha, 35, 15, 50-59 BPM, 40-49 BPM, 90, 20, 60, 40, 10, 4, 7, 3, 70])">validateDiastolic([bilal, *(@dha, 35, 15, 50-59 BPM, 40-49 BPM, 90, 20, 60, 40, 10, 4, 7, 3, 70])</a> <!-- method navigator-link -->
                      </span>
                      <br/>
                      <span>
                        <img src="passed.png" width="3%"/>
                        <a href="#" panel-name="suite-Default_suite" title="tests.TestScripts" class="method navigator-link" hash-for-method="validateDiastolic([deva, 45678, 36, 1, 60-80 BPM, 50-59 BPM, 109, 30, 69, 49, 7, 7, 7, 0, 70])">validateDiastolic([deva, 45678, 36, 1, 60-80 BPM, 50-59 BPM, 109, 30, 69, 49, 7, 7, 7, 0, 70])</a> <!-- method navigator-link -->
>>>>>>> branch 'main' of https://github.com/Gnanaprakash-S/NoSuchTeam.git
=======
                        <a href="#" panel-name="suite-Default_suite" title="tests.TestScripts" class="method navigator-link" hash-for-method="validateResetButton">validateResetButton</a> <!-- method navigator-link -->
>>>>>>> branch 'main' of https://github.com/Gnanaprakash-S/NoSuchTeam.git
                      </span>
                      <br/>
                      <span>
                        <img src="failed.png" width="3%"/>
                        <a href="#" panel-name="suite-Default_suite" title="tests.TestScripts" class="method navigator-link" hash-for-method="Range">Range</a> <!-- method navigator-link -->
                      </span>
                      <br/>
                      <span>
                        <img src="failed.png" width="3%"/>
                        <a href="#" panel-name="suite-Default_suite" title="tests.TestScripts" class="method navigator-link" hash-for-method="Success">Success</a> <!-- method navigator-link -->
                      </span>
                      <br/>
                    </div> <!-- method-list-content failed suite-Default_suite -->
                  </li>
                </ul>
              </div> <!-- suite-section-content -->
            </div> <!-- result-section -->
          </div> <!-- navigator-suite-content -->
        </div> <!-- rounded-window -->
      </div> <!-- suite -->
    </div> <!-- navigator-root -->
    <div class="wrapper">
      <div class="main-panel-root">
        <div panel-name="suite-Default_suite" class="panel Default_suite">
<<<<<<< HEAD
          <div class="suite-Default_suite-class-failed">
<<<<<<< HEAD
=======
            <div class="main-panel-header rounded-window-top">
              <img src="failed.png"/>
              <span class="class-name">tests.TestScripts</span>
            </div> <!-- main-panel-header rounded-window-top -->
            <div class="main-panel-content rounded-window-bottom">
              <div class="method">
                <div class="method-content">
<<<<<<< HEAD
                  <a name="validateDiastolic([vetri, bib456, 56, 5, 91-100 BPM, 60-80 BPM, 130, 45, 85, 101, 5, 10, 10, 0, 83])">
                  </a> <!-- validateDiastolic([vetri, bib456, 56, 5, 91-100 BPM, 60-80 BPM, 130, 45, 85, 101, 5, 10, 10, 0, 83]) -->
                  <span class="method-name">validateDiastolic</span>
                  <span class="parameters">([vetri, bib456, 56, 5, 91-100 BPM, 60-80 BPM, 130, 45, 85, 101, 5, 10, 10, 0, 83])</span>
                  <div class="stack-trace">java.lang.AssertionError: 101 DiastolicBP needs to fails but pass. expected [false] but found [true]
	at org.testng.Assert.fail(Assert.java:111)
	at org.testng.Assert.failNotEquals(Assert.java:1590)
	at org.testng.Assert.assertFalse(Assert.java:79)
	at tests.TestScripts.validateDiastolic(TestScripts.java:59)
	at java.base/jdk.internal.reflect.DirectMethodHandleAccessor.invoke(DirectMethodHandleAccessor.java:103)
	at java.base/java.lang.reflect.Method.invoke(Method.java:580)
	at org.testng.internal.invokers.MethodInvocationHelper.invokeMethod(MethodInvocationHelper.java:141)
	at org.testng.internal.invokers.TestInvoker.invokeMethod(TestInvoker.java:687)
	at org.testng.internal.invokers.TestInvoker.invokeTestMethod(TestInvoker.java:230)
	at org.testng.internal.invokers.MethodRunner.runInSequence(MethodRunner.java:63)
	at org.testng.internal.invokers.TestInvoker$MethodInvocationAgent.invoke(TestInvoker.java:995)
	at org.testng.internal.invokers.TestInvoker.invokeTestMethods(TestInvoker.java:203)
	at org.testng.internal.invokers.TestMethodWorker.invokeTestMethods(TestMethodWorker.java:154)
	at org.testng.internal.invokers.TestMethodWorker.run(TestMethodWorker.java:134)
	at java.base/java.util.ArrayList.forEach(ArrayList.java:1596)
	at org.testng.TestRunner.privateRun(TestRunner.java:741)
	at org.testng.TestRunner.run(TestRunner.java:616)
	at org.testng.SuiteRunner.runTest(SuiteRunner.java:421)
	at org.testng.SuiteRunner.runSequentially(SuiteRunner.java:413)
	at org.testng.SuiteRunner.privateRun(SuiteRunner.java:373)
	at org.testng.SuiteRunner.run(SuiteRunner.java:312)
	at org.testng.SuiteRunnerWorker.runSuite(SuiteRunnerWorker.java:52)
	at org.testng.SuiteRunnerWorker.run(SuiteRunnerWorker.java:95)
	at org.testng.TestNG.runSuitesSequentially(TestNG.java:1274)
	at org.testng.TestNG.runSuitesLocally(TestNG.java:1208)
	at org.testng.TestNG.runSuites(TestNG.java:1112)
	at org.testng.TestNG.run(TestNG.java:1079)
	at org.testng.remote.AbstractRemoteTestNG.run(AbstractRemoteTestNG.java:115)
	at org.testng.remote.RemoteTestNG.initAndRun(RemoteTestNG.java:293)
	at org.testng.remote.RemoteTestNG.main(RemoteTestNG.java:91)

</div> <!-- stack-trace -->
                </div> <!-- method-content -->
              </div> <!-- method -->
              <div class="method">
                <div class="method-content">
                  <a name="validateDiastolic([akash, ra, 55, 10, 81-90 BPM, 50-59 BPM, 110, 40, 70, 100, 7, 7, 10, 3, 80])">
                  </a> <!-- validateDiastolic([akash, ra, 55, 10, 81-90 BPM, 50-59 BPM, 110, 40, 70, 100, 7, 7, 10, 3, 80]) -->
                  <span class="method-name">validateDiastolic</span>
                  <span class="parameters">([akash, ra, 55, 10, 81-90 BPM, 50-59 BPM, 110, 40, 70, 100, 7, 7, 10, 3, 80])</span>
                  <div class="stack-trace">java.lang.AssertionError: 100 DiastolicBP needs to fails but pass. expected [false] but found [true]
	at org.testng.Assert.fail(Assert.java:111)
	at org.testng.Assert.failNotEquals(Assert.java:1590)
	at org.testng.Assert.assertFalse(Assert.java:79)
	at tests.TestScripts.validateDiastolic(TestScripts.java:59)
	at java.base/jdk.internal.reflect.DirectMethodHandleAccessor.invoke(DirectMethodHandleAccessor.java:103)
	at java.base/java.lang.reflect.Method.invoke(Method.java:580)
	at org.testng.internal.invokers.MethodInvocationHelper.invokeMethod(MethodInvocationHelper.java:141)
	at org.testng.internal.invokers.TestInvoker.invokeMethod(TestInvoker.java:687)
	at org.testng.internal.invokers.TestInvoker.invokeTestMethod(TestInvoker.java:230)
	at org.testng.internal.invokers.MethodRunner.runInSequence(MethodRunner.java:63)
	at org.testng.internal.invokers.TestInvoker$MethodInvocationAgent.invoke(TestInvoker.java:995)
	at org.testng.internal.invokers.TestInvoker.invokeTestMethods(TestInvoker.java:203)
	at org.testng.internal.invokers.TestMethodWorker.invokeTestMethods(TestMethodWorker.java:154)
	at org.testng.internal.invokers.TestMethodWorker.run(TestMethodWorker.java:134)
	at java.base/java.util.ArrayList.forEach(ArrayList.java:1596)
	at org.testng.TestRunner.privateRun(TestRunner.java:741)
	at org.testng.TestRunner.run(TestRunner.java:616)
	at org.testng.SuiteRunner.runTest(SuiteRunner.java:421)
	at org.testng.SuiteRunner.runSequentially(SuiteRunner.java:413)
	at org.testng.SuiteRunner.privateRun(SuiteRunner.java:373)
	at org.testng.SuiteRunner.run(SuiteRunner.java:312)
	at org.testng.SuiteRunnerWorker.runSuite(SuiteRunnerWorker.java:52)
	at org.testng.SuiteRunnerWorker.run(SuiteRunnerWorker.java:95)
	at org.testng.TestNG.runSuitesSequentially(TestNG.java:1274)
	at org.testng.TestNG.runSuitesLocally(TestNG.java:1208)
	at org.testng.TestNG.runSuites(TestNG.java:1112)
	at org.testng.TestNG.run(TestNG.java:1079)
	at org.testng.remote.AbstractRemoteTestNG.run(AbstractRemoteTestNG.java:115)
	at org.testng.remote.RemoteTestNG.initAndRun(RemoteTestNG.java:293)
	at org.testng.remote.RemoteTestNG.main(RemoteTestNG.java:91)

</div> <!-- stack-trace -->
                </div> <!-- method-content -->
              </div> <!-- method -->
              <div class="method">
                <div class="method-content">
                  <a name="validateDiastolic([Thaniga, 9090, 75, 8, Above 100, 60-80 BPM, 131, 78, 86, 150, 5, 10, 7, 3, 73])">
                  </a> <!-- validateDiastolic([Thaniga, 9090, 75, 8, Above 100, 60-80 BPM, 131, 78, 86, 150, 5, 10, 7, 3, 73]) -->
                  <span class="method-name">validateDiastolic</span>
                  <span class="parameters">([Thaniga, 9090, 75, 8, Above 100, 60-80 BPM, 131, 78, 86, 150, 5, 10, 7, 3, 73])</span>
                  <div class="stack-trace">java.lang.AssertionError: 150 DiastolicBP needs to fails but pass. expected [false] but found [true]
	at org.testng.Assert.fail(Assert.java:111)
	at org.testng.Assert.failNotEquals(Assert.java:1590)
	at org.testng.Assert.assertFalse(Assert.java:79)
	at tests.TestScripts.validateDiastolic(TestScripts.java:59)
=======
                  <a name="validateDiastolic([akash, ra#2, 55, 10, 81-90 BPM, 50-59 BPM, 110, 40, 70, 100, 7, 7, 10, 3, 80])">
                  </a> <!-- validateDiastolic([akash, ra#2, 55, 10, 81-90 BPM, 50-59 BPM, 110, 40, 70, 100, 7, 7, 10, 3, 80]) -->
                  <span class="method-name">validateDiastolic</span>
                  <span class="parameters">([akash, ra#2, 55, 10, 81-90 BPM, 50-59 BPM, 110, 40, 70, 100, 7, 7, 10, 3, 80])</span>
                  <div class="stack-trace">org.openqa.selenium.UnhandledAlertException: unexpected alert open: {Alert text : Provided BP values are not valid. Please Check Once Again}
  (Session info: chrome=137.0.7151.69): Provided BP values are not valid. Please Check Once Again
Build info: version: &apos;4.32.0&apos;, revision: &apos;d17c8aa950&apos;
System info: os.name: &apos;Windows 11&apos;, os.arch: &apos;amd64&apos;, os.version: &apos;10.0&apos;, java.version: &apos;21.0.5&apos;
Driver info: org.openqa.selenium.chrome.ChromeDriver
Command: [ec87eb07d118c560bd35db2ed50f8bb4, findElement {using=id, value=bp-diastolic}]
Capabilities {acceptInsecureCerts: false, browserName: chrome, browserVersion: 137.0.7151.69, chrome: {chromedriverVersion: 137.0.7151.119 (e0ac9d12dff..., userDataDir: C:\Users\2401015\AppData\Lo...}, fedcm:accounts: true, goog:chromeOptions: {debuggerAddress: localhost:52601}, networkConnectionEnabled: false, pageLoadStrategy: normal, platformName: windows, proxy: Proxy(), se:cdp: ws://localhost:52601/devtoo..., se:cdpVersion: 137.0.7151.69, setWindowRect: true, strictFileInteractability: false, timeouts: {implicit: 0, pageLoad: 300000, script: 30000}, unhandledPromptBehavior: dismiss and notify, webauthn:extension:credBlob: true, webauthn:extension:largeBlob: true, webauthn:extension:minPinLength: true, webauthn:extension:prf: true, webauthn:virtualAuthenticators: true}
Session ID: ec87eb07d118c560bd35db2ed50f8bb4
	at org.openqa.selenium.remote.codec.w3c.W3CHttpResponseCodec.decode(W3CHttpResponseCodec.java:136)
	at org.openqa.selenium.remote.codec.w3c.W3CHttpResponseCodec.decode(W3CHttpResponseCodec.java:50)
	at org.openqa.selenium.remote.HttpCommandExecutor.execute(HttpCommandExecutor.java:215)
	at org.openqa.selenium.remote.service.DriverCommandExecutor.invokeExecute(DriverCommandExecutor.java:216)
	at org.openqa.selenium.remote.service.DriverCommandExecutor.execute(DriverCommandExecutor.java:174)
	at org.openqa.selenium.remote.RemoteWebDriver.execute(RemoteWebDriver.java:545)
	at org.openqa.selenium.remote.ElementLocation$ElementFinder$2.findElement(ElementLocation.java:165)
	at org.openqa.selenium.remote.ElementLocation.findElement(ElementLocation.java:59)
	at org.openqa.selenium.remote.RemoteWebDriver.findElement(RemoteWebDriver.java:368)
	at org.openqa.selenium.remote.RemoteWebDriver.findElement(RemoteWebDriver.java:362)
	at org.openqa.selenium.support.pagefactory.DefaultElementLocator.findElement(DefaultElementLocator.java:68)
	at org.openqa.selenium.support.pagefactory.internal.LocatingElementHandler.invoke(LocatingElementHandler.java:38)
	at jdk.proxy2/jdk.proxy2.$Proxy16.getWrappedElement(Unknown Source)
	at org.openqa.selenium.remote.WebElementToJsonConverter.apply(WebElementToJsonConverter.java:48)
	at java.base/java.util.stream.ReferencePipeline$3$1.accept(ReferencePipeline.java:197)
	at java.base/java.util.Spliterators$ArraySpliterator.forEachRemaining(Spliterators.java:1024)
	at java.base/java.util.stream.AbstractPipeline.copyInto(AbstractPipeline.java:509)
	at java.base/java.util.stream.AbstractPipeline.wrapAndCopyInto(AbstractPipeline.java:499)
	at java.base/java.util.stream.ReduceOps$ReduceOp.evaluateSequential(ReduceOps.java:921)
	at java.base/java.util.stream.AbstractPipeline.evaluate(AbstractPipeline.java:234)
	at java.base/java.util.stream.ReferencePipeline.collect(ReferencePipeline.java:682)
	at org.openqa.selenium.remote.RemoteWebDriver.executeScript(RemoteWebDriver.java:474)
	at pages.HomePage.verify(HomePage.java:53)
	at pages.HomePage.diastolicBP(HomePage.java:124)
	at tests.TestScripts.validateDiastolic(TestScripts.java:63)
	at java.base/jdk.internal.reflect.DirectMethodHandleAccessor.invoke(DirectMethodHandleAccessor.java:103)
	at java.base/java.lang.reflect.Method.invoke(Method.java:580)
	at org.testng.internal.invokers.MethodInvocationHelper.invokeMethod(MethodInvocationHelper.java:141)
	at org.testng.internal.invokers.TestInvoker.invokeMethod(TestInvoker.java:687)
	at org.testng.internal.invokers.TestInvoker.invokeTestMethod(TestInvoker.java:230)
	at org.testng.internal.invokers.MethodRunner.runInSequence(MethodRunner.java:63)
	at org.testng.internal.invokers.TestInvoker$MethodInvocationAgent.invoke(TestInvoker.java:995)
	at org.testng.internal.invokers.TestInvoker.invokeTestMethods(TestInvoker.java:203)
	at org.testng.internal.invokers.TestMethodWorker.invokeTestMethods(TestMethodWorker.java:154)
	at org.testng.internal.invokers.TestMethodWorker.run(TestMethodWorker.java:134)
	at java.base/java.util.ArrayList.forEach(ArrayList.java:1596)
	at org.testng.TestRunner.privateRun(TestRunner.java:741)
	at org.testng.TestRunner.run(TestRunner.java:616)
	at org.testng.SuiteRunner.runTest(SuiteRunner.java:421)
	at org.testng.SuiteRunner.runSequentially(SuiteRunner.java:413)
	at org.testng.SuiteRunner.privateRun(SuiteRunner.java:373)
	at org.testng.SuiteRunner.run(SuiteRunner.java:312)
	at org.testng.SuiteRunnerWorker.runSuite(SuiteRunnerWorker.java:52)
	at org.testng.SuiteRunnerWorker.run(SuiteRunnerWorker.java:95)
	at org.testng.TestNG.runSuitesSequentially(TestNG.java:1274)
	at org.testng.TestNG.runSuitesLocally(TestNG.java:1208)
	at org.testng.TestNG.runSuites(TestNG.java:1112)
	at org.testng.TestNG.run(TestNG.java:1079)
	at org.testng.remote.AbstractRemoteTestNG.run(AbstractRemoteTestNG.java:115)
	at org.testng.remote.RemoteTestNG.initAndRun(RemoteTestNG.java:293)
	at org.testng.remote.RemoteTestNG.main(RemoteTestNG.java:91)

</div> <!-- stack-trace -->
                </div> <!-- method-content -->
              </div> <!-- method -->
              <div class="method">
                <div class="method-content">
                  <a name="validateDiastolic([Thaniga, 9090, 75, 8, Above 100, 60-80 BPM, 131, 78, 86, 150, 5, 10, 7, 3, 73])">
                  </a> <!-- validateDiastolic([Thaniga, 9090, 75, 8, Above 100, 60-80 BPM, 131, 78, 86, 150, 5, 10, 7, 3, 73]) -->
                  <span class="method-name">validateDiastolic</span>
                  <span class="parameters">([Thaniga, 9090, 75, 8, Above 100, 60-80 BPM, 131, 78, 86, 150, 5, 10, 7, 3, 73])</span>
                  <div class="stack-trace">java.lang.AssertionError: 150 DiastolicBP needs to fails but pass. expected [false] but found [true]
	at org.testng.Assert.fail(Assert.java:111)
	at org.testng.Assert.failNotEquals(Assert.java:1590)
	at org.testng.Assert.assertFalse(Assert.java:79)
	at tests.TestScripts.validateDiastolic(TestScripts.java:63)
	at java.base/jdk.internal.reflect.DirectMethodHandleAccessor.invoke(DirectMethodHandleAccessor.java:103)
	at java.base/java.lang.reflect.Method.invoke(Method.java:580)
	at org.testng.internal.invokers.MethodInvocationHelper.invokeMethod(MethodInvocationHelper.java:141)
	at org.testng.internal.invokers.TestInvoker.invokeMethod(TestInvoker.java:687)
	at org.testng.internal.invokers.TestInvoker.invokeTestMethod(TestInvoker.java:230)
	at org.testng.internal.invokers.MethodRunner.runInSequence(MethodRunner.java:63)
	at org.testng.internal.invokers.TestInvoker$MethodInvocationAgent.invoke(TestInvoker.java:995)
	at org.testng.internal.invokers.TestInvoker.invokeTestMethods(TestInvoker.java:203)
	at org.testng.internal.invokers.TestMethodWorker.invokeTestMethods(TestMethodWorker.java:154)
	at org.testng.internal.invokers.TestMethodWorker.run(TestMethodWorker.java:134)
	at java.base/java.util.ArrayList.forEach(ArrayList.java:1596)
	at org.testng.TestRunner.privateRun(TestRunner.java:741)
	at org.testng.TestRunner.run(TestRunner.java:616)
	at org.testng.SuiteRunner.runTest(SuiteRunner.java:421)
	at org.testng.SuiteRunner.runSequentially(SuiteRunner.java:413)
	at org.testng.SuiteRunner.privateRun(SuiteRunner.java:373)
	at org.testng.SuiteRunner.run(SuiteRunner.java:312)
	at org.testng.SuiteRunnerWorker.runSuite(SuiteRunnerWorker.java:52)
	at org.testng.SuiteRunnerWorker.run(SuiteRunnerWorker.java:95)
	at org.testng.TestNG.runSuitesSequentially(TestNG.java:1274)
	at org.testng.TestNG.runSuitesLocally(TestNG.java:1208)
	at org.testng.TestNG.runSuites(TestNG.java:1112)
	at org.testng.TestNG.run(TestNG.java:1079)
	at org.testng.remote.AbstractRemoteTestNG.run(AbstractRemoteTestNG.java:115)
	at org.testng.remote.RemoteTestNG.initAndRun(RemoteTestNG.java:293)
	at org.testng.remote.RemoteTestNG.main(RemoteTestNG.java:91)

</div> <!-- stack-trace -->
                </div> <!-- method-content -->
              </div> <!-- method -->
              <div class="method">
                <div class="method-content">
                  <a name="validateDiastolic([vetri, bib456, 56, 5, 91-100 BPM, 60-80 BPM, 130, 45, 85, 101, 5, 10, 10, 0, 83])">
                  </a> <!-- validateDiastolic([vetri, bib456, 56, 5, 91-100 BPM, 60-80 BPM, 130, 45, 85, 101, 5, 10, 10, 0, 83]) -->
                  <span class="method-name">validateDiastolic</span>
                  <span class="parameters">([vetri, bib456, 56, 5, 91-100 BPM, 60-80 BPM, 130, 45, 85, 101, 5, 10, 10, 0, 83])</span>
                  <div class="stack-trace">java.lang.AssertionError: 101 DiastolicBP needs to fails but pass. expected [false] but found [true]
	at org.testng.Assert.fail(Assert.java:111)
	at org.testng.Assert.failNotEquals(Assert.java:1590)
	at org.testng.Assert.assertFalse(Assert.java:79)
	at tests.TestScripts.validateDiastolic(TestScripts.java:63)
>>>>>>> branch 'main' of https://github.com/Gnanaprakash-S/NoSuchTeam.git
	at java.base/jdk.internal.reflect.DirectMethodHandleAccessor.invoke(DirectMethodHandleAccessor.java:103)
	at java.base/java.lang.reflect.Method.invoke(Method.java:580)
	at org.testng.internal.invokers.MethodInvocationHelper.invokeMethod(MethodInvocationHelper.java:141)
	at org.testng.internal.invokers.TestInvoker.invokeMethod(TestInvoker.java:687)
	at org.testng.internal.invokers.TestInvoker.invokeTestMethod(TestInvoker.java:230)
	at org.testng.internal.invokers.MethodRunner.runInSequence(MethodRunner.java:63)
	at org.testng.internal.invokers.TestInvoker$MethodInvocationAgent.invoke(TestInvoker.java:995)
	at org.testng.internal.invokers.TestInvoker.invokeTestMethods(TestInvoker.java:203)
	at org.testng.internal.invokers.TestMethodWorker.invokeTestMethods(TestMethodWorker.java:154)
	at org.testng.internal.invokers.TestMethodWorker.run(TestMethodWorker.java:134)
	at java.base/java.util.ArrayList.forEach(ArrayList.java:1596)
	at org.testng.TestRunner.privateRun(TestRunner.java:741)
	at org.testng.TestRunner.run(TestRunner.java:616)
	at org.testng.SuiteRunner.runTest(SuiteRunner.java:421)
	at org.testng.SuiteRunner.runSequentially(SuiteRunner.java:413)
	at org.testng.SuiteRunner.privateRun(SuiteRunner.java:373)
	at org.testng.SuiteRunner.run(SuiteRunner.java:312)
	at org.testng.SuiteRunnerWorker.runSuite(SuiteRunnerWorker.java:52)
	at org.testng.SuiteRunnerWorker.run(SuiteRunnerWorker.java:95)
	at org.testng.TestNG.runSuitesSequentially(TestNG.java:1274)
	at org.testng.TestNG.runSuitesLocally(TestNG.java:1208)
	at org.testng.TestNG.runSuites(TestNG.java:1112)
	at org.testng.TestNG.run(TestNG.java:1079)
	at org.testng.remote.AbstractRemoteTestNG.run(AbstractRemoteTestNG.java:115)
	at org.testng.remote.RemoteTestNG.initAndRun(RemoteTestNG.java:293)
	at org.testng.remote.RemoteTestNG.main(RemoteTestNG.java:91)

</div> <!-- stack-trace -->
                </div> <!-- method-content -->
              </div> <!-- method -->
            </div> <!-- main-panel-content rounded-window-bottom -->
          </div> <!-- suite-Default_suite-class-failed -->
=======
>>>>>>> branch 'main' of https://github.com/Gnanaprakash-S/NoSuchTeam.git
          <div class="suite-Default_suite-class-passed">
>>>>>>> branch 'main' of https://github.com/Gnanaprakash-S/NoSuchTeam.git
            <div class="main-panel-header rounded-window-top">
              <img src="failed.png"/>
              <span class="class-name">tests.TestScripts</span>
            </div> <!-- main-panel-header rounded-window-top -->
            <div class="main-panel-content rounded-window-bottom">
              <div class="method">
                <div class="method-content">
<<<<<<< HEAD
<<<<<<< HEAD
                  <a name="Doctor">
                  </a> <!-- Doctor -->
                  <span class="method-name">Doctor</span>
                  <div class="stack-trace">java.lang.AssertionError: null
	at org.testng.Assert.fail(Assert.java:111)
	at org.testng.Assert.fail(Assert.java:116)
	at pages.HomePage.consultDoctor(HomePage.java:214)
	at tests.TestScripts.Doctor(TestScripts.java:74)
	at java.base/jdk.internal.reflect.DirectMethodHandleAccessor.invoke(DirectMethodHandleAccessor.java:103)
	at java.base/java.lang.reflect.Method.invoke(Method.java:580)
	at org.testng.internal.invokers.MethodInvocationHelper.invokeMethod(MethodInvocationHelper.java:141)
	at org.testng.internal.invokers.TestInvoker.invokeMethod(TestInvoker.java:687)
	at org.testng.internal.invokers.TestInvoker.invokeTestMethod(TestInvoker.java:230)
	at org.testng.internal.invokers.MethodRunner.runInSequence(MethodRunner.java:63)
	at org.testng.internal.invokers.TestInvoker$MethodInvocationAgent.invoke(TestInvoker.java:995)
	at org.testng.internal.invokers.TestInvoker.invokeTestMethods(TestInvoker.java:203)
	at org.testng.internal.invokers.TestMethodWorker.invokeTestMethods(TestMethodWorker.java:154)
	at org.testng.internal.invokers.TestMethodWorker.run(TestMethodWorker.java:134)
	at java.base/java.util.ArrayList.forEach(ArrayList.java:1596)
	at org.testng.TestRunner.privateRun(TestRunner.java:741)
	at org.testng.TestRunner.run(TestRunner.java:616)
	at org.testng.SuiteRunner.runTest(SuiteRunner.java:421)
	at org.testng.SuiteRunner.runSequentially(SuiteRunner.java:413)
	at org.testng.SuiteRunner.privateRun(SuiteRunner.java:373)
	at org.testng.SuiteRunner.run(SuiteRunner.java:312)
	at org.testng.SuiteRunnerWorker.runSuite(SuiteRunnerWorker.java:52)
	at org.testng.SuiteRunnerWorker.run(SuiteRunnerWorker.java:95)
	at org.testng.TestNG.runSuitesSequentially(TestNG.java:1274)
	at org.testng.TestNG.runSuitesLocally(TestNG.java:1208)
	at org.testng.TestNG.runSuites(TestNG.java:1112)
	at org.testng.TestNG.run(TestNG.java:1079)
	at org.testng.remote.AbstractRemoteTestNG.run(AbstractRemoteTestNG.java:115)
	at org.testng.remote.RemoteTestNG.initAndRun(RemoteTestNG.java:293)
	at org.testng.remote.RemoteTestNG.main(RemoteTestNG.java:91)

</div> <!-- stack-trace -->
                </div> <!-- method-content -->
              </div> <!-- method -->
              <div class="method">
                <div class="method-content">
                  <a name="Range">
                  </a> <!-- Range -->
                  <span class="method-name">Range</span>
                  <div class="stack-trace">java.lang.AssertionError: null
	at org.testng.Assert.fail(Assert.java:111)
	at org.testng.Assert.fail(Assert.java:116)
	at pages.HomePage.notInRange(HomePage.java:243)
	at tests.TestScripts.Range(TestScripts.java:80)
	at java.base/jdk.internal.reflect.DirectMethodHandleAccessor.invoke(DirectMethodHandleAccessor.java:103)
	at java.base/java.lang.reflect.Method.invoke(Method.java:580)
	at org.testng.internal.invokers.MethodInvocationHelper.invokeMethod(MethodInvocationHelper.java:141)
	at org.testng.internal.invokers.TestInvoker.invokeMethod(TestInvoker.java:687)
	at org.testng.internal.invokers.TestInvoker.invokeTestMethod(TestInvoker.java:230)
	at org.testng.internal.invokers.MethodRunner.runInSequence(MethodRunner.java:63)
	at org.testng.internal.invokers.TestInvoker$MethodInvocationAgent.invoke(TestInvoker.java:995)
	at org.testng.internal.invokers.TestInvoker.invokeTestMethods(TestInvoker.java:203)
	at org.testng.internal.invokers.TestMethodWorker.invokeTestMethods(TestMethodWorker.java:154)
	at org.testng.internal.invokers.TestMethodWorker.run(TestMethodWorker.java:134)
	at java.base/java.util.ArrayList.forEach(ArrayList.java:1596)
	at org.testng.TestRunner.privateRun(TestRunner.java:741)
	at org.testng.TestRunner.run(TestRunner.java:616)
	at org.testng.SuiteRunner.runTest(SuiteRunner.java:421)
	at org.testng.SuiteRunner.runSequentially(SuiteRunner.java:413)
	at org.testng.SuiteRunner.privateRun(SuiteRunner.java:373)
	at org.testng.SuiteRunner.run(SuiteRunner.java:312)
	at org.testng.SuiteRunnerWorker.runSuite(SuiteRunnerWorker.java:52)
	at org.testng.SuiteRunnerWorker.run(SuiteRunnerWorker.java:95)
	at org.testng.TestNG.runSuitesSequentially(TestNG.java:1274)
	at org.testng.TestNG.runSuitesLocally(TestNG.java:1208)
	at org.testng.TestNG.runSuites(TestNG.java:1112)
	at org.testng.TestNG.run(TestNG.java:1079)
	at org.testng.remote.AbstractRemoteTestNG.run(AbstractRemoteTestNG.java:115)
	at org.testng.remote.RemoteTestNG.initAndRun(RemoteTestNG.java:293)
	at org.testng.remote.RemoteTestNG.main(RemoteTestNG.java:91)

</div> <!-- stack-trace -->
                </div> <!-- method-content -->
              </div> <!-- method -->
              <div class="method">
                <div class="method-content">
                  <a name="Success">
                  </a> <!-- Success -->
                  <span class="method-name">Success</span>
                  <div class="stack-trace">java.lang.AssertionError: null
	at org.testng.Assert.fail(Assert.java:111)
	at org.testng.Assert.fail(Assert.java:116)
	at pages.HomePage.success(HomePage.java:276)
	at tests.TestScripts.Success(TestScripts.java:86)
	at java.base/jdk.internal.reflect.DirectMethodHandleAccessor.invoke(DirectMethodHandleAccessor.java:103)
	at java.base/java.lang.reflect.Method.invoke(Method.java:580)
	at org.testng.internal.invokers.MethodInvocationHelper.invokeMethod(MethodInvocationHelper.java:141)
	at org.testng.internal.invokers.TestInvoker.invokeMethod(TestInvoker.java:687)
	at org.testng.internal.invokers.TestInvoker.invokeTestMethod(TestInvoker.java:230)
	at org.testng.internal.invokers.MethodRunner.runInSequence(MethodRunner.java:63)
	at org.testng.internal.invokers.TestInvoker$MethodInvocationAgent.invoke(TestInvoker.java:995)
	at org.testng.internal.invokers.TestInvoker.invokeTestMethods(TestInvoker.java:203)
	at org.testng.internal.invokers.TestMethodWorker.invokeTestMethods(TestMethodWorker.java:154)
	at org.testng.internal.invokers.TestMethodWorker.run(TestMethodWorker.java:134)
	at java.base/java.util.ArrayList.forEach(ArrayList.java:1596)
	at org.testng.TestRunner.privateRun(TestRunner.java:741)
	at org.testng.TestRunner.run(TestRunner.java:616)
	at org.testng.SuiteRunner.runTest(SuiteRunner.java:421)
	at org.testng.SuiteRunner.runSequentially(SuiteRunner.java:413)
	at org.testng.SuiteRunner.privateRun(SuiteRunner.java:373)
	at org.testng.SuiteRunner.run(SuiteRunner.java:312)
	at org.testng.SuiteRunnerWorker.runSuite(SuiteRunnerWorker.java:52)
	at org.testng.SuiteRunnerWorker.run(SuiteRunnerWorker.java:95)
	at org.testng.TestNG.runSuitesSequentially(TestNG.java:1274)
	at org.testng.TestNG.runSuitesLocally(TestNG.java:1208)
	at org.testng.TestNG.runSuites(TestNG.java:1112)
	at org.testng.TestNG.run(TestNG.java:1079)
	at org.testng.remote.AbstractRemoteTestNG.run(AbstractRemoteTestNG.java:115)
	at org.testng.remote.RemoteTestNG.initAndRun(RemoteTestNG.java:293)
	at org.testng.remote.RemoteTestNG.main(RemoteTestNG.java:91)

</div> <!-- stack-trace -->
=======
                  <a name="validateDiastolic([Dhanush,  , 21, 17, Below 40, Below 40, 80, 79, 50, 30, 10, 2, 4, 2, 53])">
                  </a> <!-- validateDiastolic([Dhanush,  , 21, 17, Below 40, Below 40, 80, 79, 50, 30, 10, 2, 4, 2, 53]) -->
                  <span class="method-name">validateDiastolic</span>
                  <span class="parameters">([Dhanush,  , 21, 17, Below 40, Below 40, 80, 79, 50, 30, 10, 2, 4, 2, 53])</span>
                </div> <!-- method-content -->
              </div> <!-- method -->
              <div class="method">
                <div class="method-content">
                  <a name="validateDiastolic([Prakash, Dha123, 18, 16, 40-49 BPM, 40-49 BPM, 89, 151, 59, 29, 10, 4, 4, 0, 60])">
                  </a> <!-- validateDiastolic([Prakash, Dha123, 18, 16, 40-49 BPM, 40-49 BPM, 89, 151, 59, 29, 10, 4, 4, 0, 60]) -->
                  <span class="method-name">validateDiastolic</span>
                  <span class="parameters">([Prakash, Dha123, 18, 16, 40-49 BPM, 40-49 BPM, 89, 151, 59, 29, 10, 4, 4, 0, 60])</span>
                </div> <!-- method-content -->
              </div> <!-- method -->
              <div class="method">
                <div class="method-content">
                  <a name="validateDiastolic([bilal, *(@dha, 35, 15, 50-59 BPM, 40-49 BPM, 90, 20, 60, 40, 10, 4, 7, 3, 70])">
                  </a> <!-- validateDiastolic([bilal, *(@dha, 35, 15, 50-59 BPM, 40-49 BPM, 90, 20, 60, 40, 10, 4, 7, 3, 70]) -->
                  <span class="method-name">validateDiastolic</span>
                  <span class="parameters">([bilal, *(@dha, 35, 15, 50-59 BPM, 40-49 BPM, 90, 20, 60, 40, 10, 4, 7, 3, 70])</span>
                </div> <!-- method-content -->
              </div> <!-- method -->
              <div class="method">
                <div class="method-content">
                  <a name="validateDiastolic([deva, 45678, 36, 1, 60-80 BPM, 50-59 BPM, 109, 30, 69, 49, 7, 7, 7, 0, 70])">
                  </a> <!-- validateDiastolic([deva, 45678, 36, 1, 60-80 BPM, 50-59 BPM, 109, 30, 69, 49, 7, 7, 7, 0, 70]) -->
                  <span class="method-name">validateDiastolic</span>
                  <span class="parameters">([deva, 45678, 36, 1, 60-80 BPM, 50-59 BPM, 109, 30, 69, 49, 7, 7, 7, 0, 70])</span>
>>>>>>> branch 'main' of https://github.com/Gnanaprakash-S/NoSuchTeam.git
=======
                  <a name="validateResetButton">
                  </a> <!-- validateResetButton -->
                  <span class="method-name">validateResetButton</span>
>>>>>>> branch 'main' of https://github.com/Gnanaprakash-S/NoSuchTeam.git
                </div> <!-- method-content -->
              </div> <!-- method -->
            </div> <!-- main-panel-content rounded-window-bottom -->
          </div> <!-- suite-Default_suite-class-failed -->
        </div> <!-- panel Default_suite -->
        <div panel-name="test-xml-Default_suite" class="panel">
          <div class="main-panel-header rounded-window-top">
<<<<<<< HEAD
<<<<<<< HEAD
            <span class="header-content">C:\Users\2401217\AppData\Local\Temp\testng-eclipse-652969610\testng-customsuite.xml</span>
=======
<<<<<<< HEAD
            <span class="header-content">C:\Users\2401014\AppData\Local\Temp\testng-eclipse--1384541187\testng-customsuite.xml</span>
=======
            <span class="header-content">C:\Users\2401015\AppData\Local\Temp\testng-eclipse--1461319112\testng-customsuite.xml</span>
>>>>>>> branch 'main' of https://github.com/Gnanaprakash-S/NoSuchTeam.git
>>>>>>> branch 'main' of https://github.com/Gnanaprakash-S/NoSuchTeam.git
=======
            <span class="header-content">C:\Users\2401015\AppData\Local\Temp\testng-eclipse--386927878\testng-customsuite.xml</span>
>>>>>>> branch 'main' of https://github.com/Gnanaprakash-S/NoSuchTeam.git
          </div> <!-- main-panel-header rounded-window-top -->
          <div class="main-panel-content rounded-window-bottom">
            <pre>
&lt;?xml version=&quot;1.0&quot; encoding=&quot;UTF-8&quot;?&gt;
&lt;!DOCTYPE suite SYSTEM &quot;https://testng.org/testng-1.0.dtd&quot;&gt;
&lt;suite name=&quot;Default suite&quot; guice-stage=&quot;DEVELOPMENT&quot;&gt;
  &lt;test thread-count=&quot;5&quot; name=&quot;Default test&quot; verbose=&quot;2&quot;&gt;
    &lt;classes&gt;
<<<<<<< HEAD
      &lt;class name=&quot;tests.TestScripts&quot;/&gt;
=======
      &lt;class name=&quot;tests.TestScripts&quot;&gt;
        &lt;methods&gt;
          &lt;include name=&quot;validateResetButton&quot;/&gt;
        &lt;/methods&gt;
      &lt;/class&gt; &lt;!-- tests.TestScripts --&gt;
>>>>>>> branch 'main' of https://github.com/Gnanaprakash-S/NoSuchTeam.git
    &lt;/classes&gt;
  &lt;/test&gt; &lt;!-- Default test --&gt;
&lt;/suite&gt; &lt;!-- Default suite --&gt;
            </pre>
          </div> <!-- main-panel-content rounded-window-bottom -->
        </div> <!-- panel -->
        <div panel-name="testlist-Default_suite" class="panel">
          <div class="main-panel-header rounded-window-top">
            <span class="header-content">Tests for Default suite</span>
          </div> <!-- main-panel-header rounded-window-top -->
          <div class="main-panel-content rounded-window-bottom">
            <ul>
              <li>
                <span class="test-name">Default test (1 class)</span>
              </li>
            </ul>
          </div> <!-- main-panel-content rounded-window-bottom -->
        </div> <!-- panel -->
        <div panel-name="group-Default_suite" class="panel">
          <div class="main-panel-header rounded-window-top">
            <span class="header-content">Groups for Default suite</span>
          </div> <!-- main-panel-header rounded-window-top -->
          <div class="main-panel-content rounded-window-bottom">
          </div> <!-- main-panel-content rounded-window-bottom -->
        </div> <!-- panel -->
        <div panel-name="times-Default_suite" class="panel">
          <div class="main-panel-header rounded-window-top">
            <span class="header-content">Times for Default suite</span>
          </div> <!-- main-panel-header rounded-window-top -->
          <div class="main-panel-content rounded-window-bottom">
            <div class="times-div">
              <script type="text/javascript">
suiteTableInitFunctions.push('tableData_Default_suite');
function tableData_Default_suite() {
var data = new google.visualization.DataTable();
data.addColumn('number', 'Number');
data.addColumn('string', 'Method');
data.addColumn('string', 'Class');
data.addColumn('number', 'Time (ms)');
<<<<<<< HEAD
<<<<<<< HEAD
data.addRows(3);
=======
data.addRows(7);
>>>>>>> branch 'main' of https://github.com/Gnanaprakash-S/NoSuchTeam.git
=======
data.addRows(1);
>>>>>>> branch 'main' of https://github.com/Gnanaprakash-S/NoSuchTeam.git
data.setCell(0, 0, 0)
<<<<<<< HEAD
<<<<<<< HEAD
data.setCell(0, 1, 'Range')
=======
data.setCell(0, 1, 'validateDiastolic')
>>>>>>> branch 'main' of https://github.com/Gnanaprakash-S/NoSuchTeam.git
=======
data.setCell(0, 1, 'validateResetButton')
>>>>>>> branch 'main' of https://github.com/Gnanaprakash-S/NoSuchTeam.git
data.setCell(0, 2, 'tests.TestScripts')
<<<<<<< HEAD
<<<<<<< HEAD
data.setCell(0, 3, 73502);
data.setCell(1, 0, 1)
data.setCell(1, 1, 'Success')
data.setCell(1, 2, 'tests.TestScripts')
data.setCell(1, 3, 32537);
data.setCell(2, 0, 2)
data.setCell(2, 1, 'Doctor')
data.setCell(2, 2, 'tests.TestScripts')
data.setCell(2, 3, 15749);
=======
<<<<<<< HEAD
data.setCell(0, 3, 3131);
data.setCell(1, 0, 1)
data.setCell(1, 1, 'validateDiastolic')
data.setCell(1, 2, 'tests.TestScripts')
data.setCell(1, 3, 2623);
data.setCell(2, 0, 2)
data.setCell(2, 1, 'validateDiastolic')
data.setCell(2, 2, 'tests.TestScripts')
data.setCell(2, 3, 2533);
data.setCell(3, 0, 3)
data.setCell(3, 1, 'validateDiastolic')
data.setCell(3, 2, 'tests.TestScripts')
data.setCell(3, 3, 2517);
data.setCell(4, 0, 4)
data.setCell(4, 1, 'validateDiastolic')
data.setCell(4, 2, 'tests.TestScripts')
data.setCell(4, 3, 2395);
data.setCell(5, 0, 5)
data.setCell(5, 1, 'validateDiastolic')
data.setCell(5, 2, 'tests.TestScripts')
data.setCell(5, 3, 2390);
data.setCell(6, 0, 6)
data.setCell(6, 1, 'validateDiastolic')
data.setCell(6, 2, 'tests.TestScripts')
data.setCell(6, 3, 2360);
=======
data.setCell(0, 3, 1525);
data.setCell(1, 0, 1)
data.setCell(1, 1, 'validateDiastolic')
data.setCell(1, 2, 'tests.TestScripts')
data.setCell(1, 3, 1404);
data.setCell(2, 0, 2)
data.setCell(2, 1, 'validateDiastolic')
data.setCell(2, 2, 'tests.TestScripts')
data.setCell(2, 3, 1351);
data.setCell(3, 0, 3)
data.setCell(3, 1, 'validateDiastolic')
data.setCell(3, 2, 'tests.TestScripts')
data.setCell(3, 3, 1286);
data.setCell(4, 0, 4)
data.setCell(4, 1, 'validateDiastolic')
data.setCell(4, 2, 'tests.TestScripts')
data.setCell(4, 3, 1217);
data.setCell(5, 0, 5)
data.setCell(5, 1, 'validateDiastolic')
data.setCell(5, 2, 'tests.TestScripts')
data.setCell(5, 3, 1137);
data.setCell(6, 0, 6)
data.setCell(6, 1, 'validateDiastolic')
data.setCell(6, 2, 'tests.TestScripts')
data.setCell(6, 3, 1096);
>>>>>>> branch 'main' of https://github.com/Gnanaprakash-S/NoSuchTeam.git
>>>>>>> branch 'main' of https://github.com/Gnanaprakash-S/NoSuchTeam.git
=======
data.setCell(0, 3, 2674);
>>>>>>> branch 'main' of https://github.com/Gnanaprakash-S/NoSuchTeam.git
window.suiteTableData['Default_suite']= { tableData: data, tableDiv: 'times-div-Default_suite'}
return data;
}
              </script>
<<<<<<< HEAD
<<<<<<< HEAD
              <span class="suite-total-time">Total running time: 2 minutes</span>
=======
<<<<<<< HEAD
              <span class="suite-total-time">Total running time: 17 seconds</span>
=======
              <span class="suite-total-time">Total running time: 9 seconds</span>
>>>>>>> branch 'main' of https://github.com/Gnanaprakash-S/NoSuchTeam.git
>>>>>>> branch 'main' of https://github.com/Gnanaprakash-S/NoSuchTeam.git
=======
              <span class="suite-total-time">Total running time: 2 seconds</span>
>>>>>>> branch 'main' of https://github.com/Gnanaprakash-S/NoSuchTeam.git
              <div id="times-div-Default_suite">
              </div> <!-- times-div-Default_suite -->
            </div> <!-- times-div -->
          </div> <!-- main-panel-content rounded-window-bottom -->
        </div> <!-- panel -->
        <div panel-name="reporter-Default_suite" class="panel">
          <div class="main-panel-header rounded-window-top">
            <span class="header-content">Reporter output for Default suite</span>
          </div> <!-- main-panel-header rounded-window-top -->
          <div class="main-panel-content rounded-window-bottom">
          </div> <!-- main-panel-content rounded-window-bottom -->
        </div> <!-- panel -->
        <div panel-name="ignored-methods-Default_suite" class="panel">
          <div class="main-panel-header rounded-window-top">
<<<<<<< HEAD
<<<<<<< HEAD
            <span class="header-content">0 ignored methods</span>
=======
            <span class="header-content">6 ignored methods</span>
>>>>>>> branch 'main' of https://github.com/Gnanaprakash-S/NoSuchTeam.git
=======
            <span class="header-content">8 ignored methods</span>
>>>>>>> branch 'main' of https://github.com/Gnanaprakash-S/NoSuchTeam.git
          </div> <!-- main-panel-header rounded-window-top -->
          <div class="main-panel-content rounded-window-bottom">
<<<<<<< HEAD
=======
            <div class="ignored-class-div">
              <span class="ignored-class-name">tests.TestScripts</span>
              <div class="ignored-methods-div">
                <span class="ignored-method-name">validateDiastolic</span>
                <br/>
                <span class="ignored-method-name">validateSystolic</span>
                <br/>
                <span class="ignored-method-name">validateName</span>
                <br/>
                <span class="ignored-method-name">validateAge</span>
                <br/>
                <span class="ignored-method-name">validatePulse</span>
                <br/>
                <span class="ignored-method-name">validateScoresGenerated</span>
                <br/>
                <span class="ignored-method-name">validateCalculate</span>
                <br/>
                <span class="ignored-method-name">validateHealthRemark</span>
                <br/>
              </div> <!-- ignored-methods-div -->
            </div> <!-- ignored-class-div -->
>>>>>>> branch 'main' of https://github.com/Gnanaprakash-S/NoSuchTeam.git
          </div> <!-- main-panel-content rounded-window-bottom -->
        </div> <!-- panel -->
        <div panel-name="chronological-Default_suite" class="panel">
          <div class="main-panel-header rounded-window-top">
            <span class="header-content">Methods in chronological order</span>
          </div> <!-- main-panel-header rounded-window-top -->
          <div class="main-panel-content rounded-window-bottom">
            <div class="chronological-class">
              <div class="chronological-class-name">tests.TestScripts</div> <!-- chronological-class-name -->
              <div class="configuration-test before">
                <span class="method-name">setUp(chrome)</span>
                <span class="method-start">0 ms</span>
              </div> <!-- configuration-test before -->
              <div class="configuration-method before">
                <span class="method-name">setUpPagesAndUtils</span>
<<<<<<< HEAD
<<<<<<< HEAD
                <span class="method-start">4804 ms</span>
=======
<<<<<<< HEAD
                <span class="method-start">8654 ms</span>
=======
                <span class="method-start">6523 ms</span>
>>>>>>> branch 'main' of https://github.com/Gnanaprakash-S/NoSuchTeam.git
>>>>>>> branch 'main' of https://github.com/Gnanaprakash-S/NoSuchTeam.git
=======
                <span class="method-start">9003 ms</span>
>>>>>>> branch 'main' of https://github.com/Gnanaprakash-S/NoSuchTeam.git
              </div> <!-- configuration-method before -->
              <div class="test-method">
<<<<<<< HEAD
<<<<<<< HEAD
                <img src="failed.png">
                </img>
                <span class="method-name">Doctor</span>
                <span class="method-start">4884 ms</span>
              </div> <!-- test-method -->
              <div class="configuration-method before">
                <span class="method-name">setUpPagesAndUtils</span>
                <span class="method-start">20649 ms</span>
              </div> <!-- configuration-method before -->
              <div class="test-method">
                <img src="failed.png">
                </img>
                <span class="method-name">Range</span>
                <span class="method-start">20651 ms</span>
              </div> <!-- test-method -->
              <div class="configuration-method before">
                <span class="method-name">setUpPagesAndUtils</span>
                <span class="method-start">94161 ms</span>
              </div> <!-- configuration-method before -->
              <div class="test-method">
                <img src="failed.png">
                </img>
                <span class="method-name">Success</span>
                <span class="method-start">94162 ms</span>
=======
                <span class="method-name">validateDiastolic([Dhanush,  , 21, 17, Below 40, Below 40, 80, 79, 50, 30, 10, 2, 4, 2, 53])</span>
<<<<<<< HEAD
                <span class="method-start">8727 ms</span>
>>>>>>> branch 'main' of https://github.com/Gnanaprakash-S/NoSuchTeam.git
=======
                <span class="method-name">validateResetButton</span>
                <span class="method-start">9190 ms</span>
>>>>>>> branch 'main' of https://github.com/Gnanaprakash-S/NoSuchTeam.git
              </div> <!-- test-method -->
              <div class="configuration-test after">
                <span class="method-name">tearDown</span>
<<<<<<< HEAD
<<<<<<< HEAD
                <span class="method-start">126705 ms</span>
=======
<<<<<<< HEAD
                <span class="method-start">26743 ms</span>
=======
                <span class="method-start">15626 ms</span>
>>>>>>> branch 'main' of https://github.com/Gnanaprakash-S/NoSuchTeam.git
>>>>>>> branch 'main' of https://github.com/Gnanaprakash-S/NoSuchTeam.git
=======
                <span class="method-start">11876 ms</span>
>>>>>>> branch 'main' of https://github.com/Gnanaprakash-S/NoSuchTeam.git
              </div> <!-- configuration-test after -->
          </div> <!-- main-panel-content rounded-window-bottom -->
        </div> <!-- panel -->
      </div> <!-- main-panel-root -->
    </div> <!-- wrapper -->
  </body>
<script type="text/javascript" src="testng-reports2.js"></script>
</html>
