<html>
<head>
<title>TestNG:  Edge_Test</title>
<link href="../testng.css" rel="stylesheet" type="text/css" />
<link href="../my-testng.css" rel="stylesheet" type="text/css" />

<style type="text/css">
.log { display: none;} 
.stack-trace { display: none;} 
</style>
<script type="text/javascript">
<!--
function flip(e) {
  current = e.style.display;
  if (current == 'block') {
    e.style.display = 'none';
    return 0;
  }
  else {
    e.style.display = 'block';
    return 1;
  }
}

function toggleBox(szDivId, elem, msg1, msg2)
{
  var res = -1;  if (document.getElementById) {
    res = flip(document.getElementById(szDivId));
  }
  else if (document.all) {
    // this is the way old msie versions work
    res = flip(document.all[szDivId]);
  }
  if(elem) {
    if(res == 0) elem.innerHTML = msg1; else elem.innerHTML = msg2;
  }

}

function toggleAllBoxes() {
  if (document.getElementsByTagName) {
    d = document.getElementsByTagName('div');
    for (i = 0; i < d.length; i++) {
      if (d[i].className == 'log') {
        flip(d[i]);
      }
    }
  }
}

// -->
</script>

</head>
<body>
<h2 align='center'>Edge_Test</h2><table border='1' align="center">
<tr>
<td>Tests passed/Failed/Skipped:</td><td>52/16/0</td>
</tr><tr>
<td>Started on:</td><td>Mon Jun 30 12:14:16 IST 2025</td>
</tr>
<tr><td>Total time:</td><td>207 seconds (207690 ms)</td>
</tr><tr>
<td>Included groups:</td><td></td>
</tr><tr>
<td>Excluded groups:</td><td></td>
</tr>
</table><p/>
<small><i>(Hover the method name to see the test class name)</i></small><p/>
<table width='100%' border='1' class='invocation-failed'>
<tr><td colspan='4' align='center'><b>FAILED TESTS</b></td></tr>
<tr><td><b>Test method</b></td>
<td><b>Attribute(s)</b></td>
<td width="30%"><b>Exception</b></td>
<td width="10%"><b>Time (seconds)</b></td>
<td><b>Instance</b></td>
</tr>
<tr>
<td title='tests.TestScripts.alertNotInRange()'><b>alertNotInRange</b><br>Test class: tests.TestScripts</td>
<td><div><pre>java.lang.AssertionError: Systolic BP : 130  Diastolic BP : 69  Pulse BP :Below 40 Alert not generated for BP values not in range
	at pages.HomePage.notInRange(HomePage.java:252)
	at tests.TestScripts.alertNotInRange(TestScripts.java:139)
	at java.base/java.util.ArrayList.forEach(ArrayList.java:1596)
	at java.base/java.util.concurrent.FutureTask.run(FutureTask.java:317)
	at java.base/java.util.concurrent.ThreadPoolExecutor.runWorker(ThreadPoolExecutor.java:1144)
	at java.base/java.util.concurrent.ThreadPoolExecutor$Worker.run(ThreadPoolExecutor.java:642)
	at java.base/java.lang.Thread.run(Thread.java:1583)
... Removed 16 stack frames</pre></div><a href='#' onClick='toggleBox("stack-trace288790103", this, "Click to show all stack frames", "Click to hide stack frames")'>Click to show all stack frames</a>
<div class='stack-trace' id='stack-trace288790103'><pre>java.lang.AssertionError: Systolic BP : 130  Diastolic BP : 69  Pulse BP :Below 40 Alert not generated for BP values not in range
	at org.testng.Assert.fail(Assert.java:111)
	at pages.HomePage.notInRange(HomePage.java:252)
	at tests.TestScripts.alertNotInRange(TestScripts.java:139)
	at java.base/jdk.internal.reflect.DirectMethodHandleAccessor.invoke(DirectMethodHandleAccessor.java:103)
	at java.base/java.lang.reflect.Method.invoke(Method.java:580)
	at org.testng.internal.invokers.MethodInvocationHelper.invokeMethod(MethodInvocationHelper.java:141)
	at org.testng.internal.invokers.TestInvoker.invokeMethod(TestInvoker.java:687)
	at org.testng.internal.invokers.TestInvoker.invokeTestMethod(TestInvoker.java:230)
	at org.testng.internal.invokers.MethodRunner.runInSequence(MethodRunner.java:63)
	at org.testng.internal.invokers.TestInvoker$MethodInvocationAgent.invoke(TestInvoker.java:995)
	at org.testng.internal.invokers.TestInvoker.invokeTestMethods(TestInvoker.java:203)
	at org.testng.internal.invokers.TestMethodWorker.invokeTestMethods(TestMethodWorker.java:154)
	at org.testng.internal.invokers.TestMethodWorker.run(TestMethodWorker.java:134)
	at java.base/java.util.ArrayList.forEach(ArrayList.java:1596)
	at org.testng.TestRunner.privateRun(TestRunner.java:741)
	at org.testng.TestRunner.run(TestRunner.java:616)
	at org.testng.SuiteRunner.runTest(SuiteRunner.java:421)
	at org.testng.SuiteRunner$SuiteWorker.run(SuiteRunner.java:463)
	at org.testng.internal.thread.ThreadUtil.lambda$execute$0(ThreadUtil.java:64)
	at java.base/java.util.concurrent.FutureTask.run(FutureTask.java:317)
	at java.base/java.util.concurrent.ThreadPoolExecutor.runWorker(ThreadPoolExecutor.java:1144)
	at java.base/java.util.concurrent.ThreadPoolExecutor$Worker.run(ThreadPoolExecutor.java:642)
	at java.base/java.lang.Thread.run(Thread.java:1583)
</pre></div></td>
<td>79</td>
<td>tests.TestScripts@23202fce</td></tr>
<tr>
<td title='tests.TestScripts.validateDiastolic()'><b>validateDiastolic</b><br>Test class: tests.TestScripts<br>Parameters: [Ljava.lang.String;@6dacdf09</td>
<td><div><pre>java.lang.AssertionError: 150 DiastolicBP needs to fails but pass. expected [false] but found [true]
	at tests.TestScripts.validateDiastolic(TestScripts.java:77)
	at java.base/java.util.ArrayList.forEach(ArrayList.java:1596)
	at java.base/java.util.concurrent.FutureTask.run(FutureTask.java:317)
	at java.base/java.util.concurrent.ThreadPoolExecutor.runWorker(ThreadPoolExecutor.java:1144)
	at java.base/java.util.concurrent.ThreadPoolExecutor$Worker.run(ThreadPoolExecutor.java:642)
	at java.base/java.lang.Thread.run(Thread.java:1583)
... Removed 18 stack frames</pre></div><a href='#' onClick='toggleBox("stack-trace628872760", this, "Click to show all stack frames", "Click to hide stack frames")'>Click to show all stack frames</a>
<div class='stack-trace' id='stack-trace628872760'><pre>java.lang.AssertionError: 150 DiastolicBP needs to fails but pass. expected [false] but found [true]
	at org.testng.Assert.fail(Assert.java:111)
	at org.testng.Assert.failNotEquals(Assert.java:1590)
	at org.testng.Assert.assertFalse(Assert.java:79)
	at tests.TestScripts.validateDiastolic(TestScripts.java:77)
	at java.base/jdk.internal.reflect.DirectMethodHandleAccessor.invoke(DirectMethodHandleAccessor.java:103)
	at java.base/java.lang.reflect.Method.invoke(Method.java:580)
	at org.testng.internal.invokers.MethodInvocationHelper.invokeMethod(MethodInvocationHelper.java:141)
	at org.testng.internal.invokers.TestInvoker.invokeMethod(TestInvoker.java:687)
	at org.testng.internal.invokers.TestInvoker.invokeTestMethod(TestInvoker.java:230)
	at org.testng.internal.invokers.MethodRunner.runInSequence(MethodRunner.java:63)
	at org.testng.internal.invokers.TestInvoker$MethodInvocationAgent.invoke(TestInvoker.java:995)
	at org.testng.internal.invokers.TestInvoker.invokeTestMethods(TestInvoker.java:203)
	at org.testng.internal.invokers.TestMethodWorker.invokeTestMethods(TestMethodWorker.java:154)
	at org.testng.internal.invokers.TestMethodWorker.run(TestMethodWorker.java:134)
	at java.base/java.util.ArrayList.forEach(ArrayList.java:1596)
	at org.testng.TestRunner.privateRun(TestRunner.java:741)
	at org.testng.TestRunner.run(TestRunner.java:616)
	at org.testng.SuiteRunner.runTest(SuiteRunner.java:421)
	at org.testng.SuiteRunner$SuiteWorker.run(SuiteRunner.java:463)
	at org.testng.internal.thread.ThreadUtil.lambda$execute$0(ThreadUtil.java:64)
	at java.base/java.util.concurrent.FutureTask.run(FutureTask.java:317)
	at java.base/java.util.concurrent.ThreadPoolExecutor.runWorker(ThreadPoolExecutor.java:1144)
	at java.base/java.util.concurrent.ThreadPoolExecutor$Worker.run(ThreadPoolExecutor.java:642)
	at java.base/java.lang.Thread.run(Thread.java:1583)
</pre></div></td>
<td>1</td>
<td>tests.TestScripts@23202fce</td></tr>
<tr>
<td title='tests.TestScripts.alertConsultDoctor()'><b>alertConsultDoctor</b><br>Test class: tests.TestScripts</td>
<td><div><pre>java.lang.AssertionError: Systolic BP : 130  Diastolic BP : 70  Pulse BP :Below 40Alert not generated to consult a doctor
	at pages.HomePage.consultDoctor(HomePage.java:236)
	at tests.TestScripts.alertConsultDoctor(TestScripts.java:133)
	at java.base/java.util.ArrayList.forEach(ArrayList.java:1596)
	at java.base/java.util.concurrent.FutureTask.run(FutureTask.java:317)
	at java.base/java.util.concurrent.ThreadPoolExecutor.runWorker(ThreadPoolExecutor.java:1144)
	at java.base/java.util.concurrent.ThreadPoolExecutor$Worker.run(ThreadPoolExecutor.java:642)
	at java.base/java.lang.Thread.run(Thread.java:1583)
... Removed 16 stack frames</pre></div><a href='#' onClick='toggleBox("stack-trace580792602", this, "Click to show all stack frames", "Click to hide stack frames")'>Click to show all stack frames</a>
<div class='stack-trace' id='stack-trace580792602'><pre>java.lang.AssertionError: Systolic BP : 130  Diastolic BP : 70  Pulse BP :Below 40Alert not generated to consult a doctor
	at org.testng.Assert.fail(Assert.java:111)
	at pages.HomePage.consultDoctor(HomePage.java:236)
	at tests.TestScripts.alertConsultDoctor(TestScripts.java:133)
	at java.base/jdk.internal.reflect.DirectMethodHandleAccessor.invoke(DirectMethodHandleAccessor.java:103)
	at java.base/java.lang.reflect.Method.invoke(Method.java:580)
	at org.testng.internal.invokers.MethodInvocationHelper.invokeMethod(MethodInvocationHelper.java:141)
	at org.testng.internal.invokers.TestInvoker.invokeMethod(TestInvoker.java:687)
	at org.testng.internal.invokers.TestInvoker.invokeTestMethod(TestInvoker.java:230)
	at org.testng.internal.invokers.MethodRunner.runInSequence(MethodRunner.java:63)
	at org.testng.internal.invokers.TestInvoker$MethodInvocationAgent.invoke(TestInvoker.java:995)
	at org.testng.internal.invokers.TestInvoker.invokeTestMethods(TestInvoker.java:203)
	at org.testng.internal.invokers.TestMethodWorker.invokeTestMethods(TestMethodWorker.java:154)
	at org.testng.internal.invokers.TestMethodWorker.run(TestMethodWorker.java:134)
	at java.base/java.util.ArrayList.forEach(ArrayList.java:1596)
	at org.testng.TestRunner.privateRun(TestRunner.java:741)
	at org.testng.TestRunner.run(TestRunner.java:616)
	at org.testng.SuiteRunner.runTest(SuiteRunner.java:421)
	at org.testng.SuiteRunner$SuiteWorker.run(SuiteRunner.java:463)
	at org.testng.internal.thread.ThreadUtil.lambda$execute$0(ThreadUtil.java:64)
	at java.base/java.util.concurrent.FutureTask.run(FutureTask.java:317)
	at java.base/java.util.concurrent.ThreadPoolExecutor.runWorker(ThreadPoolExecutor.java:1144)
	at java.base/java.util.concurrent.ThreadPoolExecutor$Worker.run(ThreadPoolExecutor.java:642)
	at java.base/java.lang.Thread.run(Thread.java:1583)
</pre></div></td>
<td>15</td>
<td>tests.TestScripts@23202fce</td></tr>
<tr>
<td title='tests.TestScripts.validateName()'><b>validateName</b><br>Test class: tests.TestScripts<br>Parameters: [Ljava.lang.String;@1105b047</td>
<td><div><pre>java.lang.AssertionError:   Name needs to fails but pass. expected [false] but found [true]
	at tests.TestScripts.validateName(TestScripts.java:51)
	at java.base/java.util.ArrayList.forEach(ArrayList.java:1596)
	at java.base/java.util.concurrent.FutureTask.run(FutureTask.java:317)
	at java.base/java.util.concurrent.ThreadPoolExecutor.runWorker(ThreadPoolExecutor.java:1144)
	at java.base/java.util.concurrent.ThreadPoolExecutor$Worker.run(ThreadPoolExecutor.java:642)
	at java.base/java.lang.Thread.run(Thread.java:1583)
... Removed 18 stack frames</pre></div><a href='#' onClick='toggleBox("stack-trace887801071", this, "Click to show all stack frames", "Click to hide stack frames")'>Click to show all stack frames</a>
<div class='stack-trace' id='stack-trace887801071'><pre>java.lang.AssertionError:   Name needs to fails but pass. expected [false] but found [true]
	at org.testng.Assert.fail(Assert.java:111)
	at org.testng.Assert.failNotEquals(Assert.java:1590)
	at org.testng.Assert.assertFalse(Assert.java:79)
	at tests.TestScripts.validateName(TestScripts.java:51)
	at java.base/jdk.internal.reflect.DirectMethodHandleAccessor.invoke(DirectMethodHandleAccessor.java:103)
	at java.base/java.lang.reflect.Method.invoke(Method.java:580)
	at org.testng.internal.invokers.MethodInvocationHelper.invokeMethod(MethodInvocationHelper.java:141)
	at org.testng.internal.invokers.TestInvoker.invokeMethod(TestInvoker.java:687)
	at org.testng.internal.invokers.TestInvoker.invokeTestMethod(TestInvoker.java:230)
	at org.testng.internal.invokers.MethodRunner.runInSequence(MethodRunner.java:63)
	at org.testng.internal.invokers.TestInvoker$MethodInvocationAgent.invoke(TestInvoker.java:995)
	at org.testng.internal.invokers.TestInvoker.invokeTestMethods(TestInvoker.java:203)
	at org.testng.internal.invokers.TestMethodWorker.invokeTestMethods(TestMethodWorker.java:154)
	at org.testng.internal.invokers.TestMethodWorker.run(TestMethodWorker.java:134)
	at java.base/java.util.ArrayList.forEach(ArrayList.java:1596)
	at org.testng.TestRunner.privateRun(TestRunner.java:741)
	at org.testng.TestRunner.run(TestRunner.java:616)
	at org.testng.SuiteRunner.runTest(SuiteRunner.java:421)
	at org.testng.SuiteRunner$SuiteWorker.run(SuiteRunner.java:463)
	at org.testng.internal.thread.ThreadUtil.lambda$execute$0(ThreadUtil.java:64)
	at java.base/java.util.concurrent.FutureTask.run(FutureTask.java:317)
	at java.base/java.util.concurrent.ThreadPoolExecutor.runWorker(ThreadPoolExecutor.java:1144)
	at java.base/java.util.concurrent.ThreadPoolExecutor$Worker.run(ThreadPoolExecutor.java:642)
	at java.base/java.lang.Thread.run(Thread.java:1583)
</pre></div></td>
<td>0</td>
<td>tests.TestScripts@23202fce</td></tr>
<tr>
<td title='tests.TestScripts.validateScoresGenerated()'><b>validateScoresGenerated</b><br>Test class: tests.TestScripts<br>Parameters: [Ljava.lang.String;@20571e34</td>
<td><div><pre>java.lang.AssertionError: Failing to provide score for inputs :25,60-80 BPM,125,80
	at tests.TestScripts.validateScoresGenerated(TestScripts.java:125)
	at java.base/java.util.ArrayList.forEach(ArrayList.java:1596)
	at java.base/java.util.concurrent.FutureTask.run(FutureTask.java:317)
	at java.base/java.util.concurrent.ThreadPoolExecutor.runWorker(ThreadPoolExecutor.java:1144)
	at java.base/java.util.concurrent.ThreadPoolExecutor$Worker.run(ThreadPoolExecutor.java:642)
	at java.base/java.lang.Thread.run(Thread.java:1583)
... Removed 16 stack frames</pre></div><a href='#' onClick='toggleBox("stack-trace1870287679", this, "Click to show all stack frames", "Click to hide stack frames")'>Click to show all stack frames</a>
<div class='stack-trace' id='stack-trace1870287679'><pre>java.lang.AssertionError: Failing to provide score for inputs :25,60-80 BPM,125,80
	at org.testng.Assert.fail(Assert.java:111)
	at tests.TestScripts.validateScoresGenerated(TestScripts.java:125)
	at java.base/jdk.internal.reflect.DirectMethodHandleAccessor.invoke(DirectMethodHandleAccessor.java:103)
	at java.base/java.lang.reflect.Method.invoke(Method.java:580)
	at org.testng.internal.invokers.MethodInvocationHelper.invokeMethod(MethodInvocationHelper.java:141)
	at org.testng.internal.invokers.TestInvoker.invokeMethod(TestInvoker.java:687)
	at org.testng.internal.invokers.TestInvoker.invokeTestMethod(TestInvoker.java:230)
	at org.testng.internal.invokers.MethodRunner.runInSequence(MethodRunner.java:63)
	at org.testng.internal.invokers.TestInvoker$MethodInvocationAgent.invoke(TestInvoker.java:995)
	at org.testng.internal.invokers.TestInvoker.invokeTestMethods(TestInvoker.java:203)
	at org.testng.internal.invokers.TestMethodWorker.invokeTestMethods(TestMethodWorker.java:154)
	at org.testng.internal.invokers.TestMethodWorker.run(TestMethodWorker.java:134)
	at java.base/java.util.ArrayList.forEach(ArrayList.java:1596)
	at org.testng.TestRunner.privateRun(TestRunner.java:741)
	at org.testng.TestRunner.run(TestRunner.java:616)
	at org.testng.SuiteRunner.runTest(SuiteRunner.java:421)
	at org.testng.SuiteRunner$SuiteWorker.run(SuiteRunner.java:463)
	at org.testng.internal.thread.ThreadUtil.lambda$execute$0(ThreadUtil.java:64)
	at java.base/java.util.concurrent.FutureTask.run(FutureTask.java:317)
	at java.base/java.util.concurrent.ThreadPoolExecutor.runWorker(ThreadPoolExecutor.java:1144)
	at java.base/java.util.concurrent.ThreadPoolExecutor$Worker.run(ThreadPoolExecutor.java:642)
	at java.base/java.lang.Thread.run(Thread.java:1583)
</pre></div></td>
<td>0</td>
<td>tests.TestScripts@23202fce</td></tr>
<tr>
<td title='tests.TestScripts.validateScoresGenerated()'><b>validateScoresGenerated</b><br>Test class: tests.TestScripts<br>Parameters: [Ljava.lang.String;@3bbf2bcb</td>
<td><div><pre>java.lang.AssertionError: Failing to provide score for inputs :56,60-80 BPM,130,85
	at tests.TestScripts.validateScoresGenerated(TestScripts.java:125)
	at java.base/java.util.ArrayList.forEach(ArrayList.java:1596)
	at java.base/java.util.concurrent.FutureTask.run(FutureTask.java:317)
	at java.base/java.util.concurrent.ThreadPoolExecutor.runWorker(ThreadPoolExecutor.java:1144)
	at java.base/java.util.concurrent.ThreadPoolExecutor$Worker.run(ThreadPoolExecutor.java:642)
	at java.base/java.lang.Thread.run(Thread.java:1583)
... Removed 16 stack frames</pre></div><a href='#' onClick='toggleBox("stack-trace540897403", this, "Click to show all stack frames", "Click to hide stack frames")'>Click to show all stack frames</a>
<div class='stack-trace' id='stack-trace540897403'><pre>java.lang.AssertionError: Failing to provide score for inputs :56,60-80 BPM,130,85
	at org.testng.Assert.fail(Assert.java:111)
	at tests.TestScripts.validateScoresGenerated(TestScripts.java:125)
	at java.base/jdk.internal.reflect.DirectMethodHandleAccessor.invoke(DirectMethodHandleAccessor.java:103)
	at java.base/java.lang.reflect.Method.invoke(Method.java:580)
	at org.testng.internal.invokers.MethodInvocationHelper.invokeMethod(MethodInvocationHelper.java:141)
	at org.testng.internal.invokers.TestInvoker.invokeMethod(TestInvoker.java:687)
	at org.testng.internal.invokers.TestInvoker.invokeTestMethod(TestInvoker.java:230)
	at org.testng.internal.invokers.MethodRunner.runInSequence(MethodRunner.java:63)
	at org.testng.internal.invokers.TestInvoker$MethodInvocationAgent.invoke(TestInvoker.java:995)
	at org.testng.internal.invokers.TestInvoker.invokeTestMethods(TestInvoker.java:203)
	at org.testng.internal.invokers.TestMethodWorker.invokeTestMethods(TestMethodWorker.java:154)
	at org.testng.internal.invokers.TestMethodWorker.run(TestMethodWorker.java:134)
	at java.base/java.util.ArrayList.forEach(ArrayList.java:1596)
	at org.testng.TestRunner.privateRun(TestRunner.java:741)
	at org.testng.TestRunner.run(TestRunner.java:616)
	at org.testng.SuiteRunner.runTest(SuiteRunner.java:421)
	at org.testng.SuiteRunner$SuiteWorker.run(SuiteRunner.java:463)
	at org.testng.internal.thread.ThreadUtil.lambda$execute$0(ThreadUtil.java:64)
	at java.base/java.util.concurrent.FutureTask.run(FutureTask.java:317)
	at java.base/java.util.concurrent.ThreadPoolExecutor.runWorker(ThreadPoolExecutor.java:1144)
	at java.base/java.util.concurrent.ThreadPoolExecutor$Worker.run(ThreadPoolExecutor.java:642)
	at java.base/java.lang.Thread.run(Thread.java:1583)
</pre></div></td>
<td>0</td>
<td>tests.TestScripts@23202fce</td></tr>
<tr>
<td title='tests.TestScripts.validateDiastolic()'><b>validateDiastolic</b><br>Test class: tests.TestScripts<br>Parameters: [Ljava.lang.String;@4ecc1388</td>
<td><div><pre>java.lang.AssertionError: 101 DiastolicBP needs to fails but pass. expected [false] but found [true]
	at tests.TestScripts.validateDiastolic(TestScripts.java:77)
	at java.base/java.util.ArrayList.forEach(ArrayList.java:1596)
	at java.base/java.util.concurrent.FutureTask.run(FutureTask.java:317)
	at java.base/java.util.concurrent.ThreadPoolExecutor.runWorker(ThreadPoolExecutor.java:1144)
	at java.base/java.util.concurrent.ThreadPoolExecutor$Worker.run(ThreadPoolExecutor.java:642)
	at java.base/java.lang.Thread.run(Thread.java:1583)
... Removed 18 stack frames</pre></div><a href='#' onClick='toggleBox("stack-trace1038541071", this, "Click to show all stack frames", "Click to hide stack frames")'>Click to show all stack frames</a>
<div class='stack-trace' id='stack-trace1038541071'><pre>java.lang.AssertionError: 101 DiastolicBP needs to fails but pass. expected [false] but found [true]
	at org.testng.Assert.fail(Assert.java:111)
	at org.testng.Assert.failNotEquals(Assert.java:1590)
	at org.testng.Assert.assertFalse(Assert.java:79)
	at tests.TestScripts.validateDiastolic(TestScripts.java:77)
	at java.base/jdk.internal.reflect.DirectMethodHandleAccessor.invoke(DirectMethodHandleAccessor.java:103)
	at java.base/java.lang.reflect.Method.invoke(Method.java:580)
	at org.testng.internal.invokers.MethodInvocationHelper.invokeMethod(MethodInvocationHelper.java:141)
	at org.testng.internal.invokers.TestInvoker.invokeMethod(TestInvoker.java:687)
	at org.testng.internal.invokers.TestInvoker.invokeTestMethod(TestInvoker.java:230)
	at org.testng.internal.invokers.MethodRunner.runInSequence(MethodRunner.java:63)
	at org.testng.internal.invokers.TestInvoker$MethodInvocationAgent.invoke(TestInvoker.java:995)
	at org.testng.internal.invokers.TestInvoker.invokeTestMethods(TestInvoker.java:203)
	at org.testng.internal.invokers.TestMethodWorker.invokeTestMethods(TestMethodWorker.java:154)
	at org.testng.internal.invokers.TestMethodWorker.run(TestMethodWorker.java:134)
	at java.base/java.util.ArrayList.forEach(ArrayList.java:1596)
	at org.testng.TestRunner.privateRun(TestRunner.java:741)
	at org.testng.TestRunner.run(TestRunner.java:616)
	at org.testng.SuiteRunner.runTest(SuiteRunner.java:421)
	at org.testng.SuiteRunner$SuiteWorker.run(SuiteRunner.java:463)
	at org.testng.internal.thread.ThreadUtil.lambda$execute$0(ThreadUtil.java:64)
	at java.base/java.util.concurrent.FutureTask.run(FutureTask.java:317)
	at java.base/java.util.concurrent.ThreadPoolExecutor.runWorker(ThreadPoolExecutor.java:1144)
	at java.base/java.util.concurrent.ThreadPoolExecutor$Worker.run(ThreadPoolExecutor.java:642)
	at java.base/java.lang.Thread.run(Thread.java:1583)
</pre></div></td>
<td>1</td>
<td>tests.TestScripts@23202fce</td></tr>
<tr>
<td title='tests.TestScripts.validateDiastolic()'><b>validateDiastolic</b><br>Test class: tests.TestScripts<br>Parameters: [Ljava.lang.String;@5e184b75</td>
<td><div><pre>org.openqa.selenium.UnhandledAlertException: unexpected alert open: {Alert text : Provided BP values are not valid. Please Check Once Again}
  (Session info: MicrosoftEdge=138.0.3351.55): Provided BP values are not valid. Please Check Once Again
Build info: version: &apos;4.32.0&apos;, revision: &apos;d17c8aa950&apos;
System info: os.name: &apos;Windows 11&apos;, os.arch: &apos;amd64&apos;, os.version: &apos;10.0&apos;, java.version: &apos;21.0.5&apos;
Driver info: org.openqa.selenium.edge.EdgeDriver
Command: [73f9dabab6c84efc1d865e869bc3ff64, findElement {value=bp-diastolic, using=id}]
Capabilities {acceptInsecureCerts: false, browserName: MicrosoftEdge, browserVersion: 138.0.3351.55, fedcm:accounts: true, ms:edgeOptions: {debuggerAddress: localhost:50800}, msedge: {msedgedriverVersion: 138.0.3351.55 (3171b71f28b7..., userDataDir: C:\Users\2401015\AppData\Lo...}, networkConnectionEnabled: false, pageLoadStrategy: normal, platformName: windows, proxy: Proxy(), se:cdp: ws://localhost:50800/devtoo..., se:cdpVersion: 138.0.3351.55, setWindowRect: true, strictFileInteractability: false, timeouts: {implicit: 0, pageLoad: 300000, script: 30000}, unhandledPromptBehavior: dismiss and notify, webauthn:extension:credBlob: true, webauthn:extension:largeBlob: true, webauthn:extension:minPinLength: true, webauthn:extension:prf: true, webauthn:virtualAuthenticators: true}
Session ID: 73f9dabab6c84efc1d865e869bc3ff64
	at org.openqa.selenium.remote.codec.w3c.W3CHttpResponseCodec.decode(W3CHttpResponseCodec.java:136)
	at org.openqa.selenium.remote.codec.w3c.W3CHttpResponseCodec.decode(W3CHttpResponseCodec.java:50)
	at org.openqa.selenium.remote.HttpCommandExecutor.execute(HttpCommandExecutor.java:215)
	at org.openqa.selenium.remote.service.DriverCommandExecutor.invokeExecute(DriverCommandExecutor.java:216)
	at org.openqa.selenium.remote.service.DriverCommandExecutor.execute(DriverCommandExecutor.java:174)
	at org.openqa.selenium.remote.RemoteWebDriver.execute(RemoteWebDriver.java:545)
	at org.openqa.selenium.remote.ElementLocation$ElementFinder$2.findElement(ElementLocation.java:165)
	at org.openqa.selenium.remote.ElementLocation.findElement(ElementLocation.java:59)
	at org.openqa.selenium.remote.RemoteWebDriver.findElement(RemoteWebDriver.java:368)
	at org.openqa.selenium.remote.RemoteWebDriver.findElement(RemoteWebDriver.java:362)
	at org.openqa.selenium.support.pagefactory.DefaultElementLocator.findElement(DefaultElementLocator.java:68)
	at org.openqa.selenium.support.pagefactory.internal.LocatingElementHandler.invoke(LocatingElementHandler.java:38)
	at jdk.proxy2/jdk.proxy2.$Proxy20.getWrappedElement(Unknown Source)
	at org.openqa.selenium.remote.WebElementToJsonConverter.apply(WebElementToJsonConverter.java:48)
	at java.base/java.util.stream.ReferencePipeline$3$1.accept(ReferencePipeline.java:197)
	at java.base/java.util.Spliterators$ArraySpliterator.forEachRemaining(Spliterators.java:1024)
	at java.base/java.util.stream.AbstractPipeline.copyInto(AbstractPipeline.java:509)
	at java.base/java.util.stream.AbstractPipeline.wrapAndCopyInto(AbstractPipeline.java:499)
	at java.base/java.util.stream.ReduceOps$ReduceOp.evaluateSequential(ReduceOps.java:921)
	at java.base/java.util.stream.AbstractPipeline.evaluate(AbstractPipeline.java:234)
	at java.base/java.util.stream.ReferencePipeline.collect(ReferencePipeline.java:682)
	at org.openqa.selenium.remote.RemoteWebDriver.executeScript(RemoteWebDriver.java:474)
	at pages.HomePage.verify(HomePage.java:73)
	at pages.HomePage.diastolicBP(HomePage.java:144)
	at tests.TestScripts.validateDiastolic(TestScripts.java:77)
	at java.base/java.util.ArrayList.forEach(ArrayList.java:1596)
	at java.base/java.util.concurrent.FutureTask.run(FutureTask.java:317)
	at java.base/java.util.concurrent.ThreadPoolExecutor.runWorker(ThreadPoolExecutor.java:1144)
	at java.base/java.util.concurrent.ThreadPoolExecutor$Worker.run(ThreadPoolExecutor.java:642)
	at java.base/java.lang.Thread.run(Thread.java:1583)
... Removed 15 stack frames</pre></div><a href='#' onClick='toggleBox("stack-trace476459469", this, "Click to show all stack frames", "Click to hide stack frames")'>Click to show all stack frames</a>
<div class='stack-trace' id='stack-trace476459469'><pre>org.openqa.selenium.UnhandledAlertException: unexpected alert open: {Alert text : Provided BP values are not valid. Please Check Once Again}
  (Session info: MicrosoftEdge=138.0.3351.55): Provided BP values are not valid. Please Check Once Again
Build info: version: &apos;4.32.0&apos;, revision: &apos;d17c8aa950&apos;
System info: os.name: &apos;Windows 11&apos;, os.arch: &apos;amd64&apos;, os.version: &apos;10.0&apos;, java.version: &apos;21.0.5&apos;
Driver info: org.openqa.selenium.edge.EdgeDriver
Command: [73f9dabab6c84efc1d865e869bc3ff64, findElement {value=bp-diastolic, using=id}]
Capabilities {acceptInsecureCerts: false, browserName: MicrosoftEdge, browserVersion: 138.0.3351.55, fedcm:accounts: true, ms:edgeOptions: {debuggerAddress: localhost:50800}, msedge: {msedgedriverVersion: 138.0.3351.55 (3171b71f28b7..., userDataDir: C:\Users\2401015\AppData\Lo...}, networkConnectionEnabled: false, pageLoadStrategy: normal, platformName: windows, proxy: Proxy(), se:cdp: ws://localhost:50800/devtoo..., se:cdpVersion: 138.0.3351.55, setWindowRect: true, strictFileInteractability: false, timeouts: {implicit: 0, pageLoad: 300000, script: 30000}, unhandledPromptBehavior: dismiss and notify, webauthn:extension:credBlob: true, webauthn:extension:largeBlob: true, webauthn:extension:minPinLength: true, webauthn:extension:prf: true, webauthn:virtualAuthenticators: true}
Session ID: 73f9dabab6c84efc1d865e869bc3ff64
	at org.openqa.selenium.remote.codec.w3c.W3CHttpResponseCodec.decode(W3CHttpResponseCodec.java:136)
	at org.openqa.selenium.remote.codec.w3c.W3CHttpResponseCodec.decode(W3CHttpResponseCodec.java:50)
	at org.openqa.selenium.remote.HttpCommandExecutor.execute(HttpCommandExecutor.java:215)
	at org.openqa.selenium.remote.service.DriverCommandExecutor.invokeExecute(DriverCommandExecutor.java:216)
	at org.openqa.selenium.remote.service.DriverCommandExecutor.execute(DriverCommandExecutor.java:174)
	at org.openqa.selenium.remote.RemoteWebDriver.execute(RemoteWebDriver.java:545)
	at org.openqa.selenium.remote.ElementLocation$ElementFinder$2.findElement(ElementLocation.java:165)
	at org.openqa.selenium.remote.ElementLocation.findElement(ElementLocation.java:59)
	at org.openqa.selenium.remote.RemoteWebDriver.findElement(RemoteWebDriver.java:368)
	at org.openqa.selenium.remote.RemoteWebDriver.findElement(RemoteWebDriver.java:362)
	at org.openqa.selenium.support.pagefactory.DefaultElementLocator.findElement(DefaultElementLocator.java:68)
	at org.openqa.selenium.support.pagefactory.internal.LocatingElementHandler.invoke(LocatingElementHandler.java:38)
	at jdk.proxy2/jdk.proxy2.$Proxy20.getWrappedElement(Unknown Source)
	at org.openqa.selenium.remote.WebElementToJsonConverter.apply(WebElementToJsonConverter.java:48)
	at java.base/java.util.stream.ReferencePipeline$3$1.accept(ReferencePipeline.java:197)
	at java.base/java.util.Spliterators$ArraySpliterator.forEachRemaining(Spliterators.java:1024)
	at java.base/java.util.stream.AbstractPipeline.copyInto(AbstractPipeline.java:509)
	at java.base/java.util.stream.AbstractPipeline.wrapAndCopyInto(AbstractPipeline.java:499)
	at java.base/java.util.stream.ReduceOps$ReduceOp.evaluateSequential(ReduceOps.java:921)
	at java.base/java.util.stream.AbstractPipeline.evaluate(AbstractPipeline.java:234)
	at java.base/java.util.stream.ReferencePipeline.collect(ReferencePipeline.java:682)
	at org.openqa.selenium.remote.RemoteWebDriver.executeScript(RemoteWebDriver.java:474)
	at pages.HomePage.verify(HomePage.java:73)
	at pages.HomePage.diastolicBP(HomePage.java:144)
	at tests.TestScripts.validateDiastolic(TestScripts.java:77)
	at java.base/jdk.internal.reflect.DirectMethodHandleAccessor.invoke(DirectMethodHandleAccessor.java:103)
	at java.base/java.lang.reflect.Method.invoke(Method.java:580)
	at org.testng.internal.invokers.MethodInvocationHelper.invokeMethod(MethodInvocationHelper.java:141)
	at org.testng.internal.invokers.TestInvoker.invokeMethod(TestInvoker.java:687)
	at org.testng.internal.invokers.TestInvoker.invokeTestMethod(TestInvoker.java:230)
	at org.testng.internal.invokers.MethodRunner.runInSequence(MethodRunner.java:63)
	at org.testng.internal.invokers.TestInvoker$MethodInvocationAgent.invoke(TestInvoker.java:995)
	at org.testng.internal.invokers.TestInvoker.invokeTestMethods(TestInvoker.java:203)
	at org.testng.internal.invokers.TestMethodWorker.invokeTestMethods(TestMethodWorker.java:154)
	at org.testng.internal.invokers.TestMethodWorker.run(TestMethodWorker.java:134)
	at java.base/java.util.ArrayList.forEach(ArrayList.java:1596)
	at org.testng.TestRunner.privateRun(TestRunner.java:741)
	at org.testng.TestRunner.run(TestRunner.java:616)
	at org.testng.SuiteRunner.runTest(SuiteRunner.java:421)
	at org.testng.SuiteRunner$SuiteWorker.run(SuiteRunner.java:463)
	at org.testng.internal.thread.ThreadUtil.lambda$execute$0(ThreadUtil.java:64)
	at java.base/java.util.concurrent.FutureTask.run(FutureTask.java:317)
	at java.base/java.util.concurrent.ThreadPoolExecutor.runWorker(ThreadPoolExecutor.java:1144)
	at java.base/java.util.concurrent.ThreadPoolExecutor$Worker.run(ThreadPoolExecutor.java:642)
	at java.base/java.lang.Thread.run(Thread.java:1583)
</pre></div></td>
<td>1</td>
<td>tests.TestScripts@23202fce</td></tr>
<tr>
<td title='tests.TestScripts.validateSystolic()'><b>validateSystolic</b><br>Test class: tests.TestScripts<br>Parameters: [Ljava.lang.String;@1131ee9d</td>
<td><div><pre>java.lang.AssertionError: 131 SystolicBP needs to pass but fails. expected [true] but found [false]
	at tests.TestScripts.validateSystolic(TestScripts.java:69)
	at java.base/java.util.ArrayList.forEach(ArrayList.java:1596)
	at java.base/java.util.concurrent.FutureTask.run(FutureTask.java:317)
	at java.base/java.util.concurrent.ThreadPoolExecutor.runWorker(ThreadPoolExecutor.java:1144)
	at java.base/java.util.concurrent.ThreadPoolExecutor$Worker.run(ThreadPoolExecutor.java:642)
	at java.base/java.lang.Thread.run(Thread.java:1583)
... Removed 18 stack frames</pre></div><a href='#' onClick='toggleBox("stack-trace1172119089", this, "Click to show all stack frames", "Click to hide stack frames")'>Click to show all stack frames</a>
<div class='stack-trace' id='stack-trace1172119089'><pre>java.lang.AssertionError: 131 SystolicBP needs to pass but fails. expected [true] but found [false]
	at org.testng.Assert.fail(Assert.java:111)
	at org.testng.Assert.failNotEquals(Assert.java:1590)
	at org.testng.Assert.assertTrue(Assert.java:57)
	at tests.TestScripts.validateSystolic(TestScripts.java:69)
	at java.base/jdk.internal.reflect.DirectMethodHandleAccessor.invoke(DirectMethodHandleAccessor.java:103)
	at java.base/java.lang.reflect.Method.invoke(Method.java:580)
	at org.testng.internal.invokers.MethodInvocationHelper.invokeMethod(MethodInvocationHelper.java:141)
	at org.testng.internal.invokers.TestInvoker.invokeMethod(TestInvoker.java:687)
	at org.testng.internal.invokers.TestInvoker.invokeTestMethod(TestInvoker.java:230)
	at org.testng.internal.invokers.MethodRunner.runInSequence(MethodRunner.java:63)
	at org.testng.internal.invokers.TestInvoker$MethodInvocationAgent.invoke(TestInvoker.java:995)
	at org.testng.internal.invokers.TestInvoker.invokeTestMethods(TestInvoker.java:203)
	at org.testng.internal.invokers.TestMethodWorker.invokeTestMethods(TestMethodWorker.java:154)
	at org.testng.internal.invokers.TestMethodWorker.run(TestMethodWorker.java:134)
	at java.base/java.util.ArrayList.forEach(ArrayList.java:1596)
	at org.testng.TestRunner.privateRun(TestRunner.java:741)
	at org.testng.TestRunner.run(TestRunner.java:616)
	at org.testng.SuiteRunner.runTest(SuiteRunner.java:421)
	at org.testng.SuiteRunner$SuiteWorker.run(SuiteRunner.java:463)
	at org.testng.internal.thread.ThreadUtil.lambda$execute$0(ThreadUtil.java:64)
	at java.base/java.util.concurrent.FutureTask.run(FutureTask.java:317)
	at java.base/java.util.concurrent.ThreadPoolExecutor.runWorker(ThreadPoolExecutor.java:1144)
	at java.base/java.util.concurrent.ThreadPoolExecutor$Worker.run(ThreadPoolExecutor.java:642)
	at java.base/java.lang.Thread.run(Thread.java:1583)
</pre></div></td>
<td>0</td>
<td>tests.TestScripts@23202fce</td></tr>
<tr>
<td title='tests.TestScripts.validateSystolic()'><b>validateSystolic</b><br>Test class: tests.TestScripts<br>Parameters: [Ljava.lang.String;@4845748e</td>
<td><div><pre>java.lang.AssertionError: 130 SystolicBP needs to pass but fails. expected [true] but found [false]
	at tests.TestScripts.validateSystolic(TestScripts.java:69)
	at java.base/java.util.ArrayList.forEach(ArrayList.java:1596)
	at java.base/java.util.concurrent.FutureTask.run(FutureTask.java:317)
	at java.base/java.util.concurrent.ThreadPoolExecutor.runWorker(ThreadPoolExecutor.java:1144)
	at java.base/java.util.concurrent.ThreadPoolExecutor$Worker.run(ThreadPoolExecutor.java:642)
	at java.base/java.lang.Thread.run(Thread.java:1583)
... Removed 18 stack frames</pre></div><a href='#' onClick='toggleBox("stack-trace2018401502", this, "Click to show all stack frames", "Click to hide stack frames")'>Click to show all stack frames</a>
<div class='stack-trace' id='stack-trace2018401502'><pre>java.lang.AssertionError: 130 SystolicBP needs to pass but fails. expected [true] but found [false]
	at org.testng.Assert.fail(Assert.java:111)
	at org.testng.Assert.failNotEquals(Assert.java:1590)
	at org.testng.Assert.assertTrue(Assert.java:57)
	at tests.TestScripts.validateSystolic(TestScripts.java:69)
	at java.base/jdk.internal.reflect.DirectMethodHandleAccessor.invoke(DirectMethodHandleAccessor.java:103)
	at java.base/java.lang.reflect.Method.invoke(Method.java:580)
	at org.testng.internal.invokers.MethodInvocationHelper.invokeMethod(MethodInvocationHelper.java:141)
	at org.testng.internal.invokers.TestInvoker.invokeMethod(TestInvoker.java:687)
	at org.testng.internal.invokers.TestInvoker.invokeTestMethod(TestInvoker.java:230)
	at org.testng.internal.invokers.MethodRunner.runInSequence(MethodRunner.java:63)
	at org.testng.internal.invokers.TestInvoker$MethodInvocationAgent.invoke(TestInvoker.java:995)
	at org.testng.internal.invokers.TestInvoker.invokeTestMethods(TestInvoker.java:203)
	at org.testng.internal.invokers.TestMethodWorker.invokeTestMethods(TestMethodWorker.java:154)
	at org.testng.internal.invokers.TestMethodWorker.run(TestMethodWorker.java:134)
	at java.base/java.util.ArrayList.forEach(ArrayList.java:1596)
	at org.testng.TestRunner.privateRun(TestRunner.java:741)
	at org.testng.TestRunner.run(TestRunner.java:616)
	at org.testng.SuiteRunner.runTest(SuiteRunner.java:421)
	at org.testng.SuiteRunner$SuiteWorker.run(SuiteRunner.java:463)
	at org.testng.internal.thread.ThreadUtil.lambda$execute$0(ThreadUtil.java:64)
	at java.base/java.util.concurrent.FutureTask.run(FutureTask.java:317)
	at java.base/java.util.concurrent.ThreadPoolExecutor.runWorker(ThreadPoolExecutor.java:1144)
	at java.base/java.util.concurrent.ThreadPoolExecutor$Worker.run(ThreadPoolExecutor.java:642)
	at java.base/java.lang.Thread.run(Thread.java:1583)
</pre></div></td>
<td>0</td>
<td>tests.TestScripts@23202fce</td></tr>
<tr>
<td title='tests.TestScripts.validateResetButton()'><b>validateResetButton</b><br>Test class: tests.TestScripts</td>
<td><div><pre>java.lang.AssertionError: Result card should be hidden after reset. expected [false] but found [true]
	at tests.TestScripts.validateResetButton(TestScripts.java:173)
	at java.base/java.util.ArrayList.forEach(ArrayList.java:1596)
	at java.base/java.util.concurrent.FutureTask.run(FutureTask.java:317)
	at java.base/java.util.concurrent.ThreadPoolExecutor.runWorker(ThreadPoolExecutor.java:1144)
	at java.base/java.util.concurrent.ThreadPoolExecutor$Worker.run(ThreadPoolExecutor.java:642)
	at java.base/java.lang.Thread.run(Thread.java:1583)
... Removed 18 stack frames</pre></div><a href='#' onClick='toggleBox("stack-trace252995014", this, "Click to show all stack frames", "Click to hide stack frames")'>Click to show all stack frames</a>
<div class='stack-trace' id='stack-trace252995014'><pre>java.lang.AssertionError: Result card should be hidden after reset. expected [false] but found [true]
	at org.testng.Assert.fail(Assert.java:111)
	at org.testng.Assert.failNotEquals(Assert.java:1590)
	at org.testng.Assert.assertFalse(Assert.java:79)
	at tests.TestScripts.validateResetButton(TestScripts.java:173)
	at java.base/jdk.internal.reflect.DirectMethodHandleAccessor.invoke(DirectMethodHandleAccessor.java:103)
	at java.base/java.lang.reflect.Method.invoke(Method.java:580)
	at org.testng.internal.invokers.MethodInvocationHelper.invokeMethod(MethodInvocationHelper.java:141)
	at org.testng.internal.invokers.TestInvoker.invokeMethod(TestInvoker.java:687)
	at org.testng.internal.invokers.TestInvoker.invokeTestMethod(TestInvoker.java:230)
	at org.testng.internal.invokers.MethodRunner.runInSequence(MethodRunner.java:63)
	at org.testng.internal.invokers.TestInvoker$MethodInvocationAgent.invoke(TestInvoker.java:995)
	at org.testng.internal.invokers.TestInvoker.invokeTestMethods(TestInvoker.java:203)
	at org.testng.internal.invokers.TestMethodWorker.invokeTestMethods(TestMethodWorker.java:154)
	at org.testng.internal.invokers.TestMethodWorker.run(TestMethodWorker.java:134)
	at java.base/java.util.ArrayList.forEach(ArrayList.java:1596)
	at org.testng.TestRunner.privateRun(TestRunner.java:741)
	at org.testng.TestRunner.run(TestRunner.java:616)
	at org.testng.SuiteRunner.runTest(SuiteRunner.java:421)
	at org.testng.SuiteRunner$SuiteWorker.run(SuiteRunner.java:463)
	at org.testng.internal.thread.ThreadUtil.lambda$execute$0(ThreadUtil.java:64)
	at java.base/java.util.concurrent.FutureTask.run(FutureTask.java:317)
	at java.base/java.util.concurrent.ThreadPoolExecutor.runWorker(ThreadPoolExecutor.java:1144)
	at java.base/java.util.concurrent.ThreadPoolExecutor$Worker.run(ThreadPoolExecutor.java:642)
	at java.base/java.lang.Thread.run(Thread.java:1583)
</pre></div></td>
<td>0</td>
<td>tests.TestScripts@23202fce</td></tr>
<tr>
<td title='tests.TestScripts.validateScoresGenerated()'><b>validateScoresGenerated</b><br>Test class: tests.TestScripts<br>Parameters: [Ljava.lang.String;@2eb65f5d</td>
<td><div><pre>java.lang.AssertionError: Failing to provide score for inputs :76,81-90 BPM,139,89
	at tests.TestScripts.validateScoresGenerated(TestScripts.java:125)
	at java.base/java.util.ArrayList.forEach(ArrayList.java:1596)
	at java.base/java.util.concurrent.FutureTask.run(FutureTask.java:317)
	at java.base/java.util.concurrent.ThreadPoolExecutor.runWorker(ThreadPoolExecutor.java:1144)
	at java.base/java.util.concurrent.ThreadPoolExecutor$Worker.run(ThreadPoolExecutor.java:642)
	at java.base/java.lang.Thread.run(Thread.java:1583)
... Removed 16 stack frames</pre></div><a href='#' onClick='toggleBox("stack-trace974143140", this, "Click to show all stack frames", "Click to hide stack frames")'>Click to show all stack frames</a>
<div class='stack-trace' id='stack-trace974143140'><pre>java.lang.AssertionError: Failing to provide score for inputs :76,81-90 BPM,139,89
	at org.testng.Assert.fail(Assert.java:111)
	at tests.TestScripts.validateScoresGenerated(TestScripts.java:125)
	at java.base/jdk.internal.reflect.DirectMethodHandleAccessor.invoke(DirectMethodHandleAccessor.java:103)
	at java.base/java.lang.reflect.Method.invoke(Method.java:580)
	at org.testng.internal.invokers.MethodInvocationHelper.invokeMethod(MethodInvocationHelper.java:141)
	at org.testng.internal.invokers.TestInvoker.invokeMethod(TestInvoker.java:687)
	at org.testng.internal.invokers.TestInvoker.invokeTestMethod(TestInvoker.java:230)
	at org.testng.internal.invokers.MethodRunner.runInSequence(MethodRunner.java:63)
	at org.testng.internal.invokers.TestInvoker$MethodInvocationAgent.invoke(TestInvoker.java:995)
	at org.testng.internal.invokers.TestInvoker.invokeTestMethods(TestInvoker.java:203)
	at org.testng.internal.invokers.TestMethodWorker.invokeTestMethods(TestMethodWorker.java:154)
	at org.testng.internal.invokers.TestMethodWorker.run(TestMethodWorker.java:134)
	at java.base/java.util.ArrayList.forEach(ArrayList.java:1596)
	at org.testng.TestRunner.privateRun(TestRunner.java:741)
	at org.testng.TestRunner.run(TestRunner.java:616)
	at org.testng.SuiteRunner.runTest(SuiteRunner.java:421)
	at org.testng.SuiteRunner$SuiteWorker.run(SuiteRunner.java:463)
	at org.testng.internal.thread.ThreadUtil.lambda$execute$0(ThreadUtil.java:64)
	at java.base/java.util.concurrent.FutureTask.run(FutureTask.java:317)
	at java.base/java.util.concurrent.ThreadPoolExecutor.runWorker(ThreadPoolExecutor.java:1144)
	at java.base/java.util.concurrent.ThreadPoolExecutor$Worker.run(ThreadPoolExecutor.java:642)
	at java.base/java.lang.Thread.run(Thread.java:1583)
</pre></div></td>
<td>0</td>
<td>tests.TestScripts@23202fce</td></tr>
<tr>
<td title='tests.TestScripts.validateScoresGenerated()'><b>validateScoresGenerated</b><br>Test class: tests.TestScripts<br>Parameters: [Ljava.lang.String;@681ce5db</td>
<td><div><pre>java.lang.AssertionError: Failing to provide score for inputs :45,91-100 BPM,149,99
	at tests.TestScripts.validateScoresGenerated(TestScripts.java:125)
	at java.base/java.util.ArrayList.forEach(ArrayList.java:1596)
	at java.base/java.util.concurrent.FutureTask.run(FutureTask.java:317)
	at java.base/java.util.concurrent.ThreadPoolExecutor.runWorker(ThreadPoolExecutor.java:1144)
	at java.base/java.util.concurrent.ThreadPoolExecutor$Worker.run(ThreadPoolExecutor.java:642)
	at java.base/java.lang.Thread.run(Thread.java:1583)
... Removed 16 stack frames</pre></div><a href='#' onClick='toggleBox("stack-trace1905883726", this, "Click to show all stack frames", "Click to hide stack frames")'>Click to show all stack frames</a>
<div class='stack-trace' id='stack-trace1905883726'><pre>java.lang.AssertionError: Failing to provide score for inputs :45,91-100 BPM,149,99
	at org.testng.Assert.fail(Assert.java:111)
	at tests.TestScripts.validateScoresGenerated(TestScripts.java:125)
	at java.base/jdk.internal.reflect.DirectMethodHandleAccessor.invoke(DirectMethodHandleAccessor.java:103)
	at java.base/java.lang.reflect.Method.invoke(Method.java:580)
	at org.testng.internal.invokers.MethodInvocationHelper.invokeMethod(MethodInvocationHelper.java:141)
	at org.testng.internal.invokers.TestInvoker.invokeMethod(TestInvoker.java:687)
	at org.testng.internal.invokers.TestInvoker.invokeTestMethod(TestInvoker.java:230)
	at org.testng.internal.invokers.MethodRunner.runInSequence(MethodRunner.java:63)
	at org.testng.internal.invokers.TestInvoker$MethodInvocationAgent.invoke(TestInvoker.java:995)
	at org.testng.internal.invokers.TestInvoker.invokeTestMethods(TestInvoker.java:203)
	at org.testng.internal.invokers.TestMethodWorker.invokeTestMethods(TestMethodWorker.java:154)
	at org.testng.internal.invokers.TestMethodWorker.run(TestMethodWorker.java:134)
	at java.base/java.util.ArrayList.forEach(ArrayList.java:1596)
	at org.testng.TestRunner.privateRun(TestRunner.java:741)
	at org.testng.TestRunner.run(TestRunner.java:616)
	at org.testng.SuiteRunner.runTest(SuiteRunner.java:421)
	at org.testng.SuiteRunner$SuiteWorker.run(SuiteRunner.java:463)
	at org.testng.internal.thread.ThreadUtil.lambda$execute$0(ThreadUtil.java:64)
	at java.base/java.util.concurrent.FutureTask.run(FutureTask.java:317)
	at java.base/java.util.concurrent.ThreadPoolExecutor.runWorker(ThreadPoolExecutor.java:1144)
	at java.base/java.util.concurrent.ThreadPoolExecutor$Worker.run(ThreadPoolExecutor.java:642)
	at java.base/java.lang.Thread.run(Thread.java:1583)
</pre></div></td>
<td>0</td>
<td>tests.TestScripts@23202fce</td></tr>
<tr>
<td title='tests.TestScripts.validateScoresGenerated()'><b>validateScoresGenerated</b><br>Test class: tests.TestScripts<br>Parameters: [Ljava.lang.String;@1d9c5563</td>
<td><div><pre>java.lang.AssertionError: Failing to provide score for inputs :75,60-80 BPM,131,86
	at tests.TestScripts.validateScoresGenerated(TestScripts.java:125)
	at java.base/java.util.ArrayList.forEach(ArrayList.java:1596)
	at java.base/java.util.concurrent.FutureTask.run(FutureTask.java:317)
	at java.base/java.util.concurrent.ThreadPoolExecutor.runWorker(ThreadPoolExecutor.java:1144)
	at java.base/java.util.concurrent.ThreadPoolExecutor$Worker.run(ThreadPoolExecutor.java:642)
	at java.base/java.lang.Thread.run(Thread.java:1583)
... Removed 16 stack frames</pre></div><a href='#' onClick='toggleBox("stack-trace463147363", this, "Click to show all stack frames", "Click to hide stack frames")'>Click to show all stack frames</a>
<div class='stack-trace' id='stack-trace463147363'><pre>java.lang.AssertionError: Failing to provide score for inputs :75,60-80 BPM,131,86
	at org.testng.Assert.fail(Assert.java:111)
	at tests.TestScripts.validateScoresGenerated(TestScripts.java:125)
	at java.base/jdk.internal.reflect.DirectMethodHandleAccessor.invoke(DirectMethodHandleAccessor.java:103)
	at java.base/java.lang.reflect.Method.invoke(Method.java:580)
	at org.testng.internal.invokers.MethodInvocationHelper.invokeMethod(MethodInvocationHelper.java:141)
	at org.testng.internal.invokers.TestInvoker.invokeMethod(TestInvoker.java:687)
	at org.testng.internal.invokers.TestInvoker.invokeTestMethod(TestInvoker.java:230)
	at org.testng.internal.invokers.MethodRunner.runInSequence(MethodRunner.java:63)
	at org.testng.internal.invokers.TestInvoker$MethodInvocationAgent.invoke(TestInvoker.java:995)
	at org.testng.internal.invokers.TestInvoker.invokeTestMethods(TestInvoker.java:203)
	at org.testng.internal.invokers.TestMethodWorker.invokeTestMethods(TestMethodWorker.java:154)
	at org.testng.internal.invokers.TestMethodWorker.run(TestMethodWorker.java:134)
	at java.base/java.util.ArrayList.forEach(ArrayList.java:1596)
	at org.testng.TestRunner.privateRun(TestRunner.java:741)
	at org.testng.TestRunner.run(TestRunner.java:616)
	at org.testng.SuiteRunner.runTest(SuiteRunner.java:421)
	at org.testng.SuiteRunner$SuiteWorker.run(SuiteRunner.java:463)
	at org.testng.internal.thread.ThreadUtil.lambda$execute$0(ThreadUtil.java:64)
	at java.base/java.util.concurrent.FutureTask.run(FutureTask.java:317)
	at java.base/java.util.concurrent.ThreadPoolExecutor.runWorker(ThreadPoolExecutor.java:1144)
	at java.base/java.util.concurrent.ThreadPoolExecutor$Worker.run(ThreadPoolExecutor.java:642)
	at java.base/java.lang.Thread.run(Thread.java:1583)
</pre></div></td>
<td>0</td>
<td>tests.TestScripts@23202fce</td></tr>
<tr>
<td title='tests.TestScripts.validateScoresGenerated()'><b>validateScoresGenerated</b><br>Test class: tests.TestScripts<br>Parameters: [Ljava.lang.String;@70c67599</td>
<td><div><pre>java.lang.AssertionError: Failing to provide score for inputs :1000,81-90 BPM,140,90
	at tests.TestScripts.validateScoresGenerated(TestScripts.java:125)
	at java.base/java.util.ArrayList.forEach(ArrayList.java:1596)
	at java.base/java.util.concurrent.FutureTask.run(FutureTask.java:317)
	at java.base/java.util.concurrent.ThreadPoolExecutor.runWorker(ThreadPoolExecutor.java:1144)
	at java.base/java.util.concurrent.ThreadPoolExecutor$Worker.run(ThreadPoolExecutor.java:642)
	at java.base/java.lang.Thread.run(Thread.java:1583)
... Removed 16 stack frames</pre></div><a href='#' onClick='toggleBox("stack-trace1423507074", this, "Click to show all stack frames", "Click to hide stack frames")'>Click to show all stack frames</a>
<div class='stack-trace' id='stack-trace1423507074'><pre>java.lang.AssertionError: Failing to provide score for inputs :1000,81-90 BPM,140,90
	at org.testng.Assert.fail(Assert.java:111)
	at tests.TestScripts.validateScoresGenerated(TestScripts.java:125)
	at java.base/jdk.internal.reflect.DirectMethodHandleAccessor.invoke(DirectMethodHandleAccessor.java:103)
	at java.base/java.lang.reflect.Method.invoke(Method.java:580)
	at org.testng.internal.invokers.MethodInvocationHelper.invokeMethod(MethodInvocationHelper.java:141)
	at org.testng.internal.invokers.TestInvoker.invokeMethod(TestInvoker.java:687)
	at org.testng.internal.invokers.TestInvoker.invokeTestMethod(TestInvoker.java:230)
	at org.testng.internal.invokers.MethodRunner.runInSequence(MethodRunner.java:63)
	at org.testng.internal.invokers.TestInvoker$MethodInvocationAgent.invoke(TestInvoker.java:995)
	at org.testng.internal.invokers.TestInvoker.invokeTestMethods(TestInvoker.java:203)
	at org.testng.internal.invokers.TestMethodWorker.invokeTestMethods(TestMethodWorker.java:154)
	at org.testng.internal.invokers.TestMethodWorker.run(TestMethodWorker.java:134)
	at java.base/java.util.ArrayList.forEach(ArrayList.java:1596)
	at org.testng.TestRunner.privateRun(TestRunner.java:741)
	at org.testng.TestRunner.run(TestRunner.java:616)
	at org.testng.SuiteRunner.runTest(SuiteRunner.java:421)
	at org.testng.SuiteRunner$SuiteWorker.run(SuiteRunner.java:463)
	at org.testng.internal.thread.ThreadUtil.lambda$execute$0(ThreadUtil.java:64)
	at java.base/java.util.concurrent.FutureTask.run(FutureTask.java:317)
	at java.base/java.util.concurrent.ThreadPoolExecutor.runWorker(ThreadPoolExecutor.java:1144)
	at java.base/java.util.concurrent.ThreadPoolExecutor$Worker.run(ThreadPoolExecutor.java:642)
	at java.base/java.lang.Thread.run(Thread.java:1583)
</pre></div></td>
<td>0</td>
<td>tests.TestScripts@23202fce</td></tr>
<tr>
<td title='tests.TestScripts.scoreCard()'><b>scoreCard</b><br>Test class: tests.TestScripts</td>
<td><div><pre>java.lang.AssertionError: Systolic BP : 130  Diastolic BP : 70  Pulse BP :50-59 BPM result not generated alert interrupted
	at pages.HomePage.success(HomePage.java:272)
	at tests.TestScripts.scoreCard(TestScripts.java:146)
	at java.base/java.util.ArrayList.forEach(ArrayList.java:1596)
	at java.base/java.util.concurrent.FutureTask.run(FutureTask.java:317)
	at java.base/java.util.concurrent.ThreadPoolExecutor.runWorker(ThreadPoolExecutor.java:1144)
	at java.base/java.util.concurrent.ThreadPoolExecutor$Worker.run(ThreadPoolExecutor.java:642)
	at java.base/java.lang.Thread.run(Thread.java:1583)
... Removed 16 stack frames</pre></div><a href='#' onClick='toggleBox("stack-trace99972392", this, "Click to show all stack frames", "Click to hide stack frames")'>Click to show all stack frames</a>
<div class='stack-trace' id='stack-trace99972392'><pre>java.lang.AssertionError: Systolic BP : 130  Diastolic BP : 70  Pulse BP :50-59 BPM result not generated alert interrupted
	at org.testng.Assert.fail(Assert.java:111)
	at pages.HomePage.success(HomePage.java:272)
	at tests.TestScripts.scoreCard(TestScripts.java:146)
	at java.base/jdk.internal.reflect.DirectMethodHandleAccessor.invoke(DirectMethodHandleAccessor.java:103)
	at java.base/java.lang.reflect.Method.invoke(Method.java:580)
	at org.testng.internal.invokers.MethodInvocationHelper.invokeMethod(MethodInvocationHelper.java:141)
	at org.testng.internal.invokers.TestInvoker.invokeMethod(TestInvoker.java:687)
	at org.testng.internal.invokers.TestInvoker.invokeTestMethod(TestInvoker.java:230)
	at org.testng.internal.invokers.MethodRunner.runInSequence(MethodRunner.java:63)
	at org.testng.internal.invokers.TestInvoker$MethodInvocationAgent.invoke(TestInvoker.java:995)
	at org.testng.internal.invokers.TestInvoker.invokeTestMethods(TestInvoker.java:203)
	at org.testng.internal.invokers.TestMethodWorker.invokeTestMethods(TestMethodWorker.java:154)
	at org.testng.internal.invokers.TestMethodWorker.run(TestMethodWorker.java:134)
	at java.base/java.util.ArrayList.forEach(ArrayList.java:1596)
	at org.testng.TestRunner.privateRun(TestRunner.java:741)
	at org.testng.TestRunner.run(TestRunner.java:616)
	at org.testng.SuiteRunner.runTest(SuiteRunner.java:421)
	at org.testng.SuiteRunner$SuiteWorker.run(SuiteRunner.java:463)
	at org.testng.internal.thread.ThreadUtil.lambda$execute$0(ThreadUtil.java:64)
	at java.base/java.util.concurrent.FutureTask.run(FutureTask.java:317)
	at java.base/java.util.concurrent.ThreadPoolExecutor.runWorker(ThreadPoolExecutor.java:1144)
	at java.base/java.util.concurrent.ThreadPoolExecutor$Worker.run(ThreadPoolExecutor.java:642)
	at java.base/java.lang.Thread.run(Thread.java:1583)
</pre></div></td>
<td>40</td>
<td>tests.TestScripts@23202fce</td></tr>
</table><p>
<table width='100%' border='1' class='invocation-passed'>
<tr><td colspan='4' align='center'><b>PASSED TESTS</b></td></tr>
<tr><td><b>Test method</b></td>
<td><b>Attribute(s)</b></td>
<td width="30%"><b>Exception</b></td>
<td width="10%"><b>Time (seconds)</b></td>
<td><b>Instance</b></td>
</tr>
<tr>
<td title='tests.TestScripts.validateName()'><b>validateName</b><br>Test class: tests.TestScripts<br>Parameters: [Ljava.lang.String;@1d6c9ff4</td>
<td></td>
<td>0</td>
<td>tests.TestScripts@23202fce</td></tr>
<tr>
<td title='tests.TestScripts.validateHealthRemark()'><b>validateHealthRemark</b><br>Test class: tests.TestScripts<br>Parameters: [Ljava.lang.String;@35a61a69</td>
<td></td>
<td>0</td>
<td>tests.TestScripts@23202fce</td></tr>
<tr>
<td title='tests.TestScripts.validateAge()'><b>validateAge</b><br>Test class: tests.TestScripts<br>Parameters: [Ljava.lang.String;@594c2e2d</td>
<td></td>
<td>0</td>
<td>tests.TestScripts@23202fce</td></tr>
<tr>
<td title='tests.TestScripts.validateCalculate()'><b>validateCalculate</b><br>Test class: tests.TestScripts</td>
<td></td>
<td>0</td>
<td>tests.TestScripts@23202fce</td></tr>
<tr>
<td title='tests.TestScripts.validateHealthRemark()'><b>validateHealthRemark</b><br>Test class: tests.TestScripts<br>Parameters: [Ljava.lang.String;@7d5883c5</td>
<td></td>
<td>0</td>
<td>tests.TestScripts@23202fce</td></tr>
<tr>
<td title='tests.TestScripts.validatePulse()'><b>validatePulse</b><br>Test class: tests.TestScripts<br>Parameters: [Ljava.lang.String;@43220a5</td>
<td></td>
<td>1</td>
<td>tests.TestScripts@23202fce</td></tr>
<tr>
<td title='tests.TestScripts.validatePulse()'><b>validatePulse</b><br>Test class: tests.TestScripts<br>Parameters: [Ljava.lang.String;@1421718</td>
<td></td>
<td>1</td>
<td>tests.TestScripts@23202fce</td></tr>
<tr>
<td title='tests.TestScripts.validatePulse()'><b>validatePulse</b><br>Test class: tests.TestScripts<br>Parameters: [Ljava.lang.String;@39477c5b</td>
<td></td>
<td>1</td>
<td>tests.TestScripts@23202fce</td></tr>
<tr>
<td title='tests.TestScripts.validateHealthRemark()'><b>validateHealthRemark</b><br>Test class: tests.TestScripts<br>Parameters: [Ljava.lang.String;@b8861d</td>
<td></td>
<td>0</td>
<td>tests.TestScripts@23202fce</td></tr>
<tr>
<td title='tests.TestScripts.validateDiastolic()'><b>validateDiastolic</b><br>Test class: tests.TestScripts<br>Parameters: [Ljava.lang.String;@159ab9a7</td>
<td></td>
<td>1</td>
<td>tests.TestScripts@23202fce</td></tr>
<tr>
<td title='tests.TestScripts.validateScoresGenerated()'><b>validateScoresGenerated</b><br>Test class: tests.TestScripts<br>Parameters: [Ljava.lang.String;@4f196db</td>
<td></td>
<td>0</td>
<td>tests.TestScripts@23202fce</td></tr>
<tr>
<td title='tests.TestScripts.validateSystolic()'><b>validateSystolic</b><br>Test class: tests.TestScripts<br>Parameters: [Ljava.lang.String;@6d687ba</td>
<td></td>
<td>1</td>
<td>tests.TestScripts@23202fce</td></tr>
<tr>
<td title='tests.TestScripts.validateScoresGenerated()'><b>validateScoresGenerated</b><br>Test class: tests.TestScripts<br>Parameters: [Ljava.lang.String;@429a6113</td>
<td></td>
<td>1</td>
<td>tests.TestScripts@23202fce</td></tr>
<tr>
<td title='tests.TestScripts.validateAge()'><b>validateAge</b><br>Test class: tests.TestScripts<br>Parameters: [Ljava.lang.String;@20daf66</td>
<td></td>
<td>0</td>
<td>tests.TestScripts@23202fce</td></tr>
<tr>
<td title='tests.TestScripts.validateHealthRemark()'><b>validateHealthRemark</b><br>Test class: tests.TestScripts<br>Parameters: [Ljava.lang.String;@a42a6b2</td>
<td></td>
<td>0</td>
<td>tests.TestScripts@23202fce</td></tr>
<tr>
<td title='tests.TestScripts.validateAge()'><b>validateAge</b><br>Test class: tests.TestScripts<br>Parameters: [Ljava.lang.String;@381b1b17</td>
<td></td>
<td>0</td>
<td>tests.TestScripts@23202fce</td></tr>
<tr>
<td title='tests.TestScripts.validateHealthRemark()'><b>validateHealthRemark</b><br>Test class: tests.TestScripts<br>Parameters: [Ljava.lang.String;@299867fe</td>
<td></td>
<td>0</td>
<td>tests.TestScripts@23202fce</td></tr>
<tr>
<td title='tests.TestScripts.validateName()'><b>validateName</b><br>Test class: tests.TestScripts<br>Parameters: [Ljava.lang.String;@46819b34</td>
<td></td>
<td>0</td>
<td>tests.TestScripts@23202fce</td></tr>
<tr>
<td title='tests.TestScripts.validatePulse()'><b>validatePulse</b><br>Test class: tests.TestScripts<br>Parameters: [Ljava.lang.String;@59e9c260</td>
<td></td>
<td>1</td>
<td>tests.TestScripts@23202fce</td></tr>
<tr>
<td title='tests.TestScripts.validateAge()'><b>validateAge</b><br>Test class: tests.TestScripts<br>Parameters: [Ljava.lang.String;@394ab9e9</td>
<td></td>
<td>0</td>
<td>tests.TestScripts@23202fce</td></tr>
<tr>
<td title='tests.TestScripts.validateHealthRemark()'><b>validateHealthRemark</b><br>Test class: tests.TestScripts<br>Parameters: [Ljava.lang.String;@53879ea9</td>
<td></td>
<td>0</td>
<td>tests.TestScripts@23202fce</td></tr>
<tr>
<td title='tests.TestScripts.validatePulse()'><b>validatePulse</b><br>Test class: tests.TestScripts<br>Parameters: [Ljava.lang.String;@1915e7d6</td>
<td></td>
<td>0</td>
<td>tests.TestScripts@23202fce</td></tr>
<tr>
<td title='tests.TestScripts.validateHealthRemark()'><b>validateHealthRemark</b><br>Test class: tests.TestScripts<br>Parameters: [Ljava.lang.String;@e78dc56</td>
<td></td>
<td>0</td>
<td>tests.TestScripts@23202fce</td></tr>
<tr>
<td title='tests.TestScripts.validateName()'><b>validateName</b><br>Test class: tests.TestScripts<br>Parameters: [Ljava.lang.String;@6211b981</td>
<td></td>
<td>0</td>
<td>tests.TestScripts@23202fce</td></tr>
<tr>
<td title='tests.TestScripts.validatePulse()'><b>validatePulse</b><br>Test class: tests.TestScripts<br>Parameters: [Ljava.lang.String;@d8c11bc</td>
<td></td>
<td>0</td>
<td>tests.TestScripts@23202fce</td></tr>
<tr>
<td title='tests.TestScripts.validatePulse()'><b>validatePulse</b><br>Test class: tests.TestScripts<br>Parameters: [Ljava.lang.String;@3b117c8c</td>
<td></td>
<td>1</td>
<td>tests.TestScripts@23202fce</td></tr>
<tr>
<td title='tests.TestScripts.validateAge()'><b>validateAge</b><br>Test class: tests.TestScripts<br>Parameters: [Ljava.lang.String;@73c38dd4</td>
<td></td>
<td>0</td>
<td>tests.TestScripts@23202fce</td></tr>
<tr>
<td title='tests.TestScripts.validateScoresGenerated()'><b>validateScoresGenerated</b><br>Test class: tests.TestScripts<br>Parameters: [Ljava.lang.String;@1cf1ef9c</td>
<td></td>
<td>0</td>
<td>tests.TestScripts@23202fce</td></tr>
<tr>
<td title='tests.TestScripts.validateName()'><b>validateName</b><br>Test class: tests.TestScripts<br>Parameters: [Ljava.lang.String;@711d0c4f</td>
<td></td>
<td>0</td>
<td>tests.TestScripts@23202fce</td></tr>
<tr>
<td title='tests.TestScripts.validateScoresGenerated()'><b>validateScoresGenerated</b><br>Test class: tests.TestScripts<br>Parameters: [Ljava.lang.String;@4158ebfc</td>
<td></td>
<td>0</td>
<td>tests.TestScripts@23202fce</td></tr>
<tr>
<td title='tests.TestScripts.validateHealthRemark()'><b>validateHealthRemark</b><br>Test class: tests.TestScripts<br>Parameters: [Ljava.lang.String;@2e9a732e</td>
<td></td>
<td>0</td>
<td>tests.TestScripts@23202fce</td></tr>
<tr>
<td title='tests.TestScripts.validateAge()'><b>validateAge</b><br>Test class: tests.TestScripts<br>Parameters: [Ljava.lang.String;@3d04e46e</td>
<td></td>
<td>0</td>
<td>tests.TestScripts@23202fce</td></tr>
<tr>
<td title='tests.TestScripts.validateScoresGenerated()'><b>validateScoresGenerated</b><br>Test class: tests.TestScripts<br>Parameters: [Ljava.lang.String;@24e2f8f5</td>
<td></td>
<td>1</td>
<td>tests.TestScripts@23202fce</td></tr>
<tr>
<td title='tests.TestScripts.validateDiastolic()'><b>validateDiastolic</b><br>Test class: tests.TestScripts<br>Parameters: [Ljava.lang.String;@22e3f09e</td>
<td></td>
<td>1</td>
<td>tests.TestScripts@23202fce</td></tr>
<tr>
<td title='tests.TestScripts.validateHealthRemark()'><b>validateHealthRemark</b><br>Test class: tests.TestScripts<br>Parameters: [Ljava.lang.String;@5f9df4ef</td>
<td></td>
<td>0</td>
<td>tests.TestScripts@23202fce</td></tr>
<tr>
<td title='tests.TestScripts.validateHealthRemark()'><b>validateHealthRemark</b><br>Test class: tests.TestScripts<br>Parameters: [Ljava.lang.String;@45204ce6</td>
<td></td>
<td>0</td>
<td>tests.TestScripts@23202fce</td></tr>
<tr>
<td title='tests.TestScripts.validateHealthRemark()'><b>validateHealthRemark</b><br>Test class: tests.TestScripts<br>Parameters: [Ljava.lang.String;@763621e7</td>
<td></td>
<td>0</td>
<td>tests.TestScripts@23202fce</td></tr>
<tr>
<td title='tests.TestScripts.validateSystolic()'><b>validateSystolic</b><br>Test class: tests.TestScripts<br>Parameters: [Ljava.lang.String;@4b6c58bf</td>
<td></td>
<td>1</td>
<td>tests.TestScripts@23202fce</td></tr>
<tr>
<td title='tests.TestScripts.validateName()'><b>validateName</b><br>Test class: tests.TestScripts<br>Parameters: [Ljava.lang.String;@7be6f7b1</td>
<td></td>
<td>0</td>
<td>tests.TestScripts@23202fce</td></tr>
<tr>
<td title='tests.TestScripts.validateHealthRemark()'><b>validateHealthRemark</b><br>Test class: tests.TestScripts<br>Parameters: [Ljava.lang.String;@3c66c357</td>
<td></td>
<td>0</td>
<td>tests.TestScripts@23202fce</td></tr>
<tr>
<td title='tests.TestScripts.validateName()'><b>validateName</b><br>Test class: tests.TestScripts<br>Parameters: [Ljava.lang.String;@7b18f425</td>
<td></td>
<td>0</td>
<td>tests.TestScripts@23202fce</td></tr>
<tr>
<td title='tests.TestScripts.validateScoresGenerated()'><b>validateScoresGenerated</b><br>Test class: tests.TestScripts<br>Parameters: [Ljava.lang.String;@5218e259</td>
<td></td>
<td>0</td>
<td>tests.TestScripts@23202fce</td></tr>
<tr>
<td title='tests.TestScripts.validateDiastolic()'><b>validateDiastolic</b><br>Test class: tests.TestScripts<br>Parameters: [Ljava.lang.String;@1e0fccd4</td>
<td></td>
<td>1</td>
<td>tests.TestScripts@23202fce</td></tr>
<tr>
<td title='tests.TestScripts.validateSystolic()'><b>validateSystolic</b><br>Test class: tests.TestScripts<br>Parameters: [Ljava.lang.String;@14f9c839</td>
<td></td>
<td>0</td>
<td>tests.TestScripts@23202fce</td></tr>
<tr>
<td title='tests.TestScripts.validateSystolic()'><b>validateSystolic</b><br>Test class: tests.TestScripts<br>Parameters: [Ljava.lang.String;@287cbf5f</td>
<td></td>
<td>1</td>
<td>tests.TestScripts@23202fce</td></tr>
<tr>
<td title='tests.TestScripts.validateSystolic()'><b>validateSystolic</b><br>Test class: tests.TestScripts<br>Parameters: [Ljava.lang.String;@3de38a23</td>
<td></td>
<td>1</td>
<td>tests.TestScripts@23202fce</td></tr>
<tr>
<td title='tests.TestScripts.validateDiastolic()'><b>validateDiastolic</b><br>Test class: tests.TestScripts<br>Parameters: [Ljava.lang.String;@5dea8827</td>
<td></td>
<td>1</td>
<td>tests.TestScripts@23202fce</td></tr>
<tr>
<td title='tests.TestScripts.validateAge()'><b>validateAge</b><br>Test class: tests.TestScripts<br>Parameters: [Ljava.lang.String;@7083ba3</td>
<td></td>
<td>0</td>
<td>tests.TestScripts@23202fce</td></tr>
<tr>
<td title='tests.TestScripts.validateScoresGenerated()'><b>validateScoresGenerated</b><br>Test class: tests.TestScripts<br>Parameters: [Ljava.lang.String;@4ac3fa5a</td>
<td></td>
<td>1</td>
<td>tests.TestScripts@23202fce</td></tr>
<tr>
<td title='tests.TestScripts.validateScoresGenerated()'><b>validateScoresGenerated</b><br>Test class: tests.TestScripts<br>Parameters: [Ljava.lang.String;@6b50d3b3</td>
<td></td>
<td>0</td>
<td>tests.TestScripts@23202fce</td></tr>
<tr>
<td title='tests.TestScripts.validateHealthRemark()'><b>validateHealthRemark</b><br>Test class: tests.TestScripts<br>Parameters: [Ljava.lang.String;@62f2c54e</td>
<td></td>
<td>0</td>
<td>tests.TestScripts@23202fce</td></tr>
<tr>
<td title='tests.TestScripts.validateHealthRemark()'><b>validateHealthRemark</b><br>Test class: tests.TestScripts<br>Parameters: [Ljava.lang.String;@24613f90</td>
<td></td>
<td>0</td>
<td>tests.TestScripts@23202fce</td></tr>
</table><p>
</body>
</html>