<?xml version="1.0" encoding="UTF-8"?>
<!-- Generated by org.testng.reporters.JUnitXMLReporter -->
<testsuite ignored="0" hostname="LTIN620335" failures="10" tests="37" name="Test1" time="55.068" errors="0" timestamp="2025-06-29T14:55:51 IST">
  <testcase classname="tests.TestScripts" name="validateName" time="0.382">
    <failure type="java.lang.AssertionError" message="  Name needs to fails but pass. expected [false] but found [true]">
      <![CDATA[java.lang.AssertionError:   Name needs to fails but pass. expected [false] but found [true]
at tests.TestScripts.validateName(TestScripts.java:35)
at java.base/java.util.ArrayList.forEach(ArrayList.java:1596)
at java.base/java.util.concurrent.FutureTask.run(FutureTask.java:317)
at java.base/java.util.concurrent.ThreadPoolExecutor.runWorker(ThreadPoolExecutor.java:1144)
at java.base/java.util.concurrent.ThreadPoolExecutor$Worker.run(ThreadPoolExecutor.java:642)
at java.base/java.lang.Thread.run(Thread.java:1583)
... Removed 18 stack frames]]>
    </failure>
  </testcase> <!-- validateName -->
  <testcase classname="tests.TestScripts" name="validateName" time="0.409"/>
  <testcase classname="tests.TestScripts" name="validateName" time="0.329"/>
  <testcase classname="tests.TestScripts" name="validateName" time="0.328"/>
  <testcase classname="tests.TestScripts" name="validateName" time="0.308"/>
  <testcase classname="tests.TestScripts" name="validateName" time="0.305"/>
  <testcase classname="tests.TestScripts" name="validateName" time="0.313"/>
  <testcase classname="tests.TestScripts" name="validateAge" time="0.952"/>
  <testcase classname="tests.TestScripts" name="validateAge" time="1.106"/>
  <testcase classname="tests.TestScripts" name="validateAge" time="1.003"/>
  <testcase classname="tests.TestScripts" name="validateAge" time="0.908"/>
  <testcase classname="tests.TestScripts" name="validateAge" time="0.817"/>
  <testcase classname="tests.TestScripts" name="validateAge" time="1.027"/>
  <testcase classname="tests.TestScripts" name="validateAge" time="0.914"/>
  <testcase classname="tests.TestScripts" name="validatePulse" time="0.621"/>
  <testcase classname="tests.TestScripts" name="validatePulse" time="0.63"/>
  <testcase classname="tests.TestScripts" name="validatePulse" time="0.637"/>
  <testcase classname="tests.TestScripts" name="validatePulse" time="0.606"/>
  <testcase classname="tests.TestScripts" name="validatePulse" time="0.628"/>
  <testcase classname="tests.TestScripts" name="validatePulse" time="0.749"/>
  <testcase classname="tests.TestScripts" name="validatePulse" time="0.721"/>
  <testcase classname="tests.TestScripts" name="validateSystolic" time="1.506"/>
  <testcase classname="tests.TestScripts" name="validateSystolic" time="0.654">
    <failure type="java.lang.AssertionError" message="150 SystolicBP needs to pass but fails. expected [true] but found [false]">
      <![CDATA[java.lang.AssertionError: 150 SystolicBP needs to pass but fails. expected [true] but found [false]
at tests.TestScripts.validateSystolic(TestScripts.java:53)
at java.base/java.util.ArrayList.forEach(ArrayList.java:1596)
at java.base/java.util.concurrent.FutureTask.run(FutureTask.java:317)
at java.base/java.util.concurrent.ThreadPoolExecutor.runWorker(ThreadPoolExecutor.java:1144)
at java.base/java.util.concurrent.ThreadPoolExecutor$Worker.run(ThreadPoolExecutor.java:642)
at java.base/java.lang.Thread.run(Thread.java:1583)
... Removed 18 stack frames]]>
    </failure>
  </testcase> <!-- validateSystolic -->
  <testcase classname="tests.TestScripts" name="validateSystolic" time="0.62">
    <failure type="java.lang.AssertionError" message="130 SystolicBP needs to pass but fails. expected [true] but found [false]">
      <![CDATA[java.lang.AssertionError: 130 SystolicBP needs to pass but fails. expected [true] but found [false]
at tests.TestScripts.validateSystolic(TestScripts.java:53)
at java.base/java.util.ArrayList.forEach(ArrayList.java:1596)
at java.base/java.util.concurrent.FutureTask.run(FutureTask.java:317)
at java.base/java.util.concurrent.ThreadPoolExecutor.runWorker(ThreadPoolExecutor.java:1144)
at java.base/java.util.concurrent.ThreadPoolExecutor$Worker.run(ThreadPoolExecutor.java:642)
at java.base/java.lang.Thread.run(Thread.java:1583)
... Removed 18 stack frames]]>
    </failure>
  </testcase> <!-- validateSystolic -->
  <testcase classname="tests.TestScripts" name="validateSystolic" time="0.673">
    <failure type="java.lang.AssertionError" message="140 SystolicBP needs to pass but fails. expected [true] but found [false]">
      <![CDATA[java.lang.AssertionError: 140 SystolicBP needs to pass but fails. expected [true] but found [false]
at tests.TestScripts.validateSystolic(TestScripts.java:53)
at java.base/java.util.ArrayList.forEach(ArrayList.java:1596)
at java.base/java.util.concurrent.FutureTask.run(FutureTask.java:317)
at java.base/java.util.concurrent.ThreadPoolExecutor.runWorker(ThreadPoolExecutor.java:1144)
at java.base/java.util.concurrent.ThreadPoolExecutor$Worker.run(ThreadPoolExecutor.java:642)
at java.base/java.lang.Thread.run(Thread.java:1583)
... Removed 18 stack frames]]>
    </failure>
  </testcase> <!-- validateSystolic -->
  <testcase classname="tests.TestScripts" name="validateSystolic" time="1.321"/>
  <testcase classname="tests.TestScripts" name="validateSystolic" time="0.754">
    <failure type="java.lang.AssertionError" message="76 SystolicBP needs to pass but fails. expected [true] but found [false]">
      <![CDATA[java.lang.AssertionError: 76 SystolicBP needs to pass but fails. expected [true] but found [false]
at tests.TestScripts.validateSystolic(TestScripts.java:53)
at java.base/java.util.ArrayList.forEach(ArrayList.java:1596)
at java.base/java.util.concurrent.FutureTask.run(FutureTask.java:317)
at java.base/java.util.concurrent.ThreadPoolExecutor.runWorker(ThreadPoolExecutor.java:1144)
at java.base/java.util.concurrent.ThreadPoolExecutor$Worker.run(ThreadPoolExecutor.java:642)
at java.base/java.lang.Thread.run(Thread.java:1583)
... Removed 18 stack frames]]>
    </failure>
  </testcase> <!-- validateSystolic -->
  <testcase classname="tests.TestScripts" name="validateSystolic" time="0.832">
    <failure type="java.lang.AssertionError" message="149 SystolicBP needs to pass but fails. expected [true] but found [false]">
      <![CDATA[java.lang.AssertionError: 149 SystolicBP needs to pass but fails. expected [true] but found [false]
at tests.TestScripts.validateSystolic(TestScripts.java:53)
at java.base/java.util.ArrayList.forEach(ArrayList.java:1596)
at java.base/java.util.concurrent.FutureTask.run(FutureTask.java:317)
at java.base/java.util.concurrent.ThreadPoolExecutor.runWorker(ThreadPoolExecutor.java:1144)
at java.base/java.util.concurrent.ThreadPoolExecutor$Worker.run(ThreadPoolExecutor.java:642)
at java.base/java.lang.Thread.run(Thread.java:1583)
... Removed 18 stack frames]]>
    </failure>
  </testcase> <!-- validateSystolic -->
  <testcase classname="tests.TestScripts" name="validateDiastolic" time="1.91"/>
  <testcase classname="tests.TestScripts" name="validateDiastolic" time="1.728"/>
  <testcase classname="tests.TestScripts" name="validateDiastolic" time="1.747"/>
  <testcase classname="tests.TestScripts" name="validateDiastolic" time="1.636"/>
  <testcase classname="tests.TestScripts" name="validateDiastolic" time="0.989">
    <failure type="org.openqa.selenium.UnhandledAlertException" message="unexpected alert open: {Alert text : Provided BP values are not valid. Please Check Once Again}
  (Session info: chrome=137.0.7151.69): Provided BP values are not valid. Please Check Once Again
Build info: version: &amp;apos;4.32.0&amp;apos;, revision: &amp;apos;d17c8aa950&amp;apos;
System info: os.name: &amp;apos;Windows 11&amp;apos;, os.arch: &amp;apos;amd64&amp;apos;, os.version: &amp;apos;10.0&amp;apos;, java.version: &amp;apos;21.0.5&amp;apos;
Driver info: org.openqa.selenium.chrome.ChromeDriver
Command: [a02b614c0872c9b34960cb183d26dca7, findElement {value=bp-diastolic, using=id}]
Capabilities {acceptInsecureCerts: false, browserName: chrome, browserVersion: 137.0.7151.69, chrome: {chromedriverVersion: 137.0.7151.119 (e0ac9d12dff..., userDataDir: C:\Users\2401217\AppData\Lo...}, fedcm:accounts: true, goog:chromeOptions: {debuggerAddress: localhost:59063}, networkConnectionEnabled: false, pageLoadStrategy: normal, platformName: windows, proxy: Proxy(), se:cdp: ws://localhost:59063/devtoo..., se:cdpVersion: 137.0.7151.69, setWindowRect: true, strictFileInteractability: false, timeouts: {implicit: 0, pageLoad: 300000, script: 30000}, unhandledPromptBehavior: dismiss and notify, webauthn:extension:credBlob: true, webauthn:extension:largeBlob: true, webauthn:extension:minPinLength: true, webauthn:extension:prf: true, webauthn:virtualAuthenticators: true}
Session ID: a02b614c0872c9b34960cb183d26dca7">
      <![CDATA[org.openqa.selenium.UnhandledAlertException: unexpected alert open: {Alert text : Provided BP values are not valid. Please Check Once Again}
  (Session info: chrome=137.0.7151.69): Provided BP values are not valid. Please Check Once Again
Build info: version: '4.32.0', revision: 'd17c8aa950'
System info: os.name: 'Windows 11', os.arch: 'amd64', os.version: '10.0', java.version: '21.0.5'
Driver info: org.openqa.selenium.chrome.ChromeDriver
Command: [a02b614c0872c9b34960cb183d26dca7, findElement {value=bp-diastolic, using=id}]
Capabilities {acceptInsecureCerts: false, browserName: chrome, browserVersion: 137.0.7151.69, chrome: {chromedriverVersion: 137.0.7151.119 (e0ac9d12dff..., userDataDir: C:\Users\2401217\AppData\Lo...}, fedcm:accounts: true, goog:chromeOptions: {debuggerAddress: localhost:59063}, networkConnectionEnabled: false, pageLoadStrategy: normal, platformName: windows, proxy: Proxy(), se:cdp: ws://localhost:59063/devtoo..., se:cdpVersion: 137.0.7151.69, setWindowRect: true, strictFileInteractability: false, timeouts: {implicit: 0, pageLoad: 300000, script: 30000}, unhandledPromptBehavior: dismiss and notify, webauthn:extension:credBlob: true, webauthn:extension:largeBlob: true, webauthn:extension:minPinLength: true, webauthn:extension:prf: true, webauthn:virtualAuthenticators: true}
Session ID: a02b614c0872c9b34960cb183d26dca7
at org.openqa.selenium.remote.codec.w3c.W3CHttpResponseCodec.decode(W3CHttpResponseCodec.java:136)
at org.openqa.selenium.remote.codec.w3c.W3CHttpResponseCodec.decode(W3CHttpResponseCodec.java:50)
at org.openqa.selenium.remote.HttpCommandExecutor.execute(HttpCommandExecutor.java:215)
at org.openqa.selenium.remote.service.DriverCommandExecutor.invokeExecute(DriverCommandExecutor.java:216)
at org.openqa.selenium.remote.service.DriverCommandExecutor.execute(DriverCommandExecutor.java:174)
at org.openqa.selenium.remote.RemoteWebDriver.execute(RemoteWebDriver.java:545)
at org.openqa.selenium.remote.ElementLocation$ElementFinder$2.findElement(ElementLocation.java:165)
at org.openqa.selenium.remote.ElementLocation.findElement(ElementLocation.java:59)
at org.openqa.selenium.remote.RemoteWebDriver.findElement(RemoteWebDriver.java:368)
at org.openqa.selenium.remote.RemoteWebDriver.findElement(RemoteWebDriver.java:362)
at org.openqa.selenium.support.pagefactory.DefaultElementLocator.findElement(DefaultElementLocator.java:68)
at org.openqa.selenium.support.pagefactory.internal.LocatingElementHandler.invoke(LocatingElementHandler.java:38)
at jdk.proxy2/jdk.proxy2.$Proxy16.getWrappedElement(Unknown Source)
at org.openqa.selenium.remote.WebElementToJsonConverter.apply(WebElementToJsonConverter.java:48)
at java.base/java.util.stream.ReferencePipeline$3$1.accept(ReferencePipeline.java:197)
at java.base/java.util.Spliterators$ArraySpliterator.forEachRemaining(Spliterators.java:1024)
at java.base/java.util.stream.AbstractPipeline.copyInto(AbstractPipeline.java:509)
at java.base/java.util.stream.AbstractPipeline.wrapAndCopyInto(AbstractPipeline.java:499)
at java.base/java.util.stream.ReduceOps$ReduceOp.evaluateSequential(ReduceOps.java:921)
at java.base/java.util.stream.AbstractPipeline.evaluate(AbstractPipeline.java:234)
at java.base/java.util.stream.ReferencePipeline.collect(ReferencePipeline.java:682)
at org.openqa.selenium.remote.RemoteWebDriver.executeScript(RemoteWebDriver.java:474)
at pages.HomePage.verify(HomePage.java:57)
at pages.HomePage.diastolicBP(HomePage.java:128)
at tests.TestScripts.validateDiastolic(TestScripts.java:61)
at java.base/java.util.ArrayList.forEach(ArrayList.java:1596)
at java.base/java.util.concurrent.FutureTask.run(FutureTask.java:317)
at java.base/java.util.concurrent.ThreadPoolExecutor.runWorker(ThreadPoolExecutor.java:1144)
at java.base/java.util.concurrent.ThreadPoolExecutor$Worker.run(ThreadPoolExecutor.java:642)
at java.base/java.lang.Thread.run(Thread.java:1583)
... Removed 15 stack frames]]>
    </failure>
  </testcase> <!-- validateDiastolic -->
  <testcase classname="tests.TestScripts" name="validateDiastolic" time="1.745">
    <failure type="java.lang.AssertionError" message="101 DiastolicBP needs to fails but pass. expected [false] but found [true]">
      <![CDATA[java.lang.AssertionError: 101 DiastolicBP needs to fails but pass. expected [false] but found [true]
at tests.TestScripts.validateDiastolic(TestScripts.java:62)
at java.base/java.util.ArrayList.forEach(ArrayList.java:1596)
at java.base/java.util.concurrent.FutureTask.run(FutureTask.java:317)
at java.base/java.util.concurrent.ThreadPoolExecutor.runWorker(ThreadPoolExecutor.java:1144)
at java.base/java.util.concurrent.ThreadPoolExecutor$Worker.run(ThreadPoolExecutor.java:642)
at java.base/java.lang.Thread.run(Thread.java:1583)
... Removed 18 stack frames]]>
    </failure>
  </testcase> <!-- validateDiastolic -->
  <testcase classname="tests.TestScripts" name="validateDiastolic" time="1.902">
    <failure type="java.lang.AssertionError" message="150 DiastolicBP needs to fails but pass. expected [false] but found [true]">
      <![CDATA[java.lang.AssertionError: 150 DiastolicBP needs to fails but pass. expected [false] but found [true]
at tests.TestScripts.validateDiastolic(TestScripts.java:62)
at java.base/java.util.ArrayList.forEach(ArrayList.java:1596)
at java.base/java.util.concurrent.FutureTask.run(FutureTask.java:317)
at java.base/java.util.concurrent.ThreadPoolExecutor.runWorker(ThreadPoolExecutor.java:1144)
at java.base/java.util.concurrent.ThreadPoolExecutor$Worker.run(ThreadPoolExecutor.java:642)
at java.base/java.lang.Thread.run(Thread.java:1583)
... Removed 18 stack frames]]>
    </failure>
  </testcase> <!-- validateDiastolic -->
  <testcase classname="tests.TestScripts" name="validateCalculate" time="0.456"/>
  <testcase classname="tests.TestScripts" name="ConsultADoctor" time="10.616">
    <failure type="org.openqa.selenium.NoSuchElementException" message="Cannot locate option with text: 60-80 Bpm
For documentation on this error, please visit: https://www.selenium.dev/documentation/webdriver/troubleshooting/errors#no-such-element-exception
Build info: version: &amp;apos;4.32.0&amp;apos;, revision: &amp;apos;d17c8aa950&amp;apos;
System info: os.name: &amp;apos;Windows 11&amp;apos;, os.arch: &amp;apos;amd64&amp;apos;, os.version: &amp;apos;10.0&amp;apos;, java.version: &amp;apos;21.0.5&amp;apos;
Driver info: driver.version: unknown">
      <![CDATA[org.openqa.selenium.NoSuchElementException: Cannot locate option with text: 60-80 Bpm
For documentation on this error, please visit: https://www.selenium.dev/documentation/webdriver/troubleshooting/errors#no-such-element-exception
Build info: version: '4.32.0', revision: 'd17c8aa950'
System info: os.name: 'Windows 11', os.arch: 'amd64', os.version: '10.0', java.version: '21.0.5'
Driver info: driver.version: unknown
at org.openqa.selenium.support.ui.Select.selectByVisibleText(Select.java:167)
at pages.HomePage.consultDoctor(HomePage.java:195)
at tests.TestScripts.ConsultADoctor(TestScripts.java:74)
at java.base/java.util.ArrayList.forEach(ArrayList.java:1596)
at java.base/java.util.concurrent.FutureTask.run(FutureTask.java:317)
at java.base/java.util.concurrent.ThreadPoolExecutor.runWorker(ThreadPoolExecutor.java:1144)
at java.base/java.util.concurrent.ThreadPoolExecutor$Worker.run(ThreadPoolExecutor.java:642)
at java.base/java.lang.Thread.run(Thread.java:1583)
... Removed 15 stack frames]]>
    </failure>
  </testcase> <!-- ConsultADoctor -->
</testsuite> <!-- Test1 -->
